{"level":"info","message":"Recibiendo 1448 bytes de v1-eucerin-hyaluron.mp4","timestamp":"2015-03-02T21:07:49.728Z"}
{"level":"info","message":"Recibiendo 1448 bytes de v1-eucerin-hyaluron.mp4","timestamp":"2015-03-02T21:07:49.728Z"}
{"level":"info","message":"Recibiendo 1448 bytes de v1-eucerin-hyaluron.mp4","timestamp":"2015-03-02T21:07:49.729Z"}
{"level":"info","message":"Recibiendo 1448 bytes de v1-eucerin-hyaluron.mp4","timestamp":"2015-03-02T21:07:49.730Z"}
{"level":"info","message":"Recibiendo 1448 bytes de v1-eucerin-hyaluron.mp4","timestamp":"2015-03-02T21:07:49.730Z"}
{"level":"info","message":"Recibiendo 2896 bytes de v1-eucerin-hyaluron.mp4","timestamp":"2015-03-02T21:07:49.739Z"}
{"level":"info","message":"Recibiendo 1448 bytes de v1-eucerin-hyaluron.mp4","timestamp":"2015-03-02T21:07:49.740Z"}
{"level":"info","message":"Recibiendo 1448 bytes de v1-eucerin-hyaluron.mp4","timestamp":"2015-03-02T21:07:49.740Z"}
{"level":"info","message":"Recibiendo 1448 bytes de v1-eucerin-hyaluron.mp4","timestamp":"2015-03-02T21:07:49.740Z"}
{"level":"info","message":"Recibiendo 2896 bytes de v1-eucerin-hyaluron.mp4","timestamp":"2015-03-02T21:07:49.741Z"}
{"level":"info","message":"Recibiendo 1448 bytes de v1-eucerin-hyaluron.mp4","timestamp":"2015-03-02T21:07:49.780Z"}
{"level":"info","message":"Recibiendo 2896 bytes de v1-eucerin-hyaluron.mp4","timestamp":"2015-03-02T21:07:49.780Z"}
{"level":"info","message":"Recibiendo 1448 bytes de v1-eucerin-hyaluron.mp4","timestamp":"2015-03-02T21:07:49.831Z"}
{"level":"info","message":"Recibiendo 1448 bytes de v1-eucerin-hyaluron.mp4","timestamp":"2015-03-02T21:07:49.831Z"}
{"level":"info","message":"Recibiendo 1448 bytes de v1-eucerin-hyaluron.mp4","timestamp":"2015-03-02T21:07:49.832Z"}
{"level":"info","message":"Recibiendo 2896 bytes de v1-eucerin-hyaluron.mp4","timestamp":"2015-03-02T21:07:49.832Z"}
{"level":"info","message":"Recibiendo 1448 bytes de v1-eucerin-hyaluron.mp4","timestamp":"2015-03-02T21:07:49.832Z"}
{"level":"info","message":"Recibiendo 1448 bytes de v1-freestile-optium.mp4","timestamp":"2015-03-02T21:07:49.875Z"}
{"level":"info","message":"Recibiendo 2896 bytes de v1-freestile-optium.mp4","timestamp":"2015-03-02T21:07:49.876Z"}
{"level":"info","message":"Recibiendo 1448 bytes de v1-freestile-optium.mp4","timestamp":"2015-03-02T21:07:49.876Z"}
{"level":"info","message":"Recibiendo 1448 bytes de v1-freestile-optium.mp4","timestamp":"2015-03-02T21:07:49.877Z"}
{"level":"info","message":"Recibiendo 1448 bytes de v1-freestile-optium.mp4","timestamp":"2015-03-02T21:07:49.879Z"}
{"level":"info","message":"Recibiendo 1448 bytes de v1-freestile-optium.mp4","timestamp":"2015-03-02T21:07:49.879Z"}
{"level":"info","message":"Recibiendo 1448 bytes de v1-freestile-optium.mp4","timestamp":"2015-03-02T21:07:49.880Z"}
{"level":"info","message":"Recibiendo 1448 bytes de v1-freestile-optium.mp4","timestamp":"2015-03-02T21:07:49.880Z"}
{"level":"info","message":"Recibiendo 1448 bytes de v1-freestile-optium.mp4","timestamp":"2015-03-02T21:07:49.880Z"}
{"level":"info","message":"Recibiendo 1448 bytes de v1-freestile-optium.mp4","timestamp":"2015-03-02T21:07:49.881Z"}
{"level":"info","message":"Recibiendo 1448 bytes de v1-freestile-optium.mp4","timestamp":"2015-03-02T21:07:49.881Z"}
{"level":"info","message":"Recibiendo 47784 bytes de v1-sedal.mp4","timestamp":"2015-03-02T21:07:49.896Z"}
{"level":"info","message":"Recibiendo 1448 bytes de v1-sedal.mp4","timestamp":"2015-03-02T21:07:49.897Z"}
{"level":"info","message":"Recibiendo 1448 bytes de v1-sedal.mp4","timestamp":"2015-03-02T21:07:49.902Z"}
{"level":"info","message":"Recibiendo 1448 bytes de v1-sedal.mp4","timestamp":"2015-03-02T21:07:49.905Z"}
{"level":"info","message":"Recibiendo 1448 bytes de v1-sedal.mp4","timestamp":"2015-03-02T21:07:49.907Z"}
{"level":"info","message":"Recibiendo 62264 bytes de v1-nutriacademia.mp4","timestamp":"2015-03-02T21:07:49.911Z"}
{"level":"info","message":"Recibiendo 1448 bytes de v1-nutriacademia.mp4","timestamp":"2015-03-02T21:07:49.921Z"}
{"level":"info","message":"Recibiendo 1448 bytes de v1-sedal.mp4","timestamp":"2015-03-02T21:07:49.995Z"}
{"level":"info","message":"Recibiendo 1448 bytes de v1-sedal.mp4","timestamp":"2015-03-02T21:07:49.996Z"}
{"level":"info","message":"Recibiendo 1448 bytes de v1-sedal.mp4","timestamp":"2015-03-02T21:07:49.997Z"}
{"level":"info","message":"Recibiendo 2896 bytes de v1-nutriacademia.mp4","timestamp":"2015-03-02T21:07:50.011Z"}
{"level":"info","message":"Recibiendo 7240 bytes de v1-eucerin-hyaluron.mp4","timestamp":"2015-03-02T21:07:50.019Z"}
{"level":"info","message":"Recibiendo 2896 bytes de v1-eucerin-hyaluron.mp4","timestamp":"2015-03-02T21:07:50.030Z"}
{"level":"info","message":"Recibiendo 1448 bytes de v1-eucerin-hyaluron.mp4","timestamp":"2015-03-02T21:07:50.030Z"}
{"level":"info","message":"Recibiendo 1448 bytes de v1-eucerin-hyaluron.mp4","timestamp":"2015-03-02T21:07:50.030Z"}
{"level":"info","message":"Recibiendo 1448 bytes de v1-eucerin-hyaluron.mp4","timestamp":"2015-03-02T21:07:50.031Z"}
{"level":"info","message":"Recibiendo 2896 bytes de v1-nutriacademia.mp4","timestamp":"2015-03-02T21:07:50.038Z"}
{"level":"info","message":"Recibiendo 56472 bytes de v1-pharmaton.mp4","timestamp":"2015-03-02T21:07:50.039Z"}
{"level":"info","message":"Recibiendo 2896 bytes de v1-nutriacademia.mp4","timestamp":"2015-03-02T21:07:50.048Z"}
{"level":"info","message":"Recibiendo 5792 bytes de v1-eucerin-hyaluron.mp4","timestamp":"2015-03-02T21:07:50.049Z"}
{"level":"info","message":"Recibiendo 1448 bytes de v1-eucerin-hyaluron.mp4","timestamp":"2015-03-02T21:07:50.049Z"}
{"level":"info","message":"Recibiendo 2896 bytes de v1-eucerin-hyaluron.mp4","timestamp":"2015-03-02T21:07:50.049Z"}
{"level":"info","message":"Recibiendo 1448 bytes de v1-eucerin-hyaluron.mp4","timestamp":"2015-03-02T21:07:50.053Z"}
{"level":"info","message":"Recibiendo 1448 bytes de v1-eucerin-hyaluron.mp4","timestamp":"2015-03-02T21:07:50.053Z"}
{"level":"info","message":"Recibiendo 1448 bytes de v1-eucerin-hyaluron.mp4","timestamp":"2015-03-02T21:07:50.053Z"}
{"level":"info","message":"Recibiendo 1448 bytes de v1-eucerin-hyaluron.mp4","timestamp":"2015-03-02T21:07:50.054Z"}
{"level":"info","message":"Recibiendo 1448 bytes de v1-sedal.mp4","timestamp":"2015-03-02T21:07:50.079Z"}
{"level":"info","message":"Recibiendo 1448 bytes de v1-sedal.mp4","timestamp":"2015-03-02T21:07:50.080Z"}
{"level":"info","message":"Recibiendo 1448 bytes de v1-pharmaton.mp4","timestamp":"2015-03-02T21:07:50.080Z"}
{"level":"info","message":"Recibiendo 1448 bytes de v1-pharmaton.mp4","timestamp":"2015-03-02T21:07:50.085Z"}
{"level":"info","message":"Recibiendo 1448 bytes de v1-sedal.mp4","timestamp":"2015-03-02T21:07:50.086Z"}
{"level":"info","message":"Recibiendo 1448 bytes de v1-sedal.mp4","timestamp":"2015-03-02T21:07:50.088Z"}
{"level":"info","message":"Recibiendo 1448 bytes de v1-sedal.mp4","timestamp":"2015-03-02T21:07:50.090Z"}
{"level":"info","message":"Recibiendo 1448 bytes de v1-sedal.mp4","timestamp":"2015-03-02T21:07:50.092Z"}
{"level":"info","message":"Recibiendo 1448 bytes de v1-sedal.mp4","timestamp":"2015-03-02T21:07:50.094Z"}
{"level":"info","message":"Recibiendo 1448 bytes de v1-sedal.mp4","timestamp":"2015-03-02T21:07:50.094Z"}
{"level":"info","message":"Recibiendo 1448 bytes de v1-sedal.mp4","timestamp":"2015-03-02T21:07:50.095Z"}
{"level":"info","message":"Recibiendo 1448 bytes de v1-sedal.mp4","timestamp":"2015-03-02T21:07:50.095Z"}
{"level":"info","message":"Recibiendo 1448 bytes de v1-sedal.mp4","timestamp":"2015-03-02T21:07:50.095Z"}
{"level":"info","message":"Recibiendo 1448 bytes de v1-eucerin-hyaluron.mp4","timestamp":"2015-03-02T21:07:50.097Z"}
{"level":"info","message":"Recibiendo 1448 bytes de v1-eucerin-hyaluron.mp4","timestamp":"2015-03-02T21:07:50.098Z"}
{"level":"info","message":"Recibiendo 1448 bytes de v1-eucerin-hyaluron.mp4","timestamp":"2015-03-02T21:07:50.098Z"}
{"level":"info","message":"Recibiendo 1448 bytes de v1-pharmaton.mp4","timestamp":"2015-03-02T21:07:50.098Z"}
{"level":"info","message":"Recibiendo 1448 bytes de v1-eucerin-hyaluron.mp4","timestamp":"2015-03-02T21:07:50.100Z"}
{"level":"info","message":"Recibiendo 1448 bytes de v1-eucerin-hyaluron.mp4","timestamp":"2015-03-02T21:07:50.100Z"}
{"level":"info","message":"Recibiendo 1448 bytes de v1-eucerin-hyaluron.mp4","timestamp":"2015-03-02T21:07:50.101Z"}
{"level":"info","message":"Recibiendo 1448 bytes de v1-eucerin-hyaluron.mp4","timestamp":"2015-03-02T21:07:50.101Z"}
{"level":"info","message":"Recibiendo 1448 bytes de v1-eucerin-hyaluron.mp4","timestamp":"2015-03-02T21:07:50.102Z"}
{"level":"info","message":"Recibiendo 1448 bytes de v1-pharmaton.mp4","timestamp":"2015-03-02T21:07:50.105Z"}
{"level":"info","message":"Recibiendo 1448 bytes de v1-nutriacademia.mp4","timestamp":"2015-03-02T21:07:50.109Z"}
{"level":"info","message":"Recibiendo 1448 bytes de v1-nutriacademia.mp4","timestamp":"2015-03-02T21:07:50.109Z"}
{"level":"info","message":"Recibiendo 1448 bytes de v1-nutriacademia.mp4","timestamp":"2015-03-02T21:07:50.112Z"}
{"level":"info","message":"Recibiendo 1448 bytes de v1-nutriacademia.mp4","timestamp":"2015-03-02T21:07:50.134Z"}
{"level":"info","message":"Recibiendo 1448 bytes de v1-pharmaton.mp4","timestamp":"2015-03-02T21:07:50.135Z"}
{"level":"info","message":"Recibiendo 1448 bytes de v1-pharmaton.mp4","timestamp":"2015-03-02T21:07:50.139Z"}
{"level":"info","message":"Recibiendo 1448 bytes de v1-pharmaton.mp4","timestamp":"2015-03-02T21:07:50.139Z"}
{"level":"info","message":"Recibiendo 1448 bytes de v1-pharmaton.mp4","timestamp":"2015-03-02T21:07:50.142Z"}
{"level":"info","message":"Recibiendo 1448 bytes de v1-pharmaton.mp4","timestamp":"2015-03-02T21:07:50.143Z"}
{"level":"info","message":"Recibiendo 1448 bytes de v1-pharmaton.mp4","timestamp":"2015-03-02T21:07:50.149Z"}
{"level":"info","message":"Recibiendo 1448 bytes de v1-pharmaton.mp4","timestamp":"2015-03-02T21:07:50.197Z"}
{"level":"info","message":"Recibiendo 1448 bytes de v1-pharmaton.mp4","timestamp":"2015-03-02T21:07:50.198Z"}
{"level":"info","message":"Recibiendo 4344 bytes de v1-pharmaton.mp4","timestamp":"2015-03-02T21:07:50.201Z"}
{"level":"info","message":"Recibiendo 1448 bytes de v1-freestile-optium.mp4","timestamp":"2015-03-02T21:07:50.204Z"}
