{"level":"info","message":"./server/videos/v1-nutricia-vital-aire.mp4 ya existe.","timestamp":"2015-03-02T21:15:40.582Z"}
{"level":"info","message":"./server/videos/v1-aseptobron.mp4 ya existe.","timestamp":"2015-03-02T21:15:40.594Z"}
{"level":"info","message":"./server/videos/v1-pervinox.mp4 ya existe.","timestamp":"2015-03-02T21:15:40.624Z"}
{"level":"info","message":"./server/videos/v1-aerotina.mp4 ya existe.","timestamp":"2015-03-02T21:15:40.637Z"}
{"level":"info","message":"./server/videos/v1-bh1.mp4 ya existe.","timestamp":"2015-03-02T21:15:40.647Z"}
{"level":"info","message":"Pauta logueada","timestamp":"2015-03-02T21:15:42.889Z"}
{"level":"info","message":"Pauta logueada","timestamp":"2015-03-02T21:16:08.569Z"}
{"level":"info","message":"./server/videos/v1-bh2.mp4 ya existe.","timestamp":"2015-03-02T21:16:45.643Z"}
{"level":"info","message":"./server/videos/v1-bh3.mp4 ya existe.","timestamp":"2015-03-02T21:16:45.667Z"}
{"level":"info","message":"./server/videos/v1-bucaltac.mp4 ya existe.","timestamp":"2015-03-02T21:16:45.706Z"}
{"level":"info","message":"./server/videos/v1-celludestock.mp4 ya existe.","timestamp":"2015-03-02T21:16:45.716Z"}
{"level":"info","message":"./server/videos/v1-centrum 2.mp4 ya existe.","timestamp":"2015-03-02T21:16:45.732Z"}
{"level":"info","message":"Pauta logueada","timestamp":"2015-03-02T21:17:11.661Z"}
{"level":"info","message":"Iniciando el modulo de pautas...","timestamp":"2015-03-02T21:55:11.554Z"}
{"level":"info","message":"Conectando a base dedatos...: ","timestamp":"2015-03-02T21:55:11.561Z"}
{"level":"info","message":"Esperando mensajes en: /home/juli/Zetti/zTurnosServerWorkspace/xml-endpoint/input/","timestamp":"2015-03-02T21:55:11.642Z"}
{"level":"info","message":"Escribiendo salida en: /home/juli/Zetti/zTurnosServerWorkspace/xml-endpoint/output/","timestamp":"2015-03-02T21:55:11.642Z"}
{"level":"info","message":"****************** INFO *****************","timestamp":"2015-03-02T21:55:11.816Z"}
{"level":"info","message":"NODO: 1962502","timestamp":"2015-03-02T21:55:11.816Z"}
{"level":"info","message":"idAdministrador: 2003840","timestamp":"2015-03-02T21:55:11.816Z"}
{"level":"info","message":"id sponsor oficial del administrador: 2003842","timestamp":"2015-03-02T21:55:11.816Z"}
{"level":"info","message":"Sponsors Oficiales Encontrados: 2","timestamp":"2015-03-02T21:55:11.816Z"}
{"level":"info","message":"Pautas: 0","timestamp":"2015-03-02T21:55:11.817Z"}
{"level":"info","message":"Muletos Administrador: 22","timestamp":"2015-03-02T21:55:11.817Z"}
{"level":"info","message":"Muletos por Main Sponsor: 0","timestamp":"2015-03-02T21:55:11.817Z"}
{"level":"info","message":"Muletos por Main Sponsor Propios: 1","timestamp":"2015-03-02T21:55:11.817Z"}
{"level":"info","message":"****************** FIN INFO *****************","timestamp":"2015-03-02T21:55:11.817Z"}
{"level":"info","message":"averiguarNodoFn - OK","timestamp":"2015-03-02T21:55:11.817Z"}
{"level":"info","message":"getTiemposSponsorFn - OK","timestamp":"2015-03-02T21:55:11.818Z"}
{"level":"info","message":"No se encontron pautas por grupo","timestamp":"2015-03-02T21:55:11.818Z"}
{"level":"info","message":"getAdministradorIdFn - OK","timestamp":"2015-03-02T21:55:11.818Z"}
{"level":"info","message":"getSponsorsDeMainSponsorsFn - OK","timestamp":"2015-03-02T21:55:11.818Z"}
{"level":"info","message":"getSponsorsDeAdministradorFn - OK","timestamp":"2015-03-02T21:55:11.818Z"}
{"level":"info","message":"getPautasMuletoAdministradorFn - OK","timestamp":"2015-03-02T21:55:11.818Z"}
{"level":"info","message":"getPautasMuleto - OK","timestamp":"2015-03-02T21:55:11.818Z"}
{"level":"info","message":"Pautas a descargar: 22","timestamp":"2015-03-02T21:55:11.819Z"}
{"level":"info","message":"Iniciando el modulo de pautas...","timestamp":"2015-03-02T21:55:43.391Z"}
{"level":"info","message":"Conectando a base dedatos...: ","timestamp":"2015-03-02T21:55:43.399Z"}
{"level":"info","message":"Esperando mensajes en: /home/juli/Zetti/zTurnosServerWorkspace/xml-endpoint/input/","timestamp":"2015-03-02T21:55:43.484Z"}
{"level":"info","message":"Escribiendo salida en: /home/juli/Zetti/zTurnosServerWorkspace/xml-endpoint/output/","timestamp":"2015-03-02T21:55:43.485Z"}
{"level":"info","message":"Iniciando el modulo de pautas...","timestamp":"2015-03-02T21:56:39.412Z"}
{"level":"info","message":"Conectando a base dedatos...: ","timestamp":"2015-03-02T21:56:39.422Z"}
{"level":"info","message":"Esperando mensajes en: /home/juli/Zetti/zTurnosServerWorkspace/xml-endpoint/input/","timestamp":"2015-03-02T21:56:39.503Z"}
{"level":"info","message":"Escribiendo salida en: /home/juli/Zetti/zTurnosServerWorkspace/xml-endpoint/output/","timestamp":"2015-03-02T21:56:39.503Z"}
{"level":"info","message":"****************** INFO *****************","timestamp":"2015-03-02T21:56:39.662Z"}
{"level":"info","message":"NODO: 1962502","timestamp":"2015-03-02T21:56:39.662Z"}
{"level":"info","message":"idAdministrador: 2003840","timestamp":"2015-03-02T21:56:39.662Z"}
{"level":"info","message":"id sponsor oficial del administrador: 2003842","timestamp":"2015-03-02T21:56:39.662Z"}
{"level":"info","message":"Sponsors Oficiales Encontrados: 2","timestamp":"2015-03-02T21:56:39.663Z"}
{"level":"info","message":"Pautas: 0","timestamp":"2015-03-02T21:56:39.663Z"}
{"level":"info","message":"Muletos Administrador: 22","timestamp":"2015-03-02T21:56:39.663Z"}
{"level":"info","message":"Muletos por Main Sponsor: 0","timestamp":"2015-03-02T21:56:39.663Z"}
{"level":"info","message":"Muletos por Main Sponsor Propios: 1","timestamp":"2015-03-02T21:56:39.663Z"}
{"level":"info","message":"****************** FIN INFO *****************","timestamp":"2015-03-02T21:56:39.663Z"}
{"level":"info","message":"averiguarNodoFn - OK","timestamp":"2015-03-02T21:56:39.663Z"}
{"level":"info","message":"getTiemposSponsorFn - OK","timestamp":"2015-03-02T21:56:39.664Z"}
{"level":"info","message":"No se encontron pautas por grupo","timestamp":"2015-03-02T21:56:39.664Z"}
{"level":"info","message":"getAdministradorIdFn - OK","timestamp":"2015-03-02T21:56:39.664Z"}
{"level":"info","message":"getSponsorsDeMainSponsorsFn - OK","timestamp":"2015-03-02T21:56:39.664Z"}
{"level":"info","message":"getSponsorsDeAdministradorFn - OK","timestamp":"2015-03-02T21:56:39.664Z"}
{"level":"info","message":"getPautasMuletoAdministradorFn - OK","timestamp":"2015-03-02T21:56:39.664Z"}
{"level":"info","message":"getPautasMuleto - OK","timestamp":"2015-03-02T21:56:39.664Z"}
{"level":"info","message":"Pautas a descargar: 22","timestamp":"2015-03-02T21:56:39.665Z"}
{"level":"info","message":"./server/videos/v1-nutricia-vital-aire.mp4 ya existe.","timestamp":"2015-03-02T21:56:39.679Z"}
{"level":"info","message":"./server/videos/v1-aseptobron.mp4 ya existe.","timestamp":"2015-03-02T21:56:39.695Z"}
{"level":"info","message":"Iniciando el modulo de pautas...","timestamp":"2015-03-02T21:59:31.322Z"}
{"level":"info","message":"Conectando a base dedatos...: ","timestamp":"2015-03-02T21:59:31.330Z"}
{"level":"info","message":"Esperando mensajes en: /home/juli/Zetti/zTurnosServerWorkspace/xml-endpoint/input/","timestamp":"2015-03-02T21:59:31.406Z"}
{"level":"info","message":"Escribiendo salida en: /home/juli/Zetti/zTurnosServerWorkspace/xml-endpoint/output/","timestamp":"2015-03-02T21:59:31.407Z"}
{"level":"info","message":"****************** INFO *****************","timestamp":"2015-03-02T21:59:31.851Z"}
{"level":"info","message":"NODO: 1962502","timestamp":"2015-03-02T21:59:31.851Z"}
{"level":"info","message":"idAdministrador: 2003840","timestamp":"2015-03-02T21:59:31.852Z"}
{"level":"info","message":"id sponsor oficial del administrador: 2003842","timestamp":"2015-03-02T21:59:31.852Z"}
{"level":"info","message":"Sponsors Oficiales Encontrados: 2","timestamp":"2015-03-02T21:59:31.852Z"}
{"level":"info","message":"Pautas: 0","timestamp":"2015-03-02T21:59:31.852Z"}
{"level":"info","message":"Muletos Administrador: 22","timestamp":"2015-03-02T21:59:31.853Z"}
{"level":"info","message":"Muletos por Main Sponsor: 0","timestamp":"2015-03-02T21:59:31.853Z"}
{"level":"info","message":"Muletos por Main Sponsor Propios: 1","timestamp":"2015-03-02T21:59:31.853Z"}
{"level":"info","message":"****************** FIN INFO *****************","timestamp":"2015-03-02T21:59:31.853Z"}
{"level":"info","message":"averiguarNodoFn - OK","timestamp":"2015-03-02T21:59:31.854Z"}
{"level":"info","message":"getTiemposSponsorFn - OK","timestamp":"2015-03-02T21:59:31.854Z"}
{"level":"info","message":"No se encontron pautas por grupo","timestamp":"2015-03-02T21:59:31.854Z"}
{"level":"info","message":"getAdministradorIdFn - OK","timestamp":"2015-03-02T21:59:31.855Z"}
{"level":"info","message":"getSponsorsDeMainSponsorsFn - OK","timestamp":"2015-03-02T21:59:31.855Z"}
{"level":"info","message":"getSponsorsDeAdministradorFn - OK","timestamp":"2015-03-02T21:59:31.855Z"}
{"level":"info","message":"getPautasMuletoAdministradorFn - OK","timestamp":"2015-03-02T21:59:31.855Z"}
{"level":"info","message":"getPautasMuleto - OK","timestamp":"2015-03-02T21:59:31.855Z"}
{"level":"info","message":"Pautas a descargar: 22","timestamp":"2015-03-02T21:59:31.857Z"}
{"level":"info","message":"./server/videos/v1-nutricia-vital-aire.mp4 ya existe.","timestamp":"2015-03-02T21:59:31.972Z"}
{"level":"info","message":"./server/videos/v1-aseptobron.mp4 ya existe.","timestamp":"2015-03-02T21:59:31.996Z"}
{"level":"info","message":"./server/videos/v1-pervinox.mp4 ya existe.","timestamp":"2015-03-02T21:59:32.009Z"}
{"level":"info","message":"./server/videos/v1-aerotina.mp4 ya existe.","timestamp":"2015-03-02T21:59:32.023Z"}
{"level":"info","message":"./server/videos/v1-bh1.mp4 ya existe.","timestamp":"2015-03-02T21:59:32.043Z"}
