{"level":"info","message":"Recibiendo 5792 bytes de v1-centrum 2.mp4","timestamp":"2015-03-02T21:06:35.146Z"}
{"level":"info","message":"Recibiendo 5792 bytes de v1-lucerna.mp4","timestamp":"2015-03-02T21:06:35.146Z"}
{"level":"info","message":"Recibiendo 1448 bytes de v1-lucerna.mp4","timestamp":"2015-03-02T21:06:35.154Z"}
{"level":"info","message":"Recibiendo 2896 bytes de v1-lucerna.mp4","timestamp":"2015-03-02T21:06:35.155Z"}
{"level":"info","message":"Recibiendo 1448 bytes de v1-lucerna.mp4","timestamp":"2015-03-02T21:06:35.155Z"}
{"level":"info","message":"Recibiendo 1448 bytes de v1-eucerin.mp4","timestamp":"2015-03-02T21:06:35.156Z"}
{"level":"info","message":"Recibiendo 1448 bytes de v1-eucerin.mp4","timestamp":"2015-03-02T21:06:35.156Z"}
{"level":"info","message":"Recibiendo 1448 bytes de v1-eucerin.mp4","timestamp":"2015-03-02T21:06:35.156Z"}
{"level":"info","message":"Recibiendo 1448 bytes de v1-eucerin.mp4","timestamp":"2015-03-02T21:06:35.158Z"}
{"level":"info","message":"Recibiendo 2896 bytes de v1-eucerin.mp4","timestamp":"2015-03-02T21:06:35.159Z"}
{"level":"info","message":"Recibiendo 1448 bytes de v1-eucerin.mp4","timestamp":"2015-03-02T21:06:35.159Z"}
{"level":"info","message":"Recibiendo 1448 bytes de v1-eucerin.mp4","timestamp":"2015-03-02T21:06:35.159Z"}
{"level":"info","message":"Recibiendo 1448 bytes de v1-gador.mp4","timestamp":"2015-03-02T21:06:35.160Z"}
{"level":"info","message":"Recibiendo 2896 bytes de v1-gador.mp4","timestamp":"2015-03-02T21:06:35.161Z"}
{"level":"info","message":"Recibiendo 1448 bytes de v1-gador.mp4","timestamp":"2015-03-02T21:06:35.161Z"}
{"level":"info","message":"Recibiendo 1448 bytes de v1-gador.mp4","timestamp":"2015-03-02T21:06:35.176Z"}
{"level":"info","message":"Recibiendo 2896 bytes de v1-lucerna.mp4","timestamp":"2015-03-02T21:06:35.176Z"}
{"level":"info","message":"Recibiendo 1448 bytes de v1-lucerna.mp4","timestamp":"2015-03-02T21:06:35.176Z"}
{"level":"info","message":"Recibiendo 1448 bytes de v1-gador.mp4","timestamp":"2015-03-02T21:06:35.177Z"}
{"level":"info","message":"Recibiendo 1448 bytes de v1-gador.mp4","timestamp":"2015-03-02T21:06:35.177Z"}
{"level":"info","message":"Recibiendo 2896 bytes de v1-gador.mp4","timestamp":"2015-03-02T21:06:35.178Z"}
{"level":"info","message":"Recibiendo 1448 bytes de v1-donar.mp4","timestamp":"2015-03-02T21:06:35.180Z"}
{"level":"info","message":"Recibiendo 1448 bytes de v1-donar.mp4","timestamp":"2015-03-02T21:06:35.181Z"}
{"level":"info","message":"Recibiendo 1448 bytes de v1-donar.mp4","timestamp":"2015-03-02T21:06:35.181Z"}
{"level":"info","message":"Recibiendo 2896 bytes de v1-donar.mp4","timestamp":"2015-03-02T21:06:35.181Z"}
{"level":"info","message":"Recibiendo 1448 bytes de v1-donar.mp4","timestamp":"2015-03-02T21:06:35.182Z"}
{"level":"info","message":"Recibiendo 1448 bytes de v1-donar.mp4","timestamp":"2015-03-02T21:06:35.182Z"}
{"level":"info","message":"Recibiendo 1448 bytes de v1-eucerin.mp4","timestamp":"2015-03-02T21:06:35.189Z"}
{"level":"info","message":"Recibiendo 2896 bytes de v1-eucerin.mp4","timestamp":"2015-03-02T21:06:35.189Z"}
{"level":"info","message":"Recibiendo 1448 bytes de v1-eucerin.mp4","timestamp":"2015-03-02T21:06:35.189Z"}
{"level":"info","message":"Recibiendo 1448 bytes de v1-centrum 2.mp4","timestamp":"2015-03-02T21:06:35.193Z"}
{"level":"info","message":"Recibiendo 2896 bytes de v1-centrum 2.mp4","timestamp":"2015-03-02T21:06:35.194Z"}
{"level":"info","message":"Recibiendo 5792 bytes de v1-centrum 2.mp4","timestamp":"2015-03-02T21:06:35.206Z"}
{"level":"info","message":"Recibiendo 4344 bytes de v1-lucerna.mp4","timestamp":"2015-03-02T21:06:35.207Z"}
{"level":"info","message":"Recibiendo 1448 bytes de v1-lucerna.mp4","timestamp":"2015-03-02T21:06:35.210Z"}
{"level":"info","message":"Recibiendo 1448 bytes de v1-lucerna.mp4","timestamp":"2015-03-02T21:06:35.211Z"}
{"level":"info","message":"Recibiendo 1448 bytes de v1-lucerna.mp4","timestamp":"2015-03-02T21:06:35.211Z"}
{"level":"info","message":"Recibiendo 1448 bytes de v1-lucerna.mp4","timestamp":"2015-03-02T21:06:35.211Z"}
{"level":"info","message":"Recibiendo 1448 bytes de v1-lucerna.mp4","timestamp":"2015-03-02T21:06:35.212Z"}
{"level":"info","message":"Recibiendo 1448 bytes de v1-gador.mp4","timestamp":"2015-03-02T21:06:35.227Z"}
{"level":"info","message":"Recibiendo 1448 bytes de v1-gador.mp4","timestamp":"2015-03-02T21:06:35.227Z"}
{"level":"info","message":"Recibiendo 1448 bytes de v1-gador.mp4","timestamp":"2015-03-02T21:06:35.227Z"}
{"level":"info","message":"Recibiendo 1448 bytes de v1-gador.mp4","timestamp":"2015-03-02T21:06:35.228Z"}
{"level":"info","message":"Recibiendo 2896 bytes de v1-gador.mp4","timestamp":"2015-03-02T21:06:35.237Z"}
{"level":"info","message":"Recibiendo 1448 bytes de v1-gador.mp4","timestamp":"2015-03-02T21:06:35.244Z"}
{"level":"info","message":"Recibiendo 1448 bytes de v1-gador.mp4","timestamp":"2015-03-02T21:06:35.259Z"}
{"level":"info","message":"Recibiendo 1448 bytes de v1-donar.mp4","timestamp":"2015-03-02T21:06:35.260Z"}
{"level":"info","message":"Recibiendo 1448 bytes de v1-donar.mp4","timestamp":"2015-03-02T21:06:35.260Z"}
{"level":"info","message":"Recibiendo 4344 bytes de v1-donar.mp4","timestamp":"2015-03-02T21:06:35.262Z"}
{"level":"info","message":"Recibiendo 4344 bytes de v1-donar.mp4","timestamp":"2015-03-02T21:06:35.264Z"}
{"level":"info","message":"Recibiendo 1448 bytes de v1-centrum 2.mp4","timestamp":"2015-03-02T21:06:35.276Z"}
{"level":"info","message":"Recibiendo 5792 bytes de v1-centrum 2.mp4","timestamp":"2015-03-02T21:06:35.281Z"}
{"level":"info","message":"Recibiendo 2896 bytes de v1-centrum 2.mp4","timestamp":"2015-03-02T21:06:35.282Z"}
{"level":"info","message":"Recibiendo 1448 bytes de v1-lucerna.mp4","timestamp":"2015-03-02T21:06:35.282Z"}
{"level":"info","message":"Recibiendo 1448 bytes de v1-lucerna.mp4","timestamp":"2015-03-02T21:06:35.282Z"}
{"level":"info","message":"Recibiendo 8688 bytes de v1-lucerna.mp4","timestamp":"2015-03-02T21:06:35.286Z"}
{"level":"info","message":"Recibiendo 1448 bytes de v1-gador.mp4","timestamp":"2015-03-02T21:06:35.296Z"}
{"level":"info","message":"Recibiendo 1448 bytes de v1-gador.mp4","timestamp":"2015-03-02T21:06:35.296Z"}
{"level":"info","message":"Recibiendo 1448 bytes de v1-gador.mp4","timestamp":"2015-03-02T21:06:35.297Z"}
{"level":"info","message":"Recibiendo 20272 bytes de v1-eucerin.mp4","timestamp":"2015-03-02T21:06:35.308Z"}
{"level":"info","message":"Recibiendo 1448 bytes de v1-eucerin.mp4","timestamp":"2015-03-02T21:06:35.308Z"}
{"level":"info","message":"Recibiendo 1448 bytes de v1-eucerin.mp4","timestamp":"2015-03-02T21:06:35.329Z"}
{"level":"info","message":"Recibiendo 2896 bytes de v1-gador.mp4","timestamp":"2015-03-02T21:06:35.329Z"}
{"level":"info","message":"Recibiendo 1448 bytes de v1-gador.mp4","timestamp":"2015-03-02T21:06:35.330Z"}
{"level":"info","message":"Recibiendo 1448 bytes de v1-gador.mp4","timestamp":"2015-03-02T21:06:35.330Z"}
{"level":"info","message":"Recibiendo 1414 bytes de v1-centrum 2.mp4","timestamp":"2015-03-02T21:06:35.331Z"}
{"level":"info","message":"v1-centrum 2.mp4 descargado en ./server/videos/","timestamp":"2015-03-02T21:06:35.331Z"}
{"level":"info","message":"Recibiendo 2896 bytes de v1-lucerna.mp4","timestamp":"2015-03-02T21:06:35.331Z"}
{"level":"info","message":"Recibiendo 1448 bytes de v1-lucerna.mp4","timestamp":"2015-03-02T21:06:35.346Z"}
{"level":"info","message":"Recibiendo 1448 bytes de v1-gador.mp4","timestamp":"2015-03-02T21:06:35.385Z"}
{"level":"info","message":"Recibiendo 2896 bytes de v1-gador.mp4","timestamp":"2015-03-02T21:06:35.386Z"}
{"level":"info","message":"Recibiendo 1448 bytes de v1-gador.mp4","timestamp":"2015-03-02T21:06:35.386Z"}
{"level":"info","message":"Recibiendo 1448 bytes de v1-donar.mp4","timestamp":"2015-03-02T21:06:35.386Z"}
{"level":"info","message":"Recibiendo 1448 bytes de v1-donar.mp4","timestamp":"2015-03-02T21:06:35.387Z"}
{"level":"info","message":"Recibiendo 1448 bytes de v1-donar.mp4","timestamp":"2015-03-02T21:06:35.387Z"}
{"level":"info","message":"Recibiendo 1448 bytes de v1-donar.mp4","timestamp":"2015-03-02T21:06:35.388Z"}
{"level":"info","message":"Recibiendo 4344 bytes de v1-donar.mp4","timestamp":"2015-03-02T21:06:35.388Z"}
{"level":"info","message":"Recibiendo 1448 bytes de v1-donar.mp4","timestamp":"2015-03-02T21:06:35.389Z"}
{"level":"info","message":"Recibiendo 1448 bytes de v1-eucerin.mp4","timestamp":"2015-03-02T21:06:35.415Z"}
{"level":"info","message":"Recibiendo 1448 bytes de v1-eucerin.mp4","timestamp":"2015-03-02T21:06:35.415Z"}
{"level":"info","message":"Recibiendo 1448 bytes de v1-eucerin.mp4","timestamp":"2015-03-02T21:06:35.466Z"}
{"level":"info","message":"Recibiendo 2896 bytes de v1-lucerna.mp4","timestamp":"2015-03-02T21:06:35.466Z"}
{"level":"info","message":"Recibiendo 1448 bytes de v1-lucerna.mp4","timestamp":"2015-03-02T21:06:35.469Z"}
{"level":"info","message":"Recibiendo 1448 bytes de v1-lucerna.mp4","timestamp":"2015-03-02T21:06:35.485Z"}
{"level":"info","message":"Recibiendo 2896 bytes de v1-lucerna.mp4","timestamp":"2015-03-02T21:06:35.485Z"}
{"level":"info","message":"Recibiendo 1448 bytes de v1-lucerna.mp4","timestamp":"2015-03-02T21:06:35.485Z"}
{"level":"info","message":"Recibiendo 1448 bytes de v1-lucerna.mp4","timestamp":"2015-03-02T21:06:35.486Z"}
{"level":"info","message":"Recibiendo 2896 bytes de v1-eucerin.mp4","timestamp":"2015-03-02T21:06:35.494Z"}
{"level":"info","message":"Recibiendo 1448 bytes de v1-eucerin.mp4","timestamp":"2015-03-02T21:06:35.506Z"}
{"level":"info","message":"Recibiendo 2896 bytes de v1-eucerin.mp4","timestamp":"2015-03-02T21:06:35.507Z"}
{"level":"info","message":"Recibiendo 1448 bytes de v1-eucerin.mp4","timestamp":"2015-03-02T21:06:35.515Z"}
{"level":"info","message":"Recibiendo 1448 bytes de v1-gador.mp4","timestamp":"2015-03-02T21:06:35.527Z"}
{"level":"info","message":"Recibiendo 1448 bytes de v1-gador.mp4","timestamp":"2015-03-02T21:06:35.536Z"}
{"level":"info","message":"Recibiendo 1448 bytes de v1-gador.mp4","timestamp":"2015-03-02T21:06:35.542Z"}
{"level":"info","message":"Recibiendo 1448 bytes de v1-gador.mp4","timestamp":"2015-03-02T21:06:35.542Z"}
{"level":"info","message":"Recibiendo 1448 bytes de v1-gador.mp4","timestamp":"2015-03-02T21:06:35.550Z"}
