{"level":"info","message":"Recibiendo 2896 bytes de v1-donar.mp4","timestamp":"2015-03-02T21:06:18.701Z"}
{"level":"info","message":"Recibiendo 1448 bytes de v1-donar.mp4","timestamp":"2015-03-02T21:06:18.702Z"}
{"level":"info","message":"Recibiendo 1448 bytes de v1-donar.mp4","timestamp":"2015-03-02T21:06:18.716Z"}
{"level":"info","message":"Recibiendo 2896 bytes de v1-donar.mp4","timestamp":"2015-03-02T21:06:18.716Z"}
{"level":"info","message":"Recibiendo 1448 bytes de v1-dentifix.mp4","timestamp":"2015-03-02T21:06:18.717Z"}
{"level":"info","message":"Recibiendo 1448 bytes de v1-dentifix.mp4","timestamp":"2015-03-02T21:06:18.717Z"}
{"level":"info","message":"Recibiendo 1448 bytes de v1-donar.mp4","timestamp":"2015-03-02T21:06:18.718Z"}
{"level":"info","message":"Recibiendo 1448 bytes de v1-donar.mp4","timestamp":"2015-03-02T21:06:18.718Z"}
{"level":"info","message":"Recibiendo 1448 bytes de v1-donar.mp4","timestamp":"2015-03-02T21:06:18.718Z"}
{"level":"info","message":"Recibiendo 1448 bytes de v1-donar.mp4","timestamp":"2015-03-02T21:06:18.777Z"}
{"level":"info","message":"Recibiendo 2896 bytes de v1-dentifix.mp4","timestamp":"2015-03-02T21:06:18.777Z"}
{"level":"info","message":"Recibiendo 1448 bytes de v1-centrum 2.mp4","timestamp":"2015-03-02T21:06:18.778Z"}
{"level":"info","message":"Recibiendo 1448 bytes de v1-centrum 2.mp4","timestamp":"2015-03-02T21:06:18.783Z"}
{"level":"info","message":"Recibiendo 1448 bytes de v1-lucerna.mp4","timestamp":"2015-03-02T21:06:18.784Z"}
{"level":"info","message":"Recibiendo 1448 bytes de v1-eucerin.mp4","timestamp":"2015-03-02T21:06:18.785Z"}
{"level":"info","message":"Recibiendo 1448 bytes de v1-eucerin.mp4","timestamp":"2015-03-02T21:06:18.785Z"}
{"level":"info","message":"Recibiendo 1448 bytes de v1-eucerin.mp4","timestamp":"2015-03-02T21:06:18.796Z"}
{"level":"info","message":"Recibiendo 1448 bytes de v1-eucerin.mp4","timestamp":"2015-03-02T21:06:18.796Z"}
{"level":"info","message":"Recibiendo 2896 bytes de v1-eucerin.mp4","timestamp":"2015-03-02T21:06:18.797Z"}
{"level":"info","message":"Recibiendo 1448 bytes de v1-eucerin.mp4","timestamp":"2015-03-02T21:06:18.797Z"}
{"level":"info","message":"Recibiendo 1448 bytes de v1-eucerin.mp4","timestamp":"2015-03-02T21:06:18.800Z"}
{"level":"info","message":"Recibiendo 1448 bytes de v1-lucerna.mp4","timestamp":"2015-03-02T21:06:18.800Z"}
{"level":"info","message":"Recibiendo 1448 bytes de v1-lucerna.mp4","timestamp":"2015-03-02T21:06:18.801Z"}
{"level":"info","message":"Recibiendo 1448 bytes de v1-lucerna.mp4","timestamp":"2015-03-02T21:06:18.801Z"}
{"level":"info","message":"Recibiendo 1448 bytes de v1-lucerna.mp4","timestamp":"2015-03-02T21:06:18.802Z"}
{"level":"info","message":"Recibiendo 1448 bytes de v1-lucerna.mp4","timestamp":"2015-03-02T21:06:18.805Z"}
{"level":"info","message":"Recibiendo 1448 bytes de v1-lucerna.mp4","timestamp":"2015-03-02T21:06:18.805Z"}
{"level":"info","message":"Recibiendo 1448 bytes de v1-donar.mp4","timestamp":"2015-03-02T21:06:18.805Z"}
{"level":"info","message":"Recibiendo 1448 bytes de v1-donar.mp4","timestamp":"2015-03-02T21:06:18.836Z"}
{"level":"info","message":"Recibiendo 1448 bytes de v1-donar.mp4","timestamp":"2015-03-02T21:06:18.836Z"}
{"level":"info","message":"Recibiendo 2896 bytes de v1-centrum 2.mp4","timestamp":"2015-03-02T21:06:18.837Z"}
{"level":"info","message":"Recibiendo 1448 bytes de v1-donar.mp4","timestamp":"2015-03-02T21:06:18.837Z"}
{"level":"info","message":"Recibiendo 2896 bytes de v1-centrum 2.mp4","timestamp":"2015-03-02T21:06:18.838Z"}
{"level":"info","message":"Recibiendo 1448 bytes de v1-donar.mp4","timestamp":"2015-03-02T21:06:18.838Z"}
{"level":"info","message":"Recibiendo 1448 bytes de v1-donar.mp4","timestamp":"2015-03-02T21:06:18.842Z"}
{"level":"info","message":"Recibiendo 1448 bytes de v1-donar.mp4","timestamp":"2015-03-02T21:06:18.843Z"}
{"level":"info","message":"Recibiendo 1448 bytes de v1-donar.mp4","timestamp":"2015-03-02T21:06:18.843Z"}
{"level":"info","message":"Recibiendo 1448 bytes de v1-dentifix.mp4","timestamp":"2015-03-02T21:06:18.844Z"}
{"level":"info","message":"Recibiendo 1448 bytes de v1-dentifix.mp4","timestamp":"2015-03-02T21:06:18.844Z"}
{"level":"info","message":"Recibiendo 1448 bytes de v1-donar.mp4","timestamp":"2015-03-02T21:06:18.844Z"}
{"level":"info","message":"Recibiendo 1448 bytes de v1-donar.mp4","timestamp":"2015-03-02T21:06:18.845Z"}
{"level":"info","message":"Recibiendo 1448 bytes de v1-donar.mp4","timestamp":"2015-03-02T21:06:18.850Z"}
{"level":"info","message":"Recibiendo 1448 bytes de v1-donar.mp4","timestamp":"2015-03-02T21:06:18.850Z"}
{"level":"info","message":"Recibiendo 1448 bytes de v1-donar.mp4","timestamp":"2015-03-02T21:06:18.850Z"}
{"level":"info","message":"Recibiendo 1448 bytes de v1-donar.mp4","timestamp":"2015-03-02T21:06:18.851Z"}
{"level":"info","message":"Recibiendo 1448 bytes de v1-dentifix.mp4","timestamp":"2015-03-02T21:06:18.851Z"}
{"level":"info","message":"Recibiendo 1448 bytes de v1-dentifix.mp4","timestamp":"2015-03-02T21:06:18.851Z"}
{"level":"info","message":"Recibiendo 1448 bytes de v1-centrum 2.mp4","timestamp":"2015-03-02T21:06:18.852Z"}
{"level":"info","message":"Recibiendo 1448 bytes de v1-centrum 2.mp4","timestamp":"2015-03-02T21:06:18.852Z"}
{"level":"info","message":"Recibiendo 1448 bytes de v1-lucerna.mp4","timestamp":"2015-03-02T21:06:18.865Z"}
{"level":"info","message":"Recibiendo 5792 bytes de v1-eucerin.mp4","timestamp":"2015-03-02T21:06:18.866Z"}
{"level":"info","message":"Recibiendo 1448 bytes de v1-eucerin.mp4","timestamp":"2015-03-02T21:06:18.868Z"}
{"level":"info","message":"Recibiendo 1448 bytes de v1-eucerin.mp4","timestamp":"2015-03-02T21:06:18.869Z"}
{"level":"info","message":"Recibiendo 1448 bytes de v1-eucerin.mp4","timestamp":"2015-03-02T21:06:18.870Z"}
{"level":"info","message":"Recibiendo 2896 bytes de v1-lucerna.mp4","timestamp":"2015-03-02T21:06:18.870Z"}
{"level":"info","message":"Recibiendo 1448 bytes de v1-lucerna.mp4","timestamp":"2015-03-02T21:06:18.871Z"}
{"level":"info","message":"Recibiendo 1448 bytes de v1-lucerna.mp4","timestamp":"2015-03-02T21:06:18.871Z"}
{"level":"info","message":"Recibiendo 1448 bytes de v1-lucerna.mp4","timestamp":"2015-03-02T21:06:18.924Z"}
{"level":"info","message":"Recibiendo 1448 bytes de v1-lucerna.mp4","timestamp":"2015-03-02T21:06:18.925Z"}
{"level":"info","message":"Recibiendo 2896 bytes de v1-donar.mp4","timestamp":"2015-03-02T21:06:18.925Z"}
{"level":"info","message":"Recibiendo 1448 bytes de v1-donar.mp4","timestamp":"2015-03-02T21:06:18.926Z"}
{"level":"info","message":"Recibiendo 1448 bytes de v1-centrum 2.mp4","timestamp":"2015-03-02T21:06:18.926Z"}
{"level":"info","message":"Recibiendo 1448 bytes de v1-centrum 2.mp4","timestamp":"2015-03-02T21:06:18.926Z"}
{"level":"info","message":"Recibiendo 1448 bytes de v1-centrum 2.mp4","timestamp":"2015-03-02T21:06:18.927Z"}
{"level":"info","message":"Recibiendo 1448 bytes de v1-centrum 2.mp4","timestamp":"2015-03-02T21:06:18.949Z"}
{"level":"info","message":"Recibiendo 1448 bytes de v1-donar.mp4","timestamp":"2015-03-02T21:06:18.949Z"}
{"level":"info","message":"Recibiendo 1448 bytes de v1-donar.mp4","timestamp":"2015-03-02T21:06:18.949Z"}
{"level":"info","message":"Recibiendo 1448 bytes de v1-donar.mp4","timestamp":"2015-03-02T21:06:18.961Z"}
{"level":"info","message":"Recibiendo 1448 bytes de v1-donar.mp4","timestamp":"2015-03-02T21:06:19.000Z"}
{"level":"info","message":"Recibiendo 1448 bytes de v1-dentifix.mp4","timestamp":"2015-03-02T21:06:19.000Z"}
{"level":"info","message":"Recibiendo 1448 bytes de v1-dentifix.mp4","timestamp":"2015-03-02T21:06:19.001Z"}
{"level":"info","message":"Recibiendo 1448 bytes de v1-donar.mp4","timestamp":"2015-03-02T21:06:19.001Z"}
{"level":"info","message":"Recibiendo 1448 bytes de v1-donar.mp4","timestamp":"2015-03-02T21:06:19.001Z"}
{"level":"info","message":"Recibiendo 1448 bytes de v1-donar.mp4","timestamp":"2015-03-02T21:06:19.014Z"}
{"level":"info","message":"Recibiendo 1448 bytes de v1-donar.mp4","timestamp":"2015-03-02T21:06:19.015Z"}
{"level":"info","message":"Recibiendo 1448 bytes de v1-dentifix.mp4","timestamp":"2015-03-02T21:06:19.015Z"}
{"level":"info","message":"Recibiendo 1448 bytes de v1-dentifix.mp4","timestamp":"2015-03-02T21:06:19.015Z"}
{"level":"info","message":"Recibiendo 1448 bytes de v1-centrum 2.mp4","timestamp":"2015-03-02T21:06:19.016Z"}
{"level":"info","message":"Recibiendo 1448 bytes de v1-centrum 2.mp4","timestamp":"2015-03-02T21:06:19.018Z"}
{"level":"info","message":"Recibiendo 1448 bytes de v1-lucerna.mp4","timestamp":"2015-03-02T21:06:19.020Z"}
{"level":"info","message":"Recibiendo 1448 bytes de v1-lucerna.mp4","timestamp":"2015-03-02T21:06:19.020Z"}
{"level":"info","message":"Recibiendo 1448 bytes de v1-eucerin.mp4","timestamp":"2015-03-02T21:06:19.021Z"}
{"level":"info","message":"Recibiendo 1448 bytes de v1-eucerin.mp4","timestamp":"2015-03-02T21:06:19.022Z"}
{"level":"info","message":"Recibiendo 2896 bytes de v1-eucerin.mp4","timestamp":"2015-03-02T21:06:19.022Z"}
{"level":"info","message":"Recibiendo 1448 bytes de v1-eucerin.mp4","timestamp":"2015-03-02T21:06:19.025Z"}
{"level":"info","message":"Recibiendo 1448 bytes de v1-eucerin.mp4","timestamp":"2015-03-02T21:06:19.026Z"}
{"level":"info","message":"Recibiendo 1448 bytes de v1-eucerin.mp4","timestamp":"2015-03-02T21:06:19.026Z"}
{"level":"info","message":"Recibiendo 1448 bytes de v1-eucerin.mp4","timestamp":"2015-03-02T21:06:19.026Z"}
{"level":"info","message":"Recibiendo 1448 bytes de v1-lucerna.mp4","timestamp":"2015-03-02T21:06:19.043Z"}
{"level":"info","message":"Recibiendo 1448 bytes de v1-lucerna.mp4","timestamp":"2015-03-02T21:06:19.044Z"}
{"level":"info","message":"Recibiendo 1448 bytes de v1-lucerna.mp4","timestamp":"2015-03-02T21:06:19.057Z"}
{"level":"info","message":"Recibiendo 4344 bytes de v1-donar.mp4","timestamp":"2015-03-02T21:06:19.058Z"}
{"level":"info","message":"Recibiendo 1448 bytes de v1-donar.mp4","timestamp":"2015-03-02T21:06:19.058Z"}
{"level":"info","message":"Recibiendo 1448 bytes de v1-donar.mp4","timestamp":"2015-03-02T21:06:19.058Z"}
{"level":"info","message":"Recibiendo 1448 bytes de v1-lucerna.mp4","timestamp":"2015-03-02T21:06:19.059Z"}
{"level":"info","message":"Recibiendo 1448 bytes de v1-lucerna.mp4","timestamp":"2015-03-02T21:06:19.059Z"}
