{"level":"info","message":"Recibiendo 1448 bytes de v1-eucerin.mp4","timestamp":"2015-03-02T21:06:47.170Z"}
{"level":"info","message":"Recibiendo 1448 bytes de v1-eucerin.mp4","timestamp":"2015-03-02T21:06:47.174Z"}
{"level":"info","message":"Recibiendo 1448 bytes de v1-eucerin.mp4","timestamp":"2015-03-02T21:06:47.178Z"}
{"level":"info","message":"Recibiendo 1448 bytes de v1-eucerin.mp4","timestamp":"2015-03-02T21:06:47.179Z"}
{"level":"info","message":"Recibiendo 1448 bytes de v1-eucerin.mp4","timestamp":"2015-03-02T21:06:47.179Z"}
{"level":"info","message":"Recibiendo 1448 bytes de v1-eucerin.mp4","timestamp":"2015-03-02T21:06:47.183Z"}
{"level":"info","message":"Recibiendo 1448 bytes de v1-eucerin.mp4","timestamp":"2015-03-02T21:06:47.184Z"}
{"level":"info","message":"Recibiendo 1448 bytes de v1-gador.mp4","timestamp":"2015-03-02T21:06:47.184Z"}
{"level":"info","message":"Recibiendo 1448 bytes de v1-gador.mp4","timestamp":"2015-03-02T21:06:47.184Z"}
{"level":"info","message":"Recibiendo 1448 bytes de v1-gador.mp4","timestamp":"2015-03-02T21:06:47.186Z"}
{"level":"info","message":"Recibiendo 1448 bytes de v1-gador.mp4","timestamp":"2015-03-02T21:06:47.190Z"}
{"level":"info","message":"Recibiendo 1448 bytes de v1-gador.mp4","timestamp":"2015-03-02T21:06:47.190Z"}
{"level":"info","message":"Recibiendo 1448 bytes de v1-gador.mp4","timestamp":"2015-03-02T21:06:47.192Z"}
{"level":"info","message":"Recibiendo 1448 bytes de v1-gador.mp4","timestamp":"2015-03-02T21:06:47.192Z"}
{"level":"info","message":"Recibiendo 1448 bytes de v1-gador.mp4","timestamp":"2015-03-02T21:06:47.193Z"}
{"level":"info","message":"Recibiendo 1448 bytes de v1-gador.mp4","timestamp":"2015-03-02T21:06:47.193Z"}
{"level":"info","message":"Recibiendo 1448 bytes de v1-donar.mp4","timestamp":"2015-03-02T21:06:47.207Z"}
{"level":"info","message":"Recibiendo 1448 bytes de v1-pharmaton.mp4","timestamp":"2015-03-02T21:06:47.209Z"}
{"level":"info","message":"Recibiendo 1448 bytes de v1-pharmaton.mp4","timestamp":"2015-03-02T21:06:47.209Z"}
{"level":"info","message":"Recibiendo 1448 bytes de v1-eucerin.mp4","timestamp":"2015-03-02T21:06:47.214Z"}
{"level":"info","message":"Recibiendo 1448 bytes de v1-eucerin.mp4","timestamp":"2015-03-02T21:06:47.214Z"}
{"level":"info","message":"Recibiendo 1448 bytes de v1-eucerin.mp4","timestamp":"2015-03-02T21:06:47.214Z"}
{"level":"info","message":"Recibiendo 1448 bytes de v1-donar.mp4","timestamp":"2015-03-02T21:06:47.224Z"}
{"level":"info","message":"Recibiendo 1448 bytes de v1-donar.mp4","timestamp":"2015-03-02T21:06:47.224Z"}
{"level":"info","message":"Recibiendo 1448 bytes de v1-donar.mp4","timestamp":"2015-03-02T21:06:47.224Z"}
{"level":"info","message":"Recibiendo 1448 bytes de v1-donar.mp4","timestamp":"2015-03-02T21:06:47.241Z"}
{"level":"info","message":"Recibiendo 1448 bytes de v1-donar.mp4","timestamp":"2015-03-02T21:06:47.241Z"}
{"level":"info","message":"Recibiendo 1448 bytes de v1-donar.mp4","timestamp":"2015-03-02T21:06:47.242Z"}
{"level":"info","message":"Recibiendo 1448 bytes de v1-gador.mp4","timestamp":"2015-03-02T21:06:47.242Z"}
{"level":"info","message":"Recibiendo 1448 bytes de v1-sedal.mp4","timestamp":"2015-03-02T21:06:47.263Z"}
{"level":"info","message":"Recibiendo 1448 bytes de v1-sedal.mp4","timestamp":"2015-03-02T21:06:47.263Z"}
{"level":"info","message":"Recibiendo 1448 bytes de v1-sedal.mp4","timestamp":"2015-03-02T21:06:47.263Z"}
{"level":"info","message":"Recibiendo 1448 bytes de v1-sedal.mp4","timestamp":"2015-03-02T21:06:47.264Z"}
{"level":"info","message":"Recibiendo 1448 bytes de v1-sedal.mp4","timestamp":"2015-03-02T21:06:47.264Z"}
{"level":"info","message":"Recibiendo 1448 bytes de v1-sedal.mp4","timestamp":"2015-03-02T21:06:47.264Z"}
{"level":"info","message":"Recibiendo 1448 bytes de v1-sedal.mp4","timestamp":"2015-03-02T21:06:47.265Z"}
{"level":"info","message":"Recibiendo 1448 bytes de v1-pharmaton.mp4","timestamp":"2015-03-02T21:06:47.322Z"}
{"level":"info","message":"Recibiendo 1448 bytes de v1-pharmaton.mp4","timestamp":"2015-03-02T21:06:47.322Z"}
{"level":"info","message":"Recibiendo 1448 bytes de v1-pharmaton.mp4","timestamp":"2015-03-02T21:06:47.325Z"}
{"level":"info","message":"Recibiendo 1448 bytes de v1-pharmaton.mp4","timestamp":"2015-03-02T21:06:47.325Z"}
{"level":"info","message":"Recibiendo 1448 bytes de v1-pharmaton.mp4","timestamp":"2015-03-02T21:06:47.325Z"}
{"level":"info","message":"Recibiendo 1448 bytes de v1-pharmaton.mp4","timestamp":"2015-03-02T21:06:47.326Z"}
{"level":"info","message":"Recibiendo 1448 bytes de v1-eucerin.mp4","timestamp":"2015-03-02T21:06:47.357Z"}
{"level":"info","message":"Recibiendo 1448 bytes de v1-eucerin.mp4","timestamp":"2015-03-02T21:06:47.361Z"}
{"level":"info","message":"Recibiendo 1448 bytes de v1-eucerin.mp4","timestamp":"2015-03-02T21:06:47.362Z"}
{"level":"info","message":"Recibiendo 1448 bytes de v1-eucerin.mp4","timestamp":"2015-03-02T21:06:47.362Z"}
{"level":"info","message":"Recibiendo 2896 bytes de v1-eucerin.mp4","timestamp":"2015-03-02T21:06:47.366Z"}
{"level":"info","message":"Recibiendo 1448 bytes de v1-eucerin.mp4","timestamp":"2015-03-02T21:06:47.366Z"}
{"level":"info","message":"Recibiendo 1448 bytes de v1-eucerin.mp4","timestamp":"2015-03-02T21:06:47.366Z"}
{"level":"info","message":"Recibiendo 1448 bytes de v1-gador.mp4","timestamp":"2015-03-02T21:06:47.368Z"}
{"level":"info","message":"Recibiendo 1448 bytes de v1-gador.mp4","timestamp":"2015-03-02T21:06:47.390Z"}
{"level":"info","message":"Recibiendo 1448 bytes de v1-gador.mp4","timestamp":"2015-03-02T21:06:47.391Z"}
{"level":"info","message":"Recibiendo 1448 bytes de v1-gador.mp4","timestamp":"2015-03-02T21:06:47.392Z"}
{"level":"info","message":"Recibiendo 1448 bytes de v1-gador.mp4","timestamp":"2015-03-02T21:06:47.393Z"}
{"level":"info","message":"Recibiendo 1448 bytes de v1-gador.mp4","timestamp":"2015-03-02T21:06:47.393Z"}
{"level":"info","message":"Recibiendo 1448 bytes de v1-gador.mp4","timestamp":"2015-03-02T21:06:47.393Z"}
{"level":"info","message":"Recibiendo 1448 bytes de v1-donar.mp4","timestamp":"2015-03-02T21:06:47.421Z"}
{"level":"info","message":"Recibiendo 1448 bytes de v1-donar.mp4","timestamp":"2015-03-02T21:06:47.421Z"}
{"level":"info","message":"Recibiendo 1448 bytes de v1-donar.mp4","timestamp":"2015-03-02T21:06:47.421Z"}
{"level":"info","message":"Recibiendo 1448 bytes de v1-donar.mp4","timestamp":"2015-03-02T21:06:47.422Z"}
{"level":"info","message":"Recibiendo 1448 bytes de v1-donar.mp4","timestamp":"2015-03-02T21:06:47.424Z"}
{"level":"info","message":"Recibiendo 1448 bytes de v1-pharmaton.mp4","timestamp":"2015-03-02T21:06:47.424Z"}
{"level":"info","message":"Recibiendo 1448 bytes de v1-pharmaton.mp4","timestamp":"2015-03-02T21:06:47.425Z"}
{"level":"info","message":"Recibiendo 1448 bytes de v1-pharmaton.mp4","timestamp":"2015-03-02T21:06:47.425Z"}
{"level":"info","message":"Recibiendo 1448 bytes de v1-donar.mp4","timestamp":"2015-03-02T21:06:47.425Z"}
{"level":"info","message":"Recibiendo 1448 bytes de v1-donar.mp4","timestamp":"2015-03-02T21:06:47.425Z"}
{"level":"info","message":"Recibiendo 1448 bytes de v1-donar.mp4","timestamp":"2015-03-02T21:06:47.426Z"}
{"level":"info","message":"Recibiendo 2896 bytes de v1-donar.mp4","timestamp":"2015-03-02T21:06:47.426Z"}
{"level":"info","message":"Recibiendo 1448 bytes de v1-gador.mp4","timestamp":"2015-03-02T21:06:47.427Z"}
{"level":"info","message":"Recibiendo 1448 bytes de v1-gador.mp4","timestamp":"2015-03-02T21:06:47.434Z"}
{"level":"info","message":"Recibiendo 1448 bytes de v1-gador.mp4","timestamp":"2015-03-02T21:06:47.435Z"}
{"level":"info","message":"Recibiendo 1448 bytes de v1-gador.mp4","timestamp":"2015-03-02T21:06:47.435Z"}
{"level":"info","message":"Recibiendo 1448 bytes de v1-eucerin.mp4","timestamp":"2015-03-02T21:06:47.437Z"}
{"level":"info","message":"Recibiendo 4344 bytes de v1-eucerin.mp4","timestamp":"2015-03-02T21:06:47.441Z"}
{"level":"info","message":"Recibiendo 2896 bytes de v1-pharmaton.mp4","timestamp":"2015-03-02T21:06:47.471Z"}
{"level":"info","message":"Recibiendo 1448 bytes de v1-pharmaton.mp4","timestamp":"2015-03-02T21:06:47.503Z"}
{"level":"info","message":"Recibiendo 1448 bytes de v1-pharmaton.mp4","timestamp":"2015-03-02T21:06:47.534Z"}
{"level":"info","message":"Recibiendo 1448 bytes de v1-eucerin.mp4","timestamp":"2015-03-02T21:06:47.576Z"}
{"level":"info","message":"Recibiendo 1448 bytes de v1-eucerin.mp4","timestamp":"2015-03-02T21:06:47.588Z"}
{"level":"info","message":"Recibiendo 2896 bytes de v1-gador.mp4","timestamp":"2015-03-02T21:06:47.627Z"}
{"level":"info","message":"Recibiendo 1448 bytes de v1-gador.mp4","timestamp":"2015-03-02T21:06:47.629Z"}
{"level":"info","message":"Recibiendo 1448 bytes de v1-gador.mp4","timestamp":"2015-03-02T21:06:47.631Z"}
{"level":"info","message":"Recibiendo 1448 bytes de v1-gador.mp4","timestamp":"2015-03-02T21:06:47.631Z"}
{"level":"info","message":"Recibiendo 1448 bytes de v1-gador.mp4","timestamp":"2015-03-02T21:06:47.633Z"}
{"level":"info","message":"Recibiendo 1448 bytes de v1-gador.mp4","timestamp":"2015-03-02T21:06:47.633Z"}
{"level":"info","message":"Recibiendo 1448 bytes de v1-donar.mp4","timestamp":"2015-03-02T21:06:47.646Z"}
{"level":"info","message":"Recibiendo 1448 bytes de v1-donar.mp4","timestamp":"2015-03-02T21:06:47.646Z"}
{"level":"info","message":"Recibiendo 1448 bytes de v1-donar.mp4","timestamp":"2015-03-02T21:06:47.649Z"}
{"level":"info","message":"Recibiendo 1448 bytes de v1-pharmaton.mp4","timestamp":"2015-03-02T21:06:47.650Z"}
{"level":"info","message":"Recibiendo 1448 bytes de v1-donar.mp4","timestamp":"2015-03-02T21:06:47.664Z"}
{"level":"info","message":"Recibiendo 1448 bytes de v1-donar.mp4","timestamp":"2015-03-02T21:06:47.664Z"}
{"level":"info","message":"Recibiendo 1448 bytes de v1-donar.mp4","timestamp":"2015-03-02T21:06:47.673Z"}
{"level":"info","message":"Recibiendo 1448 bytes de v1-donar.mp4","timestamp":"2015-03-02T21:06:47.674Z"}
{"level":"info","message":"Recibiendo 1448 bytes de v1-donar.mp4","timestamp":"2015-03-02T21:06:47.674Z"}
{"level":"info","message":"Recibiendo 1448 bytes de v1-donar.mp4","timestamp":"2015-03-02T21:06:47.675Z"}
{"level":"info","message":"Recibiendo 1448 bytes de v1-donar.mp4","timestamp":"2015-03-02T21:06:47.675Z"}
{"level":"info","message":"Recibiendo 1448 bytes de v1-donar.mp4","timestamp":"2015-03-02T21:06:47.675Z"}
{"level":"info","message":"Recibiendo 1448 bytes de v1-donar.mp4","timestamp":"2015-03-02T21:06:47.676Z"}
