{"level":"info","message":"Recibiendo 1448 bytes de v1-freestile-optium.mp4","timestamp":"2015-03-02T21:08:34.235Z"}
{"level":"info","message":"Recibiendo 1448 bytes de v1-freestile-optium.mp4","timestamp":"2015-03-02T21:08:34.236Z"}
{"level":"info","message":"Recibiendo 2896 bytes de v1-eucerin-hyaluron.mp4","timestamp":"2015-03-02T21:08:34.236Z"}
{"level":"info","message":"Recibiendo 2896 bytes de v1-eucerin-hyaluron.mp4","timestamp":"2015-03-02T21:08:34.236Z"}
{"level":"info","message":"Recibiendo 4344 bytes de v1-nutriacademia.mp4","timestamp":"2015-03-02T21:08:34.238Z"}
{"level":"info","message":"Recibiendo 1448 bytes de v1-nutriacademia.mp4","timestamp":"2015-03-02T21:08:34.238Z"}
{"level":"info","message":"Recibiendo 1448 bytes de v1-pharmaton.mp4","timestamp":"2015-03-02T21:08:34.248Z"}
{"level":"info","message":"Recibiendo 1448 bytes de v1-pharmaton.mp4","timestamp":"2015-03-02T21:08:34.248Z"}
{"level":"info","message":"Recibiendo 1448 bytes de v1-freestile-optium.mp4","timestamp":"2015-03-02T21:08:34.249Z"}
{"level":"info","message":"Recibiendo 1495 bytes de v1-freestile-optium.mp4","timestamp":"2015-03-02T21:08:34.249Z"}
{"level":"info","message":"v1-freestile-optium.mp4 descargado en ./server/videos/","timestamp":"2015-03-02T21:08:34.249Z"}
{"level":"info","message":"Recibiendo 1448 bytes de v1-eucerin-hyaluron.mp4","timestamp":"2015-03-02T21:08:34.250Z"}
{"level":"info","message":"Recibiendo 1448 bytes de v1-eucerin-hyaluron.mp4","timestamp":"2015-03-02T21:08:34.250Z"}
{"level":"info","message":"Recibiendo 1448 bytes de v1-eucerin-hyaluron.mp4","timestamp":"2015-03-02T21:08:34.251Z"}
{"level":"info","message":"Recibiendo 1448 bytes de v1-eucerin-hyaluron.mp4","timestamp":"2015-03-02T21:08:34.251Z"}
{"level":"info","message":"Recibiendo 1448 bytes de v1-sedal.mp4","timestamp":"2015-03-02T21:08:34.251Z"}
{"level":"info","message":"Recibiendo 1448 bytes de v1-sedal.mp4","timestamp":"2015-03-02T21:08:34.252Z"}
{"level":"info","message":"Recibiendo 1448 bytes de v1-sedal.mp4","timestamp":"2015-03-02T21:08:34.252Z"}
{"level":"info","message":"Recibiendo 1448 bytes de v1-sedal.mp4","timestamp":"2015-03-02T21:08:34.252Z"}
{"level":"info","message":"Recibiendo 1448 bytes de v1-pharmaton.mp4","timestamp":"2015-03-02T21:08:34.253Z"}
{"level":"info","message":"Recibiendo 1448 bytes de v1-nutriacademia.mp4","timestamp":"2015-03-02T21:08:34.254Z"}
{"level":"info","message":"Recibiendo 1448 bytes de v1-nutriacademia.mp4","timestamp":"2015-03-02T21:08:34.254Z"}
{"level":"info","message":"Recibiendo 1448 bytes de v1-nutriacademia.mp4","timestamp":"2015-03-02T21:08:34.254Z"}
{"level":"info","message":"Recibiendo 1448 bytes de v1-pharmaton.mp4","timestamp":"2015-03-02T21:08:34.255Z"}
{"level":"info","message":"Recibiendo 1448 bytes de v1-pharmaton.mp4","timestamp":"2015-03-02T21:08:34.264Z"}
{"level":"info","message":"Recibiendo 1448 bytes de v1-sedal.mp4","timestamp":"2015-03-02T21:08:34.265Z"}
{"level":"info","message":"Recibiendo 1448 bytes de v1-sedal.mp4","timestamp":"2015-03-02T21:08:34.265Z"}
{"level":"info","message":"Recibiendo 1448 bytes de v1-pharmaton.mp4","timestamp":"2015-03-02T21:08:34.266Z"}
{"level":"info","message":"Recibiendo 1448 bytes de v1-pharmaton.mp4","timestamp":"2015-03-02T21:08:34.272Z"}
{"level":"info","message":"Recibiendo 1448 bytes de v1-pharmaton.mp4","timestamp":"2015-03-02T21:08:34.273Z"}
{"level":"info","message":"Recibiendo 1448 bytes de v1-eucerin-hyaluron.mp4","timestamp":"2015-03-02T21:08:34.286Z"}
{"level":"info","message":"Recibiendo 1448 bytes de v1-eucerin-hyaluron.mp4","timestamp":"2015-03-02T21:08:34.286Z"}
{"level":"info","message":"Iniciando el modulo de pautas...","timestamp":"2015-03-02T21:08:34.118Z"}
{"level":"info","message":"Conectando a base dedatos...: ","timestamp":"2015-03-02T21:08:34.127Z"}
{"level":"info","message":"Esperando mensajes en: /home/juli/Zetti/zTurnosServerWorkspace/xml-endpoint/input/","timestamp":"2015-03-02T21:08:34.232Z"}
{"level":"info","message":"Escribiendo salida en: /home/juli/Zetti/zTurnosServerWorkspace/xml-endpoint/output/","timestamp":"2015-03-02T21:08:34.232Z"}
{"level":"info","message":"Recibiendo 1448 bytes de v1-nutriacademia.mp4","timestamp":"2015-03-02T21:08:34.442Z"}
{"level":"info","message":"Recibiendo 1448 bytes de v1-nutriacademia.mp4","timestamp":"2015-03-02T21:08:34.442Z"}
{"level":"info","message":"Recibiendo 1448 bytes de v1-nutriacademia.mp4","timestamp":"2015-03-02T21:08:34.443Z"}
{"level":"info","message":"Recibiendo 1448 bytes de v1-pharmaton.mp4","timestamp":"2015-03-02T21:08:34.443Z"}
{"level":"info","message":"Recibiendo 1448 bytes de v1-pharmaton.mp4","timestamp":"2015-03-02T21:08:34.444Z"}
{"level":"info","message":"Recibiendo 1448 bytes de v1-pharmaton.mp4","timestamp":"2015-03-02T21:08:34.482Z"}
{"level":"info","message":"Recibiendo 1448 bytes de v1-pharmaton.mp4","timestamp":"2015-03-02T21:08:34.483Z"}
{"level":"info","message":"Recibiendo 1448 bytes de v1-nutriacademia.mp4","timestamp":"2015-03-02T21:08:34.485Z"}
{"level":"info","message":"Recibiendo 1448 bytes de v1-nutriacademia.mp4","timestamp":"2015-03-02T21:08:34.485Z"}
{"level":"info","message":"Recibiendo 1448 bytes de v1-nutriacademia.mp4","timestamp":"2015-03-02T21:08:34.490Z"}
{"level":"info","message":"Recibiendo 1448 bytes de v1-nutriacademia.mp4","timestamp":"2015-03-02T21:08:34.490Z"}
{"level":"info","message":"Recibiendo 1448 bytes de v1-pharmaton.mp4","timestamp":"2015-03-02T21:08:34.538Z"}
{"level":"info","message":"Recibiendo 1448 bytes de v1-pharmaton.mp4","timestamp":"2015-03-02T21:08:34.539Z"}
{"level":"info","message":"Recibiendo 1448 bytes de v1-pharmaton.mp4","timestamp":"2015-03-02T21:08:34.539Z"}
{"level":"info","message":"Recibiendo 1448 bytes de v1-pharmaton.mp4","timestamp":"2015-03-02T21:08:34.539Z"}
{"level":"info","message":"Recibiendo 1448 bytes de v1-pharmaton.mp4","timestamp":"2015-03-02T21:08:34.558Z"}
{"level":"info","message":"Recibiendo 15928 bytes de v1-eucerin-hyaluron.mp4","timestamp":"2015-03-02T21:08:34.661Z"}
{"level":"info","message":"Recibiendo 5792 bytes de v1-sedal.mp4","timestamp":"2015-03-02T21:08:34.668Z"}
{"level":"info","message":"Recibiendo 1448 bytes de v1-pharmaton.mp4","timestamp":"2015-03-02T21:08:34.669Z"}
{"level":"info","message":"Recibiendo 1448 bytes de v1-pharmaton.mp4","timestamp":"2015-03-02T21:08:34.682Z"}
{"level":"info","message":"Recibiendo 1448 bytes de v1-pharmaton.mp4","timestamp":"2015-03-02T21:08:34.682Z"}
{"level":"info","message":"Recibiendo 1448 bytes de v1-pharmaton.mp4","timestamp":"2015-03-02T21:08:34.683Z"}
{"level":"info","message":"Recibiendo 1448 bytes de v1-nutriacademia.mp4","timestamp":"2015-03-02T21:08:34.683Z"}
{"level":"info","message":"Recibiendo 2896 bytes de v1-nutriacademia.mp4","timestamp":"2015-03-02T21:08:34.683Z"}
{"level":"info","message":"Recibiendo 1448 bytes de v1-nutriacademia.mp4","timestamp":"2015-03-02T21:08:34.684Z"}
{"level":"info","message":"Recibiendo 1448 bytes de v1-nutriacademia.mp4","timestamp":"2015-03-02T21:08:34.686Z"}
{"level":"info","message":"Recibiendo 1448 bytes de v1-nutriacademia.mp4","timestamp":"2015-03-02T21:08:34.686Z"}
{"level":"info","message":"Recibiendo 2896 bytes de v1-nutriacademia.mp4","timestamp":"2015-03-02T21:08:34.695Z"}
{"level":"info","message":"Recibiendo 1448 bytes de v1-pharmaton.mp4","timestamp":"2015-03-02T21:08:34.712Z"}
{"level":"info","message":"Recibiendo 2896 bytes de v1-pharmaton.mp4","timestamp":"2015-03-02T21:08:34.713Z"}
{"level":"info","message":"Recibiendo 1448 bytes de v1-pharmaton.mp4","timestamp":"2015-03-02T21:08:34.714Z"}
{"level":"info","message":"Recibiendo 1448 bytes de v1-eucerin-hyaluron.mp4","timestamp":"2015-03-02T21:08:34.714Z"}
{"level":"info","message":"Recibiendo 7240 bytes de v1-eucerin-hyaluron.mp4","timestamp":"2015-03-02T21:08:34.764Z"}
{"level":"info","message":"Recibiendo 1448 bytes de v1-sedal.mp4","timestamp":"2015-03-02T21:08:34.765Z"}
{"level":"info","message":"Recibiendo 7240 bytes de v1-sedal.mp4","timestamp":"2015-03-02T21:08:34.789Z"}
{"level":"info","message":"Recibiendo 2896 bytes de v1-pharmaton.mp4","timestamp":"2015-03-02T21:08:34.790Z"}
{"level":"info","message":"Recibiendo 1448 bytes de v1-pharmaton.mp4","timestamp":"2015-03-02T21:08:34.790Z"}
{"level":"info","message":"Recibiendo 2896 bytes de v1-nutriacademia.mp4","timestamp":"2015-03-02T21:08:34.790Z"}
{"level":"info","message":"Recibiendo 1448 bytes de v1-nutriacademia.mp4","timestamp":"2015-03-02T21:08:34.791Z"}
{"level":"info","message":"Recibiendo 1448 bytes de v1-nutriacademia.mp4","timestamp":"2015-03-02T21:08:34.791Z"}
{"level":"info","message":"Recibiendo 1448 bytes de v1-nutriacademia.mp4","timestamp":"2015-03-02T21:08:34.811Z"}
{"level":"info","message":"Recibiendo 1448 bytes de v1-nutriacademia.mp4","timestamp":"2015-03-02T21:08:34.811Z"}
{"level":"info","message":"Recibiendo 1448 bytes de v1-nutriacademia.mp4","timestamp":"2015-03-02T21:08:34.811Z"}
{"level":"info","message":"Recibiendo 1448 bytes de v1-nutriacademia.mp4","timestamp":"2015-03-02T21:08:34.811Z"}
{"level":"info","message":"Recibiendo 1448 bytes de v1-pharmaton.mp4","timestamp":"2015-03-02T21:08:34.812Z"}
{"level":"info","message":"Recibiendo 1448 bytes de v1-pharmaton.mp4","timestamp":"2015-03-02T21:08:34.814Z"}
{"level":"info","message":"Recibiendo 1448 bytes de v1-pharmaton.mp4","timestamp":"2015-03-02T21:08:34.814Z"}
{"level":"info","message":"Recibiendo 1448 bytes de v1-pharmaton.mp4","timestamp":"2015-03-02T21:08:34.814Z"}
{"level":"info","message":"Recibiendo 1448 bytes de v1-eucerin-hyaluron.mp4","timestamp":"2015-03-02T21:08:34.814Z"}
{"level":"info","message":"Recibiendo 1448 bytes de v1-eucerin-hyaluron.mp4","timestamp":"2015-03-02T21:08:34.815Z"}
{"level":"info","message":"Recibiendo 1448 bytes de v1-eucerin-hyaluron.mp4","timestamp":"2015-03-02T21:08:34.815Z"}
{"level":"info","message":"Recibiendo 1448 bytes de v1-eucerin-hyaluron.mp4","timestamp":"2015-03-02T21:08:34.815Z"}
{"level":"info","message":"Recibiendo 1448 bytes de v1-eucerin-hyaluron.mp4","timestamp":"2015-03-02T21:08:34.816Z"}
{"level":"info","message":"Recibiendo 1448 bytes de v1-eucerin-hyaluron.mp4","timestamp":"2015-03-02T21:08:34.828Z"}
{"level":"info","message":"Recibiendo 1448 bytes de v1-eucerin-hyaluron.mp4","timestamp":"2015-03-02T21:08:34.829Z"}
{"level":"info","message":"Recibiendo 1448 bytes de v1-sedal.mp4","timestamp":"2015-03-02T21:08:34.829Z"}
{"level":"info","message":"Recibiendo 2896 bytes de v1-sedal.mp4","timestamp":"2015-03-02T21:08:34.831Z"}
{"level":"info","message":"Recibiendo 2896 bytes de v1-pharmaton.mp4","timestamp":"2015-03-02T21:08:34.832Z"}
{"level":"info","message":"Recibiendo 2896 bytes de v1-pharmaton.mp4","timestamp":"2015-03-02T21:08:34.833Z"}
{"level":"info","message":"Recibiendo 4344 bytes de v1-nutriacademia.mp4","timestamp":"2015-03-02T21:08:34.833Z"}
{"level":"info","message":"****************** INFO *****************","timestamp":"2015-03-02T21:08:37.013Z"}
{"level":"info","message":"NODO: 1962502","timestamp":"2015-03-02T21:08:37.014Z"}
{"level":"info","message":"idAdministrador: 2003840","timestamp":"2015-03-02T21:08:37.014Z"}
{"level":"info","message":"id sponsor oficial del administrador: 2003842","timestamp":"2015-03-02T21:08:37.014Z"}
{"level":"info","message":"Sponsors Oficiales Encontrados: 2","timestamp":"2015-03-02T21:08:37.014Z"}
{"level":"info","message":"Pautas: 0","timestamp":"2015-03-02T21:08:37.014Z"}
{"level":"info","message":"Muletos Administrador: 22","timestamp":"2015-03-02T21:08:37.014Z"}
{"level":"info","message":"Muletos por Main Sponsor: 0","timestamp":"2015-03-02T21:08:37.014Z"}
{"level":"info","message":"Muletos por Main Sponsor Propios: 1","timestamp":"2015-03-02T21:08:37.014Z"}
{"level":"info","message":"****************** FIN INFO *****************","timestamp":"2015-03-02T21:08:37.014Z"}
{"level":"info","message":"averiguarNodoFn - OK","timestamp":"2015-03-02T21:08:37.015Z"}
{"level":"info","message":"getTiemposSponsorFn - OK","timestamp":"2015-03-02T21:08:37.015Z"}
{"level":"info","message":"No se encontron pautas por grupo","timestamp":"2015-03-02T21:08:37.015Z"}
{"level":"info","message":"getAdministradorIdFn - OK","timestamp":"2015-03-02T21:08:37.015Z"}
{"level":"info","message":"getSponsorsDeMainSponsorsFn - OK","timestamp":"2015-03-02T21:08:37.015Z"}
{"level":"info","message":"getSponsorsDeAdministradorFn - OK","timestamp":"2015-03-02T21:08:37.015Z"}
{"level":"info","message":"getPautasMuletoAdministradorFn - OK","timestamp":"2015-03-02T21:08:37.015Z"}
{"level":"info","message":"getPautasMuleto - OK","timestamp":"2015-03-02T21:08:37.015Z"}
{"level":"info","message":"Pautas a descargar: 22","timestamp":"2015-03-02T21:08:37.016Z"}
{"level":"info","message":"obteniendo: v1-nutricia-vital-aire.mp4","timestamp":"2015-03-02T21:08:37.492Z"}
{"level":"info","message":"Recibiendo 1196 bytes de v1-nutricia-vital-aire.mp4","timestamp":"2015-03-02T21:08:37.751Z"}
{"level":"info","message":"Recibiendo 2896 bytes de v1-nutricia-vital-aire.mp4","timestamp":"2015-03-02T21:08:37.751Z"}
{"level":"info","message":"Recibiendo 4344 bytes de v1-nutricia-vital-aire.mp4","timestamp":"2015-03-02T21:08:37.815Z"}
{"level":"info","message":"Recibiendo 1448 bytes de v1-nutricia-vital-aire.mp4","timestamp":"2015-03-02T21:08:37.815Z"}
{"level":"info","message":"Recibiendo 1448 bytes de v1-nutricia-vital-aire.mp4","timestamp":"2015-03-02T21:08:37.816Z"}
{"level":"info","message":"Recibiendo 1448 bytes de v1-nutricia-vital-aire.mp4","timestamp":"2015-03-02T21:08:37.816Z"}
{"level":"info","message":"Recibiendo 1448 bytes de v1-nutricia-vital-aire.mp4","timestamp":"2015-03-02T21:08:37.918Z"}
{"level":"info","message":"Recibiendo 1448 bytes de v1-nutricia-vital-aire.mp4","timestamp":"2015-03-02T21:08:37.918Z"}
{"level":"info","message":"Recibiendo 2896 bytes de v1-nutricia-vital-aire.mp4","timestamp":"2015-03-02T21:08:37.922Z"}
{"level":"info","message":"Recibiendo 5792 bytes de v1-nutricia-vital-aire.mp4","timestamp":"2015-03-02T21:08:37.960Z"}
{"level":"info","message":"Recibiendo 2896 bytes de v1-nutricia-vital-aire.mp4","timestamp":"2015-03-02T21:08:37.963Z"}
{"level":"info","message":"Recibiendo 2896 bytes de v1-nutricia-vital-aire.mp4","timestamp":"2015-03-02T21:08:38.165Z"}
{"level":"info","message":"Recibiendo 1448 bytes de v1-nutricia-vital-aire.mp4","timestamp":"2015-03-02T21:08:38.166Z"}
{"level":"info","message":"Recibiendo 2896 bytes de v1-nutricia-vital-aire.mp4","timestamp":"2015-03-02T21:08:38.167Z"}
{"level":"info","message":"Recibiendo 2896 bytes de v1-nutricia-vital-aire.mp4","timestamp":"2015-03-02T21:08:38.167Z"}
{"level":"info","message":"Recibiendo 1448 bytes de v1-nutricia-vital-aire.mp4","timestamp":"2015-03-02T21:08:38.168Z"}
{"level":"info","message":"Recibiendo 44888 bytes de v1-nutricia-vital-aire.mp4","timestamp":"2015-03-02T21:08:38.371Z"}
{"level":"info","message":"Recibiendo 1448 bytes de v1-nutricia-vital-aire.mp4","timestamp":"2015-03-02T21:08:38.371Z"}
{"level":"info","message":"Recibiendo 1448 bytes de v1-nutricia-vital-aire.mp4","timestamp":"2015-03-02T21:08:38.371Z"}
{"level":"info","message":"Recibiendo 1448 bytes de v1-nutricia-vital-aire.mp4","timestamp":"2015-03-02T21:08:38.371Z"}
{"level":"info","message":"Recibiendo 1448 bytes de v1-nutricia-vital-aire.mp4","timestamp":"2015-03-02T21:08:38.386Z"}
{"level":"info","message":"Recibiendo 1448 bytes de v1-nutricia-vital-aire.mp4","timestamp":"2015-03-02T21:08:38.398Z"}
{"level":"info","message":"Recibiendo 2896 bytes de v1-nutricia-vital-aire.mp4","timestamp":"2015-03-02T21:08:38.414Z"}
{"level":"info","message":"Recibiendo 1448 bytes de v1-nutricia-vital-aire.mp4","timestamp":"2015-03-02T21:08:38.500Z"}
{"level":"info","message":"Recibiendo 1448 bytes de v1-nutricia-vital-aire.mp4","timestamp":"2015-03-02T21:08:38.500Z"}
{"level":"info","message":"Recibiendo 1448 bytes de v1-nutricia-vital-aire.mp4","timestamp":"2015-03-02T21:08:38.509Z"}
{"level":"info","message":"Recibiendo 1448 bytes de v1-nutricia-vital-aire.mp4","timestamp":"2015-03-02T21:08:38.523Z"}
{"level":"info","message":"Recibiendo 2896 bytes de v1-nutricia-vital-aire.mp4","timestamp":"2015-03-02T21:08:38.523Z"}
{"level":"info","message":"Recibiendo 1448 bytes de v1-nutricia-vital-aire.mp4","timestamp":"2015-03-02T21:08:38.523Z"}
{"level":"info","message":"Recibiendo 2896 bytes de v1-nutricia-vital-aire.mp4","timestamp":"2015-03-02T21:08:38.524Z"}
{"level":"info","message":"Recibiendo 1448 bytes de v1-nutricia-vital-aire.mp4","timestamp":"2015-03-02T21:08:38.665Z"}
{"level":"info","message":"Recibiendo 1448 bytes de v1-nutricia-vital-aire.mp4","timestamp":"2015-03-02T21:08:38.701Z"}
{"level":"info","message":"Recibiendo 2896 bytes de v1-nutricia-vital-aire.mp4","timestamp":"2015-03-02T21:08:38.702Z"}
{"level":"info","message":"Recibiendo 1448 bytes de v1-nutricia-vital-aire.mp4","timestamp":"2015-03-02T21:08:38.703Z"}
{"level":"info","message":"Recibiendo 1448 bytes de v1-nutricia-vital-aire.mp4","timestamp":"2015-03-02T21:08:38.703Z"}
