{"level":"info","message":"Recibiendo 1448 bytes de v1-pharmaton.mp4","timestamp":"2015-03-02T21:07:03.813Z"}
{"level":"info","message":"Recibiendo 1448 bytes de v1-pharmaton.mp4","timestamp":"2015-03-02T21:07:03.813Z"}
{"level":"info","message":"Recibiendo 1448 bytes de v1-pharmaton.mp4","timestamp":"2015-03-02T21:07:03.813Z"}
{"level":"info","message":"Recibiendo 1448 bytes de v1-nutriacademia.mp4","timestamp":"2015-03-02T21:07:03.847Z"}
{"level":"info","message":"Recibiendo 1448 bytes de v1-nutriacademia.mp4","timestamp":"2015-03-02T21:07:03.847Z"}
{"level":"info","message":"Recibiendo 1448 bytes de v1-nutriacademia.mp4","timestamp":"2015-03-02T21:07:03.848Z"}
{"level":"info","message":"Recibiendo 2896 bytes de v1-sedal.mp4","timestamp":"2015-03-02T21:07:03.875Z"}
{"level":"info","message":"Recibiendo 2896 bytes de v1-nutriacademia.mp4","timestamp":"2015-03-02T21:07:03.879Z"}
{"level":"info","message":"Recibiendo 1448 bytes de v1-nutriacademia.mp4","timestamp":"2015-03-02T21:07:03.879Z"}
{"level":"info","message":"Recibiendo 1448 bytes de v1-nutriacademia.mp4","timestamp":"2015-03-02T21:07:03.879Z"}
{"level":"info","message":"Recibiendo 11584 bytes de v1-eucerin.mp4","timestamp":"2015-03-02T21:07:03.880Z"}
{"level":"info","message":"Recibiendo 1448 bytes de v1-eucerin.mp4","timestamp":"2015-03-02T21:07:03.898Z"}
{"level":"info","message":"Recibiendo 2896 bytes de v1-pharmaton.mp4","timestamp":"2015-03-02T21:07:03.898Z"}
{"level":"info","message":"Recibiendo 1448 bytes de v1-pharmaton.mp4","timestamp":"2015-03-02T21:07:03.898Z"}
{"level":"info","message":"Recibiendo 1448 bytes de v1-pharmaton.mp4","timestamp":"2015-03-02T21:07:03.899Z"}
{"level":"info","message":"Recibiendo 1448 bytes de v1-pharmaton.mp4","timestamp":"2015-03-02T21:07:03.899Z"}
{"level":"info","message":"Recibiendo 2896 bytes de v1-sedal.mp4","timestamp":"2015-03-02T21:07:03.922Z"}
{"level":"info","message":"Recibiendo 2896 bytes de v1-sedal.mp4","timestamp":"2015-03-02T21:07:03.924Z"}
{"level":"info","message":"Recibiendo 1448 bytes de v1-pharmaton.mp4","timestamp":"2015-03-02T21:07:03.980Z"}
{"level":"info","message":"Recibiendo 2896 bytes de v1-pharmaton.mp4","timestamp":"2015-03-02T21:07:03.980Z"}
{"level":"info","message":"Recibiendo 1448 bytes de v1-pharmaton.mp4","timestamp":"2015-03-02T21:07:03.980Z"}
{"level":"info","message":"Recibiendo 1448 bytes de v1-sedal.mp4","timestamp":"2015-03-02T21:07:04.003Z"}
{"level":"info","message":"Recibiendo 1448 bytes de v1-sedal.mp4","timestamp":"2015-03-02T21:07:04.004Z"}
{"level":"info","message":"Recibiendo 1448 bytes de v1-sedal.mp4","timestamp":"2015-03-02T21:07:04.023Z"}
{"level":"info","message":"Recibiendo 1448 bytes de v1-nutriacademia.mp4","timestamp":"2015-03-02T21:07:04.027Z"}
{"level":"info","message":"Recibiendo 1448 bytes de v1-nutriacademia.mp4","timestamp":"2015-03-02T21:07:04.033Z"}
{"level":"info","message":"Recibiendo 1448 bytes de v1-nutriacademia.mp4","timestamp":"2015-03-02T21:07:04.034Z"}
{"level":"info","message":"Recibiendo 1448 bytes de v1-nutriacademia.mp4","timestamp":"2015-03-02T21:07:04.034Z"}
{"level":"info","message":"Recibiendo 1448 bytes de v1-pharmaton.mp4","timestamp":"2015-03-02T21:07:04.036Z"}
{"level":"info","message":"Recibiendo 1448 bytes de v1-pharmaton.mp4","timestamp":"2015-03-02T21:07:04.039Z"}
{"level":"info","message":"Recibiendo 1448 bytes de v1-pharmaton.mp4","timestamp":"2015-03-02T21:07:04.042Z"}
{"level":"info","message":"Recibiendo 1448 bytes de v1-pharmaton.mp4","timestamp":"2015-03-02T21:07:04.043Z"}
{"level":"info","message":"Recibiendo 1448 bytes de v1-sedal.mp4","timestamp":"2015-03-02T21:07:04.055Z"}
{"level":"info","message":"Recibiendo 2896 bytes de v1-sedal.mp4","timestamp":"2015-03-02T21:07:04.056Z"}
{"level":"info","message":"Recibiendo 1448 bytes de v1-sedal.mp4","timestamp":"2015-03-02T21:07:04.058Z"}
{"level":"info","message":"Recibiendo 14480 bytes de v1-freestile-optium.mp4","timestamp":"2015-03-02T21:07:04.064Z"}
{"level":"info","message":"Recibiendo 1448 bytes de v1-freestile-optium.mp4","timestamp":"2015-03-02T21:07:04.064Z"}
{"level":"info","message":"Recibiendo 1448 bytes de v1-pharmaton.mp4","timestamp":"2015-03-02T21:07:04.078Z"}
{"level":"info","message":"Recibiendo 1448 bytes de v1-pharmaton.mp4","timestamp":"2015-03-02T21:07:04.082Z"}
{"level":"info","message":"Recibiendo 1448 bytes de v1-pharmaton.mp4","timestamp":"2015-03-02T21:07:04.083Z"}
{"level":"info","message":"Recibiendo 2896 bytes de v1-pharmaton.mp4","timestamp":"2015-03-02T21:07:04.083Z"}
{"level":"info","message":"Recibiendo 1448 bytes de v1-freestile-optium.mp4","timestamp":"2015-03-02T21:07:04.084Z"}
{"level":"info","message":"Recibiendo 1448 bytes de v1-freestile-optium.mp4","timestamp":"2015-03-02T21:07:04.122Z"}
{"level":"info","message":"Recibiendo 1448 bytes de v1-freestile-optium.mp4","timestamp":"2015-03-02T21:07:04.126Z"}
{"level":"info","message":"Recibiendo 10136 bytes de v1-eucerin.mp4","timestamp":"2015-03-02T21:07:04.133Z"}
{"level":"info","message":"Recibiendo 1448 bytes de v1-pharmaton.mp4","timestamp":"2015-03-02T21:07:04.133Z"}
{"level":"info","message":"Recibiendo 1448 bytes de v1-pharmaton.mp4","timestamp":"2015-03-02T21:07:04.134Z"}
{"level":"info","message":"Recibiendo 1448 bytes de v1-pharmaton.mp4","timestamp":"2015-03-02T21:07:04.134Z"}
{"level":"info","message":"Recibiendo 1448 bytes de v1-pharmaton.mp4","timestamp":"2015-03-02T21:07:04.134Z"}
{"level":"info","message":"Recibiendo 1448 bytes de v1-sedal.mp4","timestamp":"2015-03-02T21:07:04.135Z"}
{"level":"info","message":"Recibiendo 1448 bytes de v1-sedal.mp4","timestamp":"2015-03-02T21:07:04.135Z"}
{"level":"info","message":"Recibiendo 2896 bytes de v1-sedal.mp4","timestamp":"2015-03-02T21:07:04.140Z"}
{"level":"info","message":"Recibiendo 1448 bytes de v1-pharmaton.mp4","timestamp":"2015-03-02T21:07:04.179Z"}
{"level":"info","message":"Recibiendo 1448 bytes de v1-pharmaton.mp4","timestamp":"2015-03-02T21:07:04.179Z"}
{"level":"info","message":"Recibiendo 1448 bytes de v1-pharmaton.mp4","timestamp":"2015-03-02T21:07:04.180Z"}
{"level":"info","message":"Recibiendo 1448 bytes de v1-pharmaton.mp4","timestamp":"2015-03-02T21:07:04.180Z"}
{"level":"info","message":"Recibiendo 1448 bytes de v1-eucerin.mp4","timestamp":"2015-03-02T21:07:04.180Z"}
{"level":"info","message":"Recibiendo 1448 bytes de v1-sedal.mp4","timestamp":"2015-03-02T21:07:04.198Z"}
{"level":"info","message":"Recibiendo 1448 bytes de v1-sedal.mp4","timestamp":"2015-03-02T21:07:04.198Z"}
{"level":"info","message":"Recibiendo 1448 bytes de v1-sedal.mp4","timestamp":"2015-03-02T21:07:04.198Z"}
{"level":"info","message":"Recibiendo 1448 bytes de v1-eucerin.mp4","timestamp":"2015-03-02T21:07:04.279Z"}
{"level":"info","message":"Recibiendo 1448 bytes de v1-eucerin.mp4","timestamp":"2015-03-02T21:07:04.282Z"}
{"level":"info","message":"Recibiendo 1448 bytes de v1-sedal.mp4","timestamp":"2015-03-02T21:07:04.286Z"}
{"level":"info","message":"Recibiendo 1448 bytes de v1-sedal.mp4","timestamp":"2015-03-02T21:07:04.286Z"}
{"level":"info","message":"Recibiendo 13032 bytes de v1-freestile-optium.mp4","timestamp":"2015-03-02T21:07:04.301Z"}
{"level":"info","message":"Recibiendo 1448 bytes de v1-sedal.mp4","timestamp":"2015-03-02T21:07:04.301Z"}
{"level":"info","message":"Recibiendo 1448 bytes de v1-sedal.mp4","timestamp":"2015-03-02T21:07:04.302Z"}
{"level":"info","message":"Recibiendo 1448 bytes de v1-sedal.mp4","timestamp":"2015-03-02T21:07:04.302Z"}
{"level":"info","message":"Recibiendo 1448 bytes de v1-sedal.mp4","timestamp":"2015-03-02T21:07:04.302Z"}
{"level":"info","message":"Recibiendo 1448 bytes de v1-freestile-optium.mp4","timestamp":"2015-03-02T21:07:04.309Z"}
{"level":"info","message":"Recibiendo 17376 bytes de v1-nutriacademia.mp4","timestamp":"2015-03-02T21:07:04.402Z"}
{"level":"info","message":"Recibiendo 1448 bytes de v1-sedal.mp4","timestamp":"2015-03-02T21:07:04.403Z"}
{"level":"info","message":"Recibiendo 2896 bytes de v1-sedal.mp4","timestamp":"2015-03-02T21:07:04.403Z"}
{"level":"info","message":"Recibiendo 1448 bytes de v1-freestile-optium.mp4","timestamp":"2015-03-02T21:07:04.404Z"}
{"level":"info","message":"Recibiendo 1448 bytes de v1-freestile-optium.mp4","timestamp":"2015-03-02T21:07:04.408Z"}
{"level":"info","message":"Recibiendo 1448 bytes de v1-freestile-optium.mp4","timestamp":"2015-03-02T21:07:04.420Z"}
{"level":"info","message":"Recibiendo 1448 bytes de v1-sedal.mp4","timestamp":"2015-03-02T21:07:04.421Z"}
{"level":"info","message":"Recibiendo 1448 bytes de v1-sedal.mp4","timestamp":"2015-03-02T21:07:04.422Z"}
{"level":"info","message":"Recibiendo 1448 bytes de v1-sedal.mp4","timestamp":"2015-03-02T21:07:04.422Z"}
{"level":"info","message":"Recibiendo 1448 bytes de v1-freestile-optium.mp4","timestamp":"2015-03-02T21:07:04.467Z"}
{"level":"info","message":"Recibiendo 1448 bytes de v1-freestile-optium.mp4","timestamp":"2015-03-02T21:07:04.467Z"}
{"level":"info","message":"Recibiendo 1448 bytes de v1-nutriacademia.mp4","timestamp":"2015-03-02T21:07:04.475Z"}
{"level":"info","message":"Recibiendo 1448 bytes de v1-nutriacademia.mp4","timestamp":"2015-03-02T21:07:04.499Z"}
{"level":"info","message":"Recibiendo 8688 bytes de v1-eucerin.mp4","timestamp":"2015-03-02T21:07:04.505Z"}
{"level":"info","message":"Recibiendo 27512 bytes de v1-pharmaton.mp4","timestamp":"2015-03-02T21:07:04.505Z"}
{"level":"info","message":"Recibiendo 1448 bytes de v1-pharmaton.mp4","timestamp":"2015-03-02T21:07:04.506Z"}
{"level":"info","message":"Recibiendo 2896 bytes de v1-freestile-optium.mp4","timestamp":"2015-03-02T21:07:04.518Z"}
{"level":"info","message":"Recibiendo 1448 bytes de v1-pharmaton.mp4","timestamp":"2015-03-02T21:07:04.519Z"}
{"level":"info","message":"Recibiendo 1448 bytes de v1-pharmaton.mp4","timestamp":"2015-03-02T21:07:04.519Z"}
{"level":"info","message":"Recibiendo 1448 bytes de v1-pharmaton.mp4","timestamp":"2015-03-02T21:07:04.529Z"}
{"level":"info","message":"Recibiendo 1448 bytes de v1-pharmaton.mp4","timestamp":"2015-03-02T21:07:04.529Z"}
{"level":"info","message":"Recibiendo 1448 bytes de v1-freestile-optium.mp4","timestamp":"2015-03-02T21:07:04.544Z"}
{"level":"info","message":"Recibiendo 1448 bytes de v1-freestile-optium.mp4","timestamp":"2015-03-02T21:07:04.545Z"}
