{"level":"info","message":"Recibiendo 1448 bytes de v1-freestile-optium.mp4","timestamp":"2015-03-02T21:07:35.873Z"}
{"level":"info","message":"Recibiendo 1448 bytes de v1-freestile-optium.mp4","timestamp":"2015-03-02T21:07:35.874Z"}
{"level":"info","message":"Recibiendo 1448 bytes de v1-freestile-optium.mp4","timestamp":"2015-03-02T21:07:35.876Z"}
{"level":"info","message":"Recibiendo 1448 bytes de v1-freestile-optium.mp4","timestamp":"2015-03-02T21:07:35.876Z"}
{"level":"info","message":"Recibiendo 2896 bytes de v1-eucerin-hyaluron.mp4","timestamp":"2015-03-02T21:07:35.881Z"}
{"level":"info","message":"Recibiendo 1448 bytes de v1-eucerin-hyaluron.mp4","timestamp":"2015-03-02T21:07:35.881Z"}
{"level":"info","message":"Recibiendo 1448 bytes de v1-eucerin-hyaluron.mp4","timestamp":"2015-03-02T21:07:35.882Z"}
{"level":"info","message":"Recibiendo 2896 bytes de v1-eucerin-hyaluron.mp4","timestamp":"2015-03-02T21:07:35.882Z"}
{"level":"info","message":"Recibiendo 1448 bytes de v1-sedal.mp4","timestamp":"2015-03-02T21:07:35.902Z"}
{"level":"info","message":"Recibiendo 1448 bytes de v1-sedal.mp4","timestamp":"2015-03-02T21:07:35.912Z"}
{"level":"info","message":"Recibiendo 1448 bytes de v1-sedal.mp4","timestamp":"2015-03-02T21:07:35.926Z"}
{"level":"info","message":"Recibiendo 2896 bytes de v1-sedal.mp4","timestamp":"2015-03-02T21:07:35.928Z"}
{"level":"info","message":"Recibiendo 2896 bytes de v1-sedal.mp4","timestamp":"2015-03-02T21:07:35.928Z"}
{"level":"info","message":"Recibiendo 1448 bytes de v1-sedal.mp4","timestamp":"2015-03-02T21:07:35.929Z"}
{"level":"info","message":"Recibiendo 2896 bytes de v1-nutriacademia.mp4","timestamp":"2015-03-02T21:07:35.933Z"}
{"level":"info","message":"Recibiendo 1448 bytes de v1-freestile-optium.mp4","timestamp":"2015-03-02T21:07:35.945Z"}
{"level":"info","message":"Recibiendo 2896 bytes de v1-freestile-optium.mp4","timestamp":"2015-03-02T21:07:35.946Z"}
{"level":"info","message":"Recibiendo 1448 bytes de v1-nutriacademia.mp4","timestamp":"2015-03-02T21:07:35.955Z"}
{"level":"info","message":"Recibiendo 2896 bytes de v1-nutriacademia.mp4","timestamp":"2015-03-02T21:07:35.955Z"}
{"level":"info","message":"Recibiendo 1448 bytes de v1-nutriacademia.mp4","timestamp":"2015-03-02T21:07:35.955Z"}
{"level":"info","message":"Recibiendo 1448 bytes de v1-eucerin-hyaluron.mp4","timestamp":"2015-03-02T21:07:35.956Z"}
{"level":"info","message":"Recibiendo 1448 bytes de v1-eucerin-hyaluron.mp4","timestamp":"2015-03-02T21:07:35.956Z"}
{"level":"info","message":"Recibiendo 1448 bytes de v1-eucerin-hyaluron.mp4","timestamp":"2015-03-02T21:07:35.956Z"}
{"level":"info","message":"Recibiendo 1448 bytes de v1-eucerin-hyaluron.mp4","timestamp":"2015-03-02T21:07:35.957Z"}
{"level":"info","message":"Recibiendo 1448 bytes de v1-eucerin-hyaluron.mp4","timestamp":"2015-03-02T21:07:35.957Z"}
{"level":"info","message":"Recibiendo 1448 bytes de v1-eucerin-hyaluron.mp4","timestamp":"2015-03-02T21:07:35.957Z"}
{"level":"info","message":"Recibiendo 1448 bytes de v1-pharmaton.mp4","timestamp":"2015-03-02T21:07:35.967Z"}
{"level":"info","message":"Recibiendo 1448 bytes de v1-pharmaton.mp4","timestamp":"2015-03-02T21:07:35.969Z"}
{"level":"info","message":"Recibiendo 1448 bytes de v1-pharmaton.mp4","timestamp":"2015-03-02T21:07:35.972Z"}
{"level":"info","message":"Recibiendo 2896 bytes de v1-freestile-optium.mp4","timestamp":"2015-03-02T21:07:35.978Z"}
{"level":"info","message":"Recibiendo 2896 bytes de v1-freestile-optium.mp4","timestamp":"2015-03-02T21:07:36.008Z"}
{"level":"info","message":"Recibiendo 5792 bytes de v1-pharmaton.mp4","timestamp":"2015-03-02T21:07:36.008Z"}
{"level":"info","message":"Recibiendo 1448 bytes de v1-freestile-optium.mp4","timestamp":"2015-03-02T21:07:36.017Z"}
{"level":"info","message":"Recibiendo 1448 bytes de v1-pharmaton.mp4","timestamp":"2015-03-02T21:07:36.017Z"}
{"level":"info","message":"Recibiendo 1448 bytes de v1-freestile-optium.mp4","timestamp":"2015-03-02T21:07:36.020Z"}
{"level":"info","message":"Recibiendo 1448 bytes de v1-freestile-optium.mp4","timestamp":"2015-03-02T21:07:36.020Z"}
{"level":"info","message":"Recibiendo 1448 bytes de v1-freestile-optium.mp4","timestamp":"2015-03-02T21:07:36.021Z"}
{"level":"info","message":"Recibiendo 1448 bytes de v1-freestile-optium.mp4","timestamp":"2015-03-02T21:07:36.024Z"}
{"level":"info","message":"Recibiendo 1448 bytes de v1-eucerin-hyaluron.mp4","timestamp":"2015-03-02T21:07:36.024Z"}
{"level":"info","message":"Recibiendo 1448 bytes de v1-eucerin-hyaluron.mp4","timestamp":"2015-03-02T21:07:36.025Z"}
{"level":"info","message":"Recibiendo 1448 bytes de v1-eucerin-hyaluron.mp4","timestamp":"2015-03-02T21:07:36.025Z"}
{"level":"info","message":"Recibiendo 1448 bytes de v1-eucerin-hyaluron.mp4","timestamp":"2015-03-02T21:07:36.026Z"}
{"level":"info","message":"Recibiendo 1448 bytes de v1-pharmaton.mp4","timestamp":"2015-03-02T21:07:36.027Z"}
{"level":"info","message":"Recibiendo 2896 bytes de v1-pharmaton.mp4","timestamp":"2015-03-02T21:07:36.031Z"}
{"level":"info","message":"Recibiendo 2896 bytes de v1-sedal.mp4","timestamp":"2015-03-02T21:07:36.032Z"}
{"level":"info","message":"Recibiendo 2896 bytes de v1-sedal.mp4","timestamp":"2015-03-02T21:07:36.032Z"}
{"level":"info","message":"Recibiendo 2896 bytes de v1-sedal.mp4","timestamp":"2015-03-02T21:07:36.033Z"}
{"level":"info","message":"Recibiendo 1448 bytes de v1-sedal.mp4","timestamp":"2015-03-02T21:07:36.034Z"}
{"level":"info","message":"Recibiendo 5792 bytes de v1-sedal.mp4","timestamp":"2015-03-02T21:07:36.039Z"}
{"level":"info","message":"Recibiendo 8688 bytes de v1-nutriacademia.mp4","timestamp":"2015-03-02T21:07:36.039Z"}
{"level":"info","message":"Recibiendo 1448 bytes de v1-nutriacademia.mp4","timestamp":"2015-03-02T21:07:36.050Z"}
{"level":"info","message":"Recibiendo 2896 bytes de v1-nutriacademia.mp4","timestamp":"2015-03-02T21:07:36.051Z"}
{"level":"info","message":"Recibiendo 1448 bytes de v1-eucerin-hyaluron.mp4","timestamp":"2015-03-02T21:07:36.051Z"}
{"level":"info","message":"Recibiendo 1448 bytes de v1-eucerin-hyaluron.mp4","timestamp":"2015-03-02T21:07:36.051Z"}
{"level":"info","message":"Recibiendo 1448 bytes de v1-eucerin-hyaluron.mp4","timestamp":"2015-03-02T21:07:36.052Z"}
{"level":"info","message":"Recibiendo 4344 bytes de v1-eucerin-hyaluron.mp4","timestamp":"2015-03-02T21:07:36.053Z"}
{"level":"info","message":"Recibiendo 2896 bytes de v1-eucerin-hyaluron.mp4","timestamp":"2015-03-02T21:07:36.054Z"}
{"level":"info","message":"Recibiendo 1448 bytes de v1-eucerin-hyaluron.mp4","timestamp":"2015-03-02T21:07:36.054Z"}
{"level":"info","message":"Recibiendo 1448 bytes de v1-eucerin-hyaluron.mp4","timestamp":"2015-03-02T21:07:36.055Z"}
{"level":"info","message":"Recibiendo 1448 bytes de v1-freestile-optium.mp4","timestamp":"2015-03-02T21:07:36.055Z"}
{"level":"info","message":"Recibiendo 1448 bytes de v1-freestile-optium.mp4","timestamp":"2015-03-02T21:07:36.055Z"}
{"level":"info","message":"Recibiendo 1448 bytes de v1-freestile-optium.mp4","timestamp":"2015-03-02T21:07:36.056Z"}
{"level":"info","message":"Recibiendo 1448 bytes de v1-freestile-optium.mp4","timestamp":"2015-03-02T21:07:36.056Z"}
{"level":"info","message":"Recibiendo 1448 bytes de v1-pharmaton.mp4","timestamp":"2015-03-02T21:07:36.056Z"}
{"level":"info","message":"Recibiendo 1448 bytes de v1-pharmaton.mp4","timestamp":"2015-03-02T21:07:36.057Z"}
{"level":"info","message":"Recibiendo 1448 bytes de v1-pharmaton.mp4","timestamp":"2015-03-02T21:07:36.057Z"}
{"level":"info","message":"Recibiendo 4344 bytes de v1-pharmaton.mp4","timestamp":"2015-03-02T21:07:36.068Z"}
{"level":"info","message":"Recibiendo 1448 bytes de v1-pharmaton.mp4","timestamp":"2015-03-02T21:07:36.071Z"}
{"level":"info","message":"Recibiendo 5792 bytes de v1-freestile-optium.mp4","timestamp":"2015-03-02T21:07:36.072Z"}
{"level":"info","message":"Recibiendo 1448 bytes de v1-freestile-optium.mp4","timestamp":"2015-03-02T21:07:36.079Z"}
{"level":"info","message":"Recibiendo 2896 bytes de v1-freestile-optium.mp4","timestamp":"2015-03-02T21:07:36.102Z"}
{"level":"info","message":"Recibiendo 1448 bytes de v1-freestile-optium.mp4","timestamp":"2015-03-02T21:07:36.102Z"}
{"level":"info","message":"Recibiendo 2896 bytes de v1-pharmaton.mp4","timestamp":"2015-03-02T21:07:36.103Z"}
{"level":"info","message":"Recibiendo 1448 bytes de v1-pharmaton.mp4","timestamp":"2015-03-02T21:07:36.104Z"}
{"level":"info","message":"Recibiendo 1448 bytes de v1-pharmaton.mp4","timestamp":"2015-03-02T21:07:36.104Z"}
{"level":"info","message":"Recibiendo 1448 bytes de v1-pharmaton.mp4","timestamp":"2015-03-02T21:07:36.105Z"}
{"level":"info","message":"Recibiendo 1448 bytes de v1-sedal.mp4","timestamp":"2015-03-02T21:07:36.105Z"}
{"level":"info","message":"Recibiendo 1448 bytes de v1-sedal.mp4","timestamp":"2015-03-02T21:07:36.105Z"}
{"level":"info","message":"Recibiendo 2896 bytes de v1-sedal.mp4","timestamp":"2015-03-02T21:07:36.106Z"}
{"level":"info","message":"Recibiendo 1448 bytes de v1-sedal.mp4","timestamp":"2015-03-02T21:07:36.106Z"}
{"level":"info","message":"Recibiendo 1448 bytes de v1-sedal.mp4","timestamp":"2015-03-02T21:07:36.107Z"}
{"level":"info","message":"Recibiendo 1448 bytes de v1-sedal.mp4","timestamp":"2015-03-02T21:07:36.107Z"}
{"level":"info","message":"Recibiendo 1448 bytes de v1-sedal.mp4","timestamp":"2015-03-02T21:07:36.107Z"}
{"level":"info","message":"Recibiendo 2896 bytes de v1-nutriacademia.mp4","timestamp":"2015-03-02T21:07:36.108Z"}
{"level":"info","message":"Recibiendo 1448 bytes de v1-nutriacademia.mp4","timestamp":"2015-03-02T21:07:36.108Z"}
{"level":"info","message":"Recibiendo 1448 bytes de v1-nutriacademia.mp4","timestamp":"2015-03-02T21:07:36.109Z"}
{"level":"info","message":"Recibiendo 1448 bytes de v1-nutriacademia.mp4","timestamp":"2015-03-02T21:07:36.109Z"}
{"level":"info","message":"Recibiendo 1448 bytes de v1-nutriacademia.mp4","timestamp":"2015-03-02T21:07:36.109Z"}
{"level":"info","message":"Recibiendo 1448 bytes de v1-nutriacademia.mp4","timestamp":"2015-03-02T21:07:36.109Z"}
{"level":"info","message":"Recibiendo 1448 bytes de v1-nutriacademia.mp4","timestamp":"2015-03-02T21:07:36.110Z"}
{"level":"info","message":"Recibiendo 4344 bytes de v1-eucerin-hyaluron.mp4","timestamp":"2015-03-02T21:07:36.111Z"}
