{"level":"info","message":"Recibiendo 1448 bytes de v1-donar.mp4","timestamp":"2015-03-02T21:06:42.887Z"}
{"level":"info","message":"Recibiendo 1448 bytes de v1-donar.mp4","timestamp":"2015-03-02T21:06:42.888Z"}
{"level":"info","message":"Recibiendo 2896 bytes de v1-lucerna.mp4","timestamp":"2015-03-02T21:06:42.894Z"}
{"level":"info","message":"Recibiendo 2896 bytes de v1-lucerna.mp4","timestamp":"2015-03-02T21:06:42.899Z"}
{"level":"info","message":"Recibiendo 1448 bytes de v1-lucerna.mp4","timestamp":"2015-03-02T21:06:42.899Z"}
{"level":"info","message":"Recibiendo 1448 bytes de v1-pharmaton.mp4","timestamp":"2015-03-02T21:06:42.900Z"}
{"level":"info","message":"Recibiendo 2896 bytes de v1-pharmaton.mp4","timestamp":"2015-03-02T21:06:42.900Z"}
{"level":"info","message":"Recibiendo 2896 bytes de v1-eucerin.mp4","timestamp":"2015-03-02T21:06:42.909Z"}
{"level":"info","message":"Recibiendo 1448 bytes de v1-eucerin.mp4","timestamp":"2015-03-02T21:06:42.909Z"}
{"level":"info","message":"Recibiendo 1448 bytes de v1-eucerin.mp4","timestamp":"2015-03-02T21:06:42.910Z"}
{"level":"info","message":"Recibiendo 1448 bytes de v1-gador.mp4","timestamp":"2015-03-02T21:06:42.910Z"}
{"level":"info","message":"Recibiendo 2896 bytes de v1-gador.mp4","timestamp":"2015-03-02T21:06:42.911Z"}
{"level":"info","message":"Recibiendo 1448 bytes de v1-pharmaton.mp4","timestamp":"2015-03-02T21:06:42.911Z"}
{"level":"info","message":"Recibiendo 1448 bytes de v1-pharmaton.mp4","timestamp":"2015-03-02T21:06:42.912Z"}
{"level":"info","message":"Recibiendo 2896 bytes de v1-pharmaton.mp4","timestamp":"2015-03-02T21:06:42.919Z"}
{"level":"info","message":"Recibiendo 1448 bytes de v1-gador.mp4","timestamp":"2015-03-02T21:06:42.929Z"}
{"level":"info","message":"Recibiendo 1448 bytes de v1-gador.mp4","timestamp":"2015-03-02T21:06:42.930Z"}
{"level":"info","message":"Recibiendo 1448 bytes de v1-gador.mp4","timestamp":"2015-03-02T21:06:42.935Z"}
{"level":"info","message":"Recibiendo 1448 bytes de v1-gador.mp4","timestamp":"2015-03-02T21:06:42.936Z"}
{"level":"info","message":"Recibiendo 1448 bytes de v1-donar.mp4","timestamp":"2015-03-02T21:06:42.937Z"}
{"level":"info","message":"Recibiendo 1448 bytes de v1-donar.mp4","timestamp":"2015-03-02T21:06:42.937Z"}
{"level":"info","message":"Recibiendo 1448 bytes de v1-donar.mp4","timestamp":"2015-03-02T21:06:42.938Z"}
{"level":"info","message":"Recibiendo 1448 bytes de v1-donar.mp4","timestamp":"2015-03-02T21:06:42.939Z"}
{"level":"info","message":"Recibiendo 1448 bytes de v1-donar.mp4","timestamp":"2015-03-02T21:06:42.940Z"}
{"level":"info","message":"Recibiendo 1448 bytes de v1-eucerin.mp4","timestamp":"2015-03-02T21:06:42.968Z"}
{"level":"info","message":"Recibiendo 2896 bytes de v1-eucerin.mp4","timestamp":"2015-03-02T21:06:42.969Z"}
{"level":"info","message":"Recibiendo 1448 bytes de v1-eucerin.mp4","timestamp":"2015-03-02T21:06:42.969Z"}
{"level":"info","message":"Recibiendo 1448 bytes de v1-donar.mp4","timestamp":"2015-03-02T21:06:42.988Z"}
{"level":"info","message":"Recibiendo 1448 bytes de v1-donar.mp4","timestamp":"2015-03-02T21:06:42.989Z"}
{"level":"info","message":"Recibiendo 1448 bytes de v1-donar.mp4","timestamp":"2015-03-02T21:06:42.989Z"}
{"level":"info","message":"Recibiendo 1448 bytes de v1-donar.mp4","timestamp":"2015-03-02T21:06:42.989Z"}
{"level":"info","message":"Recibiendo 2896 bytes de v1-lucerna.mp4","timestamp":"2015-03-02T21:06:42.990Z"}
{"level":"info","message":"Recibiendo 1448 bytes de v1-lucerna.mp4","timestamp":"2015-03-02T21:06:42.990Z"}
{"level":"info","message":"Recibiendo 2896 bytes de v1-lucerna.mp4","timestamp":"2015-03-02T21:06:43.005Z"}
{"level":"info","message":"Recibiendo 2896 bytes de v1-pharmaton.mp4","timestamp":"2015-03-02T21:06:43.007Z"}
{"level":"info","message":"Recibiendo 1448 bytes de v1-pharmaton.mp4","timestamp":"2015-03-02T21:06:43.007Z"}
{"level":"info","message":"Recibiendo 5792 bytes de v1-eucerin.mp4","timestamp":"2015-03-02T21:06:43.009Z"}
{"level":"info","message":"Recibiendo 1448 bytes de v1-gador.mp4","timestamp":"2015-03-02T21:06:43.009Z"}
{"level":"info","message":"Recibiendo 1448 bytes de v1-gador.mp4","timestamp":"2015-03-02T21:06:43.022Z"}
{"level":"info","message":"Recibiendo 1448 bytes de v1-gador.mp4","timestamp":"2015-03-02T21:06:43.023Z"}
{"level":"info","message":"Recibiendo 1448 bytes de v1-gador.mp4","timestamp":"2015-03-02T21:06:43.023Z"}
{"level":"info","message":"Recibiendo 2896 bytes de v1-pharmaton.mp4","timestamp":"2015-03-02T21:06:43.042Z"}
{"level":"info","message":"Recibiendo 1448 bytes de v1-pharmaton.mp4","timestamp":"2015-03-02T21:06:43.043Z"}
{"level":"info","message":"Recibiendo 1448 bytes de v1-pharmaton.mp4","timestamp":"2015-03-02T21:06:43.043Z"}
{"level":"info","message":"Recibiendo 1448 bytes de v1-gador.mp4","timestamp":"2015-03-02T21:06:43.044Z"}
{"level":"info","message":"Recibiendo 1448 bytes de v1-gador.mp4","timestamp":"2015-03-02T21:06:43.044Z"}
{"level":"info","message":"Recibiendo 2896 bytes de v1-gador.mp4","timestamp":"2015-03-02T21:06:43.046Z"}
{"level":"info","message":"Recibiendo 1448 bytes de v1-donar.mp4","timestamp":"2015-03-02T21:06:43.066Z"}
{"level":"info","message":"Recibiendo 1448 bytes de v1-donar.mp4","timestamp":"2015-03-02T21:06:43.066Z"}
{"level":"info","message":"Recibiendo 2896 bytes de v1-donar.mp4","timestamp":"2015-03-02T21:06:43.067Z"}
{"level":"info","message":"Recibiendo 1448 bytes de v1-donar.mp4","timestamp":"2015-03-02T21:06:43.067Z"}
{"level":"info","message":"Recibiendo 1448 bytes de v1-donar.mp4","timestamp":"2015-03-02T21:06:43.068Z"}
{"level":"info","message":"Recibiendo 1448 bytes de v1-eucerin.mp4","timestamp":"2015-03-02T21:06:43.074Z"}
{"level":"info","message":"Recibiendo 1448 bytes de v1-eucerin.mp4","timestamp":"2015-03-02T21:06:43.144Z"}
{"level":"info","message":"Recibiendo 1448 bytes de v1-eucerin.mp4","timestamp":"2015-03-02T21:06:43.145Z"}
{"level":"info","message":"Recibiendo 1448 bytes de v1-eucerin.mp4","timestamp":"2015-03-02T21:06:43.147Z"}
{"level":"info","message":"Recibiendo 4344 bytes de v1-donar.mp4","timestamp":"2015-03-02T21:06:43.148Z"}
{"level":"info","message":"Recibiendo 1448 bytes de v1-donar.mp4","timestamp":"2015-03-02T21:06:43.149Z"}
{"level":"info","message":"Recibiendo 1448 bytes de v1-donar.mp4","timestamp":"2015-03-02T21:06:43.163Z"}
{"level":"info","message":"Recibiendo 1448 bytes de v1-lucerna.mp4","timestamp":"2015-03-02T21:06:43.164Z"}
{"level":"info","message":"Recibiendo 2896 bytes de v1-lucerna.mp4","timestamp":"2015-03-02T21:06:43.164Z"}
{"level":"info","message":"Recibiendo 1448 bytes de v1-lucerna.mp4","timestamp":"2015-03-02T21:06:43.165Z"}
{"level":"info","message":"Recibiendo 1448 bytes de v1-pharmaton.mp4","timestamp":"2015-03-02T21:06:43.166Z"}
{"level":"info","message":"Recibiendo 1448 bytes de v1-pharmaton.mp4","timestamp":"2015-03-02T21:06:43.166Z"}
{"level":"info","message":"Recibiendo 1448 bytes de v1-pharmaton.mp4","timestamp":"2015-03-02T21:06:43.167Z"}
{"level":"info","message":"Recibiendo 2896 bytes de v1-eucerin.mp4","timestamp":"2015-03-02T21:06:43.167Z"}
{"level":"info","message":"Recibiendo 2896 bytes de v1-eucerin.mp4","timestamp":"2015-03-02T21:06:43.169Z"}
{"level":"info","message":"Recibiendo 4344 bytes de v1-gador.mp4","timestamp":"2015-03-02T21:06:43.170Z"}
{"level":"info","message":"Recibiendo 1448 bytes de v1-gador.mp4","timestamp":"2015-03-02T21:06:43.170Z"}
{"level":"info","message":"Recibiendo 1448 bytes de v1-pharmaton.mp4","timestamp":"2015-03-02T21:06:43.171Z"}
{"level":"info","message":"Recibiendo 1448 bytes de v1-pharmaton.mp4","timestamp":"2015-03-02T21:06:43.172Z"}
{"level":"info","message":"Recibiendo 2896 bytes de v1-pharmaton.mp4","timestamp":"2015-03-02T21:06:43.172Z"}
{"level":"info","message":"Recibiendo 2896 bytes de v1-gador.mp4","timestamp":"2015-03-02T21:06:43.173Z"}
{"level":"info","message":"Recibiendo 2896 bytes de v1-gador.mp4","timestamp":"2015-03-02T21:06:43.173Z"}
{"level":"info","message":"Recibiendo 1448 bytes de v1-lucerna.mp4","timestamp":"2015-03-02T21:06:43.179Z"}
{"level":"info","message":"Recibiendo 2896 bytes de v1-lucerna.mp4","timestamp":"2015-03-02T21:06:43.182Z"}
{"level":"info","message":"Recibiendo 1448 bytes de v1-donar.mp4","timestamp":"2015-03-02T21:06:43.182Z"}
{"level":"info","message":"Recibiendo 1448 bytes de v1-donar.mp4","timestamp":"2015-03-02T21:06:43.193Z"}
{"level":"info","message":"Recibiendo 1448 bytes de v1-donar.mp4","timestamp":"2015-03-02T21:06:43.209Z"}
{"level":"info","message":"Recibiendo 1448 bytes de v1-donar.mp4","timestamp":"2015-03-02T21:06:43.210Z"}
{"level":"info","message":"Recibiendo 1448 bytes de v1-eucerin.mp4","timestamp":"2015-03-02T21:06:43.210Z"}
{"level":"info","message":"Recibiendo 2896 bytes de v1-eucerin.mp4","timestamp":"2015-03-02T21:06:43.215Z"}
{"level":"info","message":"Recibiendo 1448 bytes de v1-donar.mp4","timestamp":"2015-03-02T21:06:43.233Z"}
{"level":"info","message":"Recibiendo 1448 bytes de v1-donar.mp4","timestamp":"2015-03-02T21:06:43.233Z"}
{"level":"info","message":"Recibiendo 1448 bytes de v1-donar.mp4","timestamp":"2015-03-02T21:06:43.235Z"}
{"level":"info","message":"Recibiendo 1448 bytes de v1-donar.mp4","timestamp":"2015-03-02T21:06:43.235Z"}
{"level":"info","message":"Recibiendo 1448 bytes de v1-lucerna.mp4","timestamp":"2015-03-02T21:06:43.236Z"}
{"level":"info","message":"Recibiendo 2896 bytes de v1-lucerna.mp4","timestamp":"2015-03-02T21:06:43.239Z"}
{"level":"info","message":"Recibiendo 4344 bytes de v1-pharmaton.mp4","timestamp":"2015-03-02T21:06:43.240Z"}
{"level":"info","message":"Recibiendo 1448 bytes de v1-eucerin.mp4","timestamp":"2015-03-02T21:06:43.240Z"}
{"level":"info","message":"Recibiendo 2896 bytes de v1-eucerin.mp4","timestamp":"2015-03-02T21:06:43.261Z"}
{"level":"info","message":"Recibiendo 1448 bytes de v1-eucerin.mp4","timestamp":"2015-03-02T21:06:43.262Z"}
{"level":"info","message":"Recibiendo 1448 bytes de v1-gador.mp4","timestamp":"2015-03-02T21:06:43.262Z"}
{"level":"info","message":"Recibiendo 1448 bytes de v1-gador.mp4","timestamp":"2015-03-02T21:06:43.262Z"}
{"level":"info","message":"Recibiendo 1448 bytes de v1-gador.mp4","timestamp":"2015-03-02T21:06:43.263Z"}
{"level":"info","message":"Recibiendo 1448 bytes de v1-gador.mp4","timestamp":"2015-03-02T21:06:43.263Z"}
