{"level":"info","message":"Recibiendo 1448 bytes de v1-centrum.mp4","timestamp":"2015-03-02T21:04:33.912Z"}
{"level":"info","message":"Recibiendo 1448 bytes de v1-centrum.mp4","timestamp":"2015-03-02T21:04:33.912Z"}
{"level":"info","message":"Recibiendo 1448 bytes de v1-centrum.mp4","timestamp":"2015-03-02T21:04:33.912Z"}
{"level":"info","message":"Recibiendo 2896 bytes de v1-donar.mp4","timestamp":"2015-03-02T21:04:33.913Z"}
{"level":"info","message":"Recibiendo 5792 bytes de v1-cuidate.mp4","timestamp":"2015-03-02T21:04:33.917Z"}
{"level":"info","message":"Recibiendo 1448 bytes de v1-donar.mp4","timestamp":"2015-03-02T21:04:33.922Z"}
{"level":"info","message":"Recibiendo 1448 bytes de v1-bh3.mp4","timestamp":"2015-03-02T21:04:33.931Z"}
{"level":"info","message":"Recibiendo 2896 bytes de v1-bh3.mp4","timestamp":"2015-03-02T21:04:33.931Z"}
{"level":"info","message":"Recibiendo 1448 bytes de v1-bh3.mp4","timestamp":"2015-03-02T21:04:33.932Z"}
{"level":"info","message":"Recibiendo 1448 bytes de v1-bh3.mp4","timestamp":"2015-03-02T21:04:33.934Z"}
{"level":"info","message":"Recibiendo 1448 bytes de v1-bh3.mp4","timestamp":"2015-03-02T21:04:33.934Z"}
{"level":"info","message":"Recibiendo 1448 bytes de v1-bh3.mp4","timestamp":"2015-03-02T21:04:33.935Z"}
{"level":"info","message":"Recibiendo 1448 bytes de v1-bh3.mp4","timestamp":"2015-03-02T21:04:33.935Z"}
{"level":"info","message":"Recibiendo 1448 bytes de v1-donar.mp4","timestamp":"2015-03-02T21:04:33.936Z"}
{"level":"info","message":"Recibiendo 1448 bytes de v1-bh3.mp4","timestamp":"2015-03-02T21:04:33.937Z"}
{"level":"info","message":"Recibiendo 1448 bytes de v1-bh3.mp4","timestamp":"2015-03-02T21:04:33.938Z"}
{"level":"info","message":"Recibiendo 1448 bytes de v1-centrum 2.mp4","timestamp":"2015-03-02T21:04:33.941Z"}
{"level":"info","message":"Recibiendo 1448 bytes de v1-centrum 2.mp4","timestamp":"2015-03-02T21:04:33.942Z"}
{"level":"info","message":"Recibiendo 1448 bytes de v1-centrum 2.mp4","timestamp":"2015-03-02T21:04:33.942Z"}
{"level":"info","message":"Recibiendo 1448 bytes de v1-centrum 2.mp4","timestamp":"2015-03-02T21:04:33.942Z"}
{"level":"info","message":"Recibiendo 1448 bytes de v1-centrum 2.mp4","timestamp":"2015-03-02T21:04:33.942Z"}
{"level":"info","message":"Recibiendo 1448 bytes de v1-centrum 2.mp4","timestamp":"2015-03-02T21:04:33.943Z"}
{"level":"info","message":"Recibiendo 1448 bytes de v1-donar.mp4","timestamp":"2015-03-02T21:04:33.953Z"}
{"level":"info","message":"Recibiendo 1448 bytes de v1-donar.mp4","timestamp":"2015-03-02T21:04:33.953Z"}
{"level":"info","message":"Recibiendo 1448 bytes de v1-donar.mp4","timestamp":"2015-03-02T21:04:33.956Z"}
{"level":"info","message":"Recibiendo 1448 bytes de v1-donar.mp4","timestamp":"2015-03-02T21:04:33.957Z"}
{"level":"info","message":"Recibiendo 1448 bytes de v1-donar.mp4","timestamp":"2015-03-02T21:04:33.957Z"}
{"level":"info","message":"Recibiendo 1448 bytes de v1-donar.mp4","timestamp":"2015-03-02T21:04:33.957Z"}
{"level":"info","message":"Recibiendo 1448 bytes de v1-cuidate.mp4","timestamp":"2015-03-02T21:04:33.971Z"}
{"level":"info","message":"Recibiendo 2896 bytes de v1-cuidate.mp4","timestamp":"2015-03-02T21:04:33.972Z"}
{"level":"info","message":"Recibiendo 1448 bytes de v1-donar.mp4","timestamp":"2015-03-02T21:04:33.972Z"}
{"level":"info","message":"Recibiendo 1448 bytes de v1-donar.mp4","timestamp":"2015-03-02T21:04:33.973Z"}
{"level":"info","message":"Recibiendo 1448 bytes de v1-donar.mp4","timestamp":"2015-03-02T21:04:33.973Z"}
{"level":"info","message":"Recibiendo 1448 bytes de v1-donar.mp4","timestamp":"2015-03-02T21:04:33.973Z"}
{"level":"info","message":"Recibiendo 1448 bytes de v1-centrum.mp4","timestamp":"2015-03-02T21:04:33.981Z"}
{"level":"info","message":"Recibiendo 1448 bytes de v1-centrum.mp4","timestamp":"2015-03-02T21:04:33.981Z"}
{"level":"info","message":"Recibiendo 2896 bytes de v1-centrum.mp4","timestamp":"2015-03-02T21:04:33.982Z"}
{"level":"info","message":"Recibiendo 1448 bytes de v1-centrum.mp4","timestamp":"2015-03-02T21:04:33.982Z"}
{"level":"info","message":"Recibiendo 1448 bytes de v1-centrum.mp4","timestamp":"2015-03-02T21:04:33.982Z"}
{"level":"info","message":"Recibiendo 1448 bytes de v1-centrum.mp4","timestamp":"2015-03-02T21:04:33.983Z"}
{"level":"info","message":"Recibiendo 1448 bytes de v1-centrum.mp4","timestamp":"2015-03-02T21:04:33.983Z"}
{"level":"info","message":"Recibiendo 1448 bytes de v1-centrum.mp4","timestamp":"2015-03-02T21:04:33.984Z"}
{"level":"info","message":"Recibiendo 1448 bytes de v1-centrum.mp4","timestamp":"2015-03-02T21:04:33.984Z"}
{"level":"info","message":"Recibiendo 1448 bytes de v1-centrum.mp4","timestamp":"2015-03-02T21:04:33.984Z"}
{"level":"info","message":"Recibiendo 1448 bytes de v1-bh3.mp4","timestamp":"2015-03-02T21:04:33.985Z"}
{"level":"info","message":"Recibiendo 1448 bytes de v1-bh3.mp4","timestamp":"2015-03-02T21:04:33.986Z"}
{"level":"info","message":"Recibiendo 2896 bytes de v1-bh3.mp4","timestamp":"2015-03-02T21:04:33.986Z"}
{"level":"info","message":"Recibiendo 1448 bytes de v1-bh3.mp4","timestamp":"2015-03-02T21:04:33.986Z"}
{"level":"info","message":"Recibiendo 1448 bytes de v1-centrum.mp4","timestamp":"2015-03-02T21:04:33.989Z"}
{"level":"info","message":"Recibiendo 2896 bytes de v1-centrum.mp4","timestamp":"2015-03-02T21:04:33.990Z"}
{"level":"info","message":"Recibiendo 1448 bytes de v1-centrum.mp4","timestamp":"2015-03-02T21:04:33.990Z"}
{"level":"info","message":"Recibiendo 1448 bytes de v1-centrum.mp4","timestamp":"2015-03-02T21:04:33.990Z"}
{"level":"info","message":"Recibiendo 1448 bytes de v1-centrum.mp4","timestamp":"2015-03-02T21:04:33.991Z"}
{"level":"info","message":"Recibiendo 1448 bytes de v1-centrum.mp4","timestamp":"2015-03-02T21:04:33.991Z"}
{"level":"info","message":"Recibiendo 2896 bytes de v1-centrum.mp4","timestamp":"2015-03-02T21:04:34.002Z"}
{"level":"info","message":"Recibiendo 1448 bytes de v1-centrum.mp4","timestamp":"2015-03-02T21:04:34.002Z"}
{"level":"info","message":"Recibiendo 1448 bytes de v1-centrum.mp4","timestamp":"2015-03-02T21:04:34.002Z"}
{"level":"info","message":"Recibiendo 1448 bytes de v1-cuidate.mp4","timestamp":"2015-03-02T21:04:34.011Z"}
{"level":"info","message":"Recibiendo 1448 bytes de v1-cuidate.mp4","timestamp":"2015-03-02T21:04:34.011Z"}
{"level":"info","message":"Recibiendo 1448 bytes de v1-cuidate.mp4","timestamp":"2015-03-02T21:04:34.012Z"}
{"level":"info","message":"Recibiendo 2896 bytes de v1-cuidate.mp4","timestamp":"2015-03-02T21:04:34.012Z"}
{"level":"info","message":"Recibiendo 1448 bytes de v1-cuidate.mp4","timestamp":"2015-03-02T21:04:34.012Z"}
{"level":"info","message":"Recibiendo 1448 bytes de v1-cuidate.mp4","timestamp":"2015-03-02T21:04:34.015Z"}
{"level":"info","message":"Recibiendo 1448 bytes de v1-cuidate.mp4","timestamp":"2015-03-02T21:04:34.015Z"}
{"level":"info","message":"Recibiendo 1448 bytes de v1-centrum 2.mp4","timestamp":"2015-03-02T21:04:34.017Z"}
{"level":"info","message":"Recibiendo 1448 bytes de v1-centrum 2.mp4","timestamp":"2015-03-02T21:04:34.017Z"}
{"level":"info","message":"Recibiendo 1448 bytes de v1-centrum 2.mp4","timestamp":"2015-03-02T21:04:34.018Z"}
{"level":"info","message":"Recibiendo 1448 bytes de v1-centrum 2.mp4","timestamp":"2015-03-02T21:04:34.021Z"}
{"level":"info","message":"Recibiendo 1448 bytes de v1-centrum 2.mp4","timestamp":"2015-03-02T21:04:34.021Z"}
{"level":"info","message":"Recibiendo 1448 bytes de v1-centrum 2.mp4","timestamp":"2015-03-02T21:04:34.021Z"}
{"level":"info","message":"Recibiendo 1448 bytes de v1-centrum 2.mp4","timestamp":"2015-03-02T21:04:34.021Z"}
{"level":"info","message":"Recibiendo 1448 bytes de v1-centrum 2.mp4","timestamp":"2015-03-02T21:04:34.022Z"}
{"level":"info","message":"Recibiendo 1448 bytes de v1-centrum 2.mp4","timestamp":"2015-03-02T21:04:34.022Z"}
{"level":"info","message":"Recibiendo 1448 bytes de v1-donar.mp4","timestamp":"2015-03-02T21:04:34.028Z"}
{"level":"info","message":"Recibiendo 2896 bytes de v1-donar.mp4","timestamp":"2015-03-02T21:04:34.029Z"}
{"level":"info","message":"Recibiendo 2896 bytes de v1-centrum.mp4","timestamp":"2015-03-02T21:04:34.030Z"}
{"level":"info","message":"Recibiendo 1448 bytes de v1-centrum.mp4","timestamp":"2015-03-02T21:04:34.030Z"}
{"level":"info","message":"Recibiendo 1448 bytes de v1-centrum.mp4","timestamp":"2015-03-02T21:04:34.030Z"}
{"level":"info","message":"Recibiendo 1448 bytes de v1-centrum.mp4","timestamp":"2015-03-02T21:04:34.031Z"}
{"level":"info","message":"Recibiendo 4344 bytes de v1-centrum.mp4","timestamp":"2015-03-02T21:04:34.038Z"}
{"level":"info","message":"Recibiendo 1448 bytes de v1-cuidate.mp4","timestamp":"2015-03-02T21:04:34.041Z"}
{"level":"info","message":"Recibiendo 1448 bytes de v1-cuidate.mp4","timestamp":"2015-03-02T21:04:34.041Z"}
{"level":"info","message":"Recibiendo 1448 bytes de v1-cuidate.mp4","timestamp":"2015-03-02T21:04:34.041Z"}
{"level":"info","message":"Recibiendo 1448 bytes de v1-cuidate.mp4","timestamp":"2015-03-02T21:04:34.042Z"}
{"level":"info","message":"Recibiendo 1448 bytes de v1-cuidate.mp4","timestamp":"2015-03-02T21:04:34.042Z"}
{"level":"info","message":"Recibiendo 1448 bytes de v1-cuidate.mp4","timestamp":"2015-03-02T21:04:34.042Z"}
{"level":"info","message":"Recibiendo 1448 bytes de v1-cuidate.mp4","timestamp":"2015-03-02T21:04:34.043Z"}
{"level":"info","message":"Recibiendo 1448 bytes de v1-cuidate.mp4","timestamp":"2015-03-02T21:04:34.043Z"}
{"level":"info","message":"Recibiendo 1448 bytes de v1-donar.mp4","timestamp":"2015-03-02T21:04:34.046Z"}
{"level":"info","message":"Recibiendo 1448 bytes de v1-donar.mp4","timestamp":"2015-03-02T21:04:34.046Z"}
{"level":"info","message":"Recibiendo 1448 bytes de v1-donar.mp4","timestamp":"2015-03-02T21:04:34.046Z"}
{"level":"info","message":"Recibiendo 1448 bytes de v1-donar.mp4","timestamp":"2015-03-02T21:04:34.047Z"}
{"level":"info","message":"Recibiendo 5792 bytes de v1-bh3.mp4","timestamp":"2015-03-02T21:04:34.049Z"}
{"level":"info","message":"Recibiendo 1448 bytes de v1-bh3.mp4","timestamp":"2015-03-02T21:04:34.081Z"}
{"level":"info","message":"Recibiendo 1448 bytes de v1-bh3.mp4","timestamp":"2015-03-02T21:04:34.082Z"}
{"level":"info","message":"Recibiendo 1448 bytes de v1-bh3.mp4","timestamp":"2015-03-02T21:04:34.082Z"}
