{"level":"info","message":"Recibiendo 1448 bytes de v1-aerotina.mp4","timestamp":"2015-03-02T21:03:12.258Z"}
{"level":"info","message":"Recibiendo 1448 bytes de v1-aerotina.mp4","timestamp":"2015-03-02T21:03:12.259Z"}
{"level":"info","message":"Recibiendo 1448 bytes de v1-aerotina.mp4","timestamp":"2015-03-02T21:03:12.259Z"}
{"level":"info","message":"Recibiendo 1448 bytes de v1-aerotina.mp4","timestamp":"2015-03-02T21:03:12.260Z"}
{"level":"info","message":"Recibiendo 1448 bytes de v1-nutricia-vital-aire.mp4","timestamp":"2015-03-02T21:03:12.267Z"}
{"level":"info","message":"Recibiendo 2896 bytes de v1-nutricia-vital-aire.mp4","timestamp":"2015-03-02T21:03:12.267Z"}
{"level":"info","message":"Recibiendo 1448 bytes de v1-nutricia-vital-aire.mp4","timestamp":"2015-03-02T21:03:12.268Z"}
{"level":"info","message":"****************** INFO *****************","timestamp":"2015-03-02T21:03:12.206Z"}
{"level":"info","message":"NODO: 1962502","timestamp":"2015-03-02T21:03:12.207Z"}
{"level":"info","message":"idAdministrador: 2003840","timestamp":"2015-03-02T21:03:12.209Z"}
{"level":"info","message":"id sponsor oficial del administrador: 2003842","timestamp":"2015-03-02T21:03:12.210Z"}
{"level":"info","message":"Sponsors Oficiales Encontrados: 2","timestamp":"2015-03-02T21:03:12.211Z"}
{"level":"info","message":"Pautas: 0","timestamp":"2015-03-02T21:03:12.211Z"}
{"level":"info","message":"Muletos Administrador: 22","timestamp":"2015-03-02T21:03:12.211Z"}
{"level":"info","message":"Muletos por Main Sponsor: 0","timestamp":"2015-03-02T21:03:12.212Z"}
{"level":"info","message":"Muletos por Main Sponsor Propios: 1","timestamp":"2015-03-02T21:03:12.212Z"}
{"level":"info","message":"****************** FIN INFO *****************","timestamp":"2015-03-02T21:03:12.212Z"}
{"level":"info","message":"averiguarNodoFn - OK","timestamp":"2015-03-02T21:03:12.213Z"}
{"level":"info","message":"getTiemposSponsorFn - OK","timestamp":"2015-03-02T21:03:12.214Z"}
{"level":"info","message":"No se encontron pautas por grupo","timestamp":"2015-03-02T21:03:12.214Z"}
{"level":"info","message":"getAdministradorIdFn - OK","timestamp":"2015-03-02T21:03:12.215Z"}
{"level":"info","message":"getSponsorsDeMainSponsorsFn - OK","timestamp":"2015-03-02T21:03:12.215Z"}
{"level":"info","message":"getSponsorsDeAdministradorFn - OK","timestamp":"2015-03-02T21:03:12.216Z"}
{"level":"info","message":"getPautasMuletoAdministradorFn - OK","timestamp":"2015-03-02T21:03:12.216Z"}
{"level":"info","message":"getPautasMuleto - OK","timestamp":"2015-03-02T21:03:12.217Z"}
{"level":"info","message":"Pautas a descargar: 22","timestamp":"2015-03-02T21:03:12.219Z"}
{"level":"info","message":"Recibiendo 1448 bytes de v1-bh1.mp4","timestamp":"2015-03-02T21:03:12.269Z"}
{"level":"info","message":"Recibiendo 4344 bytes de v1-bh1.mp4","timestamp":"2015-03-02T21:03:12.274Z"}
{"level":"info","message":"Recibiendo 1448 bytes de v1-bh1.mp4","timestamp":"2015-03-02T21:03:12.274Z"}
{"level":"info","message":"Recibiendo 1448 bytes de v1-bh1.mp4","timestamp":"2015-03-02T21:03:12.275Z"}
{"level":"info","message":"Recibiendo 1448 bytes de v1-aerotina.mp4","timestamp":"2015-03-02T21:03:12.277Z"}
{"level":"info","message":"Recibiendo 1448 bytes de v1-aerotina.mp4","timestamp":"2015-03-02T21:03:12.277Z"}
{"level":"info","message":"Recibiendo 1448 bytes de v1-aerotina.mp4","timestamp":"2015-03-02T21:03:12.277Z"}
{"level":"info","message":"Recibiendo 1448 bytes de v1-aerotina.mp4","timestamp":"2015-03-02T21:03:12.278Z"}
{"level":"info","message":"Recibiendo 1448 bytes de v1-nutricia-vital-aire.mp4","timestamp":"2015-03-02T21:03:12.278Z"}
{"level":"info","message":"Recibiendo 1448 bytes de v1-nutricia-vital-aire.mp4","timestamp":"2015-03-02T21:03:12.278Z"}
{"level":"info","message":"Recibiendo 1448 bytes de v1-nutricia-vital-aire.mp4","timestamp":"2015-03-02T21:03:12.279Z"}
{"level":"info","message":"Recibiendo 1448 bytes de v1-nutricia-vital-aire.mp4","timestamp":"2015-03-02T21:03:12.280Z"}
{"level":"info","message":"Recibiendo 1448 bytes de v1-aerotina.mp4","timestamp":"2015-03-02T21:03:12.282Z"}
{"level":"info","message":"Recibiendo 2896 bytes de v1-aerotina.mp4","timestamp":"2015-03-02T21:03:12.283Z"}
{"level":"info","message":"Recibiendo 1448 bytes de v1-aerotina.mp4","timestamp":"2015-03-02T21:03:12.284Z"}
{"level":"info","message":"Recibiendo 1448 bytes de v1-nutricia-vital-aire.mp4","timestamp":"2015-03-02T21:03:12.291Z"}
{"level":"info","message":"Recibiendo 1448 bytes de v1-nutricia-vital-aire.mp4","timestamp":"2015-03-02T21:03:12.291Z"}
{"level":"info","message":"Recibiendo 1448 bytes de v1-nutricia-vital-aire.mp4","timestamp":"2015-03-02T21:03:12.291Z"}
{"level":"info","message":"Recibiendo 1448 bytes de v1-nutricia-vital-aire.mp4","timestamp":"2015-03-02T21:03:12.292Z"}
{"level":"info","message":"Recibiendo 1448 bytes de v1-bh1.mp4","timestamp":"2015-03-02T21:03:12.293Z"}
{"level":"info","message":"Recibiendo 1448 bytes de v1-bh1.mp4","timestamp":"2015-03-02T21:03:12.293Z"}
{"level":"info","message":"Recibiendo 1448 bytes de v1-bh1.mp4","timestamp":"2015-03-02T21:03:12.294Z"}
{"level":"info","message":"Recibiendo 1448 bytes de v1-bh1.mp4","timestamp":"2015-03-02T21:03:12.294Z"}
{"level":"info","message":"Recibiendo 1448 bytes de v1-bh1.mp4","timestamp":"2015-03-02T21:03:12.294Z"}
{"level":"info","message":"Recibiendo 1448 bytes de v1-bh1.mp4","timestamp":"2015-03-02T21:03:12.297Z"}
{"level":"info","message":"Recibiendo 1448 bytes de v1-aerotina.mp4","timestamp":"2015-03-02T21:03:12.299Z"}
{"level":"info","message":"Recibiendo 1448 bytes de v1-aerotina.mp4","timestamp":"2015-03-02T21:03:12.299Z"}
{"level":"info","message":"Recibiendo 1448 bytes de v1-aerotina.mp4","timestamp":"2015-03-02T21:03:12.300Z"}
{"level":"info","message":"Recibiendo 1448 bytes de v1-aerotina.mp4","timestamp":"2015-03-02T21:03:12.301Z"}
{"level":"info","message":"Recibiendo 1448 bytes de v1-nutricia-vital-aire.mp4","timestamp":"2015-03-02T21:03:12.301Z"}
{"level":"info","message":"Recibiendo 1448 bytes de v1-nutricia-vital-aire.mp4","timestamp":"2015-03-02T21:03:12.302Z"}
{"level":"info","message":"Recibiendo 1448 bytes de v1-nutricia-vital-aire.mp4","timestamp":"2015-03-02T21:03:12.302Z"}
{"level":"info","message":"Recibiendo 1448 bytes de v1-nutricia-vital-aire.mp4","timestamp":"2015-03-02T21:03:12.303Z"}
{"level":"info","message":"Recibiendo 1448 bytes de v1-aerotina.mp4","timestamp":"2015-03-02T21:03:12.305Z"}
{"level":"info","message":"Recibiendo 4344 bytes de v1-aerotina.mp4","timestamp":"2015-03-02T21:03:12.307Z"}
{"level":"info","message":"Recibiendo 1448 bytes de v1-aerotina.mp4","timestamp":"2015-03-02T21:03:12.313Z"}
{"level":"info","message":"Tamaño de archivo remoto: 9357878","timestamp":"2015-03-02T21:03:12.314Z"}
{"level":"info","message":"Recibiendo 2896 bytes de v1-nutricia-vital-aire.mp4","timestamp":"2015-03-02T21:03:12.315Z"}
{"level":"info","message":"Recibiendo 1448 bytes de v1-nutricia-vital-aire.mp4","timestamp":"2015-03-02T21:03:12.316Z"}
{"level":"info","message":"Recibiendo 1448 bytes de v1-nutricia-vital-aire.mp4","timestamp":"2015-03-02T21:03:12.316Z"}
{"level":"info","message":"Recibiendo 2896 bytes de v1-bh1.mp4","timestamp":"2015-03-02T21:03:12.317Z"}
{"level":"info","message":"Recibiendo 2896 bytes de v1-bh1.mp4","timestamp":"2015-03-02T21:03:12.319Z"}
{"level":"info","message":"Recibiendo 1448 bytes de v1-bh1.mp4","timestamp":"2015-03-02T21:03:12.319Z"}
{"level":"info","message":"Recibiendo 1448 bytes de v1-aerotina.mp4","timestamp":"2015-03-02T21:03:12.321Z"}
{"level":"info","message":"Tamaño de archivo remoto: 2413219","timestamp":"2015-03-02T21:03:12.320Z"}
{"level":"info","message":"Recibiendo 4344 bytes de v1-aerotina.mp4","timestamp":"2015-03-02T21:03:12.322Z"}
{"level":"info","message":"Recibiendo 1448 bytes de v1-nutricia-vital-aire.mp4","timestamp":"2015-03-02T21:03:12.323Z"}
{"level":"info","message":"Recibiendo 4344 bytes de v1-nutricia-vital-aire.mp4","timestamp":"2015-03-02T21:03:12.324Z"}
{"level":"info","message":"Recibiendo 1448 bytes de v1-nutricia-vital-aire.mp4","timestamp":"2015-03-02T21:03:12.324Z"}
{"level":"info","message":"Recibiendo 1448 bytes de v1-aerotina.mp4","timestamp":"2015-03-02T21:03:12.325Z"}
{"level":"info","message":"Recibiendo 1448 bytes de v1-aerotina.mp4","timestamp":"2015-03-02T21:03:12.326Z"}
{"level":"info","message":"./server/videos/v1-aseptobron.mp4 ya existe.","timestamp":"2015-03-02T21:03:12.321Z"}
{"level":"info","message":"Recibiendo 5792 bytes de v1-aerotina.mp4","timestamp":"2015-03-02T21:03:12.327Z"}
{"level":"info","message":"Tamaño de archivo remoto: 10183541","timestamp":"2015-03-02T21:03:12.322Z"}
{"level":"info","message":"Tamaño de archivo remoto: 4127196","timestamp":"2015-03-02T21:03:12.323Z"}
{"level":"info","message":"Tamaño de archivo remoto: 11509054","timestamp":"2015-03-02T21:03:12.328Z"}
{"level":"info","message":"Recibiendo 1448 bytes de v1-nutricia-vital-aire.mp4","timestamp":"2015-03-02T21:03:12.338Z"}
{"level":"info","message":"Recibiendo 1448 bytes de v1-nutricia-vital-aire.mp4","timestamp":"2015-03-02T21:03:12.339Z"}
{"level":"info","message":"Recibiendo 1448 bytes de v1-nutricia-vital-aire.mp4","timestamp":"2015-03-02T21:03:12.340Z"}
{"level":"info","message":"Recibiendo 1448 bytes de v1-nutricia-vital-aire.mp4","timestamp":"2015-03-02T21:03:12.340Z"}
{"level":"info","message":"Recibiendo 1448 bytes de v1-bh1.mp4","timestamp":"2015-03-02T21:03:12.348Z"}
{"level":"info","message":"Recibiendo 5792 bytes de v1-bh1.mp4","timestamp":"2015-03-02T21:03:12.349Z"}
{"level":"info","message":"Recibiendo 1448 bytes de v1-bh1.mp4","timestamp":"2015-03-02T21:03:12.349Z"}
{"level":"info","message":"Recibiendo 2896 bytes de v1-aerotina.mp4","timestamp":"2015-03-02T21:03:12.350Z"}
{"level":"info","message":"Recibiendo 1448 bytes de v1-aerotina.mp4","timestamp":"2015-03-02T21:03:12.350Z"}
{"level":"info","message":"Recibiendo 1448 bytes de v1-aerotina.mp4","timestamp":"2015-03-02T21:03:12.350Z"}
{"level":"info","message":"Recibiendo 1448 bytes de v1-nutricia-vital-aire.mp4","timestamp":"2015-03-02T21:03:12.350Z"}
{"level":"info","message":"Recibiendo 1448 bytes de v1-nutricia-vital-aire.mp4","timestamp":"2015-03-02T21:03:12.351Z"}
{"level":"info","message":"Recibiendo 1448 bytes de v1-nutricia-vital-aire.mp4","timestamp":"2015-03-02T21:03:12.351Z"}
{"level":"info","message":"Recibiendo 1448 bytes de v1-nutricia-vital-aire.mp4","timestamp":"2015-03-02T21:03:12.354Z"}
{"level":"info","message":"Recibiendo 1448 bytes de v1-nutricia-vital-aire.mp4","timestamp":"2015-03-02T21:03:12.361Z"}
{"level":"info","message":"Recibiendo 1448 bytes de v1-nutricia-vital-aire.mp4","timestamp":"2015-03-02T21:03:12.366Z"}
{"level":"info","message":"Recibiendo 2896 bytes de v1-aerotina.mp4","timestamp":"2015-03-02T21:03:12.366Z"}
{"level":"info","message":"Recibiendo 1448 bytes de v1-aerotina.mp4","timestamp":"2015-03-02T21:03:12.367Z"}
{"level":"info","message":"Recibiendo 1448 bytes de v1-aerotina.mp4","timestamp":"2015-03-02T21:03:12.367Z"}
{"level":"info","message":"Recibiendo 1448 bytes de v1-aerotina.mp4","timestamp":"2015-03-02T21:03:12.367Z"}
{"level":"info","message":"Recibiendo 1448 bytes de v1-aerotina.mp4","timestamp":"2015-03-02T21:03:12.368Z"}
{"level":"info","message":"Recibiendo 1448 bytes de v1-nutricia-vital-aire.mp4","timestamp":"2015-03-02T21:03:12.368Z"}
{"level":"info","message":"Recibiendo 1448 bytes de v1-nutricia-vital-aire.mp4","timestamp":"2015-03-02T21:03:12.369Z"}
{"level":"info","message":"Recibiendo 1448 bytes de v1-nutricia-vital-aire.mp4","timestamp":"2015-03-02T21:03:12.370Z"}
{"level":"info","message":"Recibiendo 1448 bytes de v1-nutricia-vital-aire.mp4","timestamp":"2015-03-02T21:03:12.370Z"}
{"level":"info","message":"Recibiendo 1448 bytes de v1-bh1.mp4","timestamp":"2015-03-02T21:03:12.375Z"}
{"level":"info","message":"Recibiendo 1448 bytes de v1-bh1.mp4","timestamp":"2015-03-02T21:03:12.377Z"}
{"level":"info","message":"Recibiendo 2896 bytes de v1-bh1.mp4","timestamp":"2015-03-02T21:03:12.377Z"}
{"level":"info","message":"Recibiendo 1448 bytes de v1-bh1.mp4","timestamp":"2015-03-02T21:03:12.378Z"}
{"level":"info","message":"Recibiendo 1448 bytes de v1-bh1.mp4","timestamp":"2015-03-02T21:03:12.378Z"}
{"level":"info","message":"Recibiendo 1448 bytes de v1-aerotina.mp4","timestamp":"2015-03-02T21:03:12.379Z"}
{"level":"info","message":"Recibiendo 1448 bytes de v1-aerotina.mp4","timestamp":"2015-03-02T21:03:12.380Z"}
{"level":"info","message":"Recibiendo 1448 bytes de v1-aerotina.mp4","timestamp":"2015-03-02T21:03:12.382Z"}
{"level":"info","message":"Recibiendo 1448 bytes de v1-aerotina.mp4","timestamp":"2015-03-02T21:03:12.382Z"}
{"level":"info","message":"Recibiendo 1448 bytes de v1-nutricia-vital-aire.mp4","timestamp":"2015-03-02T21:03:12.383Z"}
