{"level":"info","message":"Iniciando el modulo de pautas...","timestamp":"2015-03-02T20:29:19.440Z"}
{"level":"info","message":"Conectando a base dedatos...: ","timestamp":"2015-03-02T20:29:19.451Z"}
{"level":"info","message":"Esperando mensajes en: /home/juli/Zetti/zTurnosServerWorkspace/xml-endpoint/input/","timestamp":"2015-03-02T20:29:19.510Z"}
{"level":"info","message":"Escribiendo salida en: /home/juli/Zetti/zTurnosServerWorkspace/xml-endpoint/output/","timestamp":"2015-03-02T20:29:19.510Z"}
{"level":"info","message":"****************** INFO *****************","timestamp":"2015-03-02T20:29:19.651Z"}
{"level":"info","message":"NODO: 1962502","timestamp":"2015-03-02T20:29:19.651Z"}
{"level":"info","message":"idAdministrador: 2003840","timestamp":"2015-03-02T20:29:19.651Z"}
{"level":"info","message":"id sponsor oficial del administrador: 2003842","timestamp":"2015-03-02T20:29:19.652Z"}
{"level":"info","message":"Sponsors Oficiales Encontrados: 2","timestamp":"2015-03-02T20:29:19.652Z"}
{"level":"info","message":"Pautas: 0","timestamp":"2015-03-02T20:29:19.652Z"}
{"level":"info","message":"Muletos Administrador: 22","timestamp":"2015-03-02T20:29:19.652Z"}
{"level":"info","message":"Muletos por Main Sponsor: 0","timestamp":"2015-03-02T20:29:19.652Z"}
{"level":"info","message":"Muletos por Main Sponsor Propios: 1","timestamp":"2015-03-02T20:29:19.652Z"}
{"level":"info","message":"****************** FIN INFO *****************","timestamp":"2015-03-02T20:29:19.653Z"}
{"level":"info","message":"averiguarNodoFn - OK","timestamp":"2015-03-02T20:29:19.653Z"}
{"level":"info","message":"getTiemposSponsorFn - OK","timestamp":"2015-03-02T20:29:19.653Z"}
{"level":"info","message":"No se encontron pautas por grupo","timestamp":"2015-03-02T20:29:19.654Z"}
{"level":"info","message":"getAdministradorIdFn - OK","timestamp":"2015-03-02T20:29:19.654Z"}
{"level":"info","message":"getSponsorsDeMainSponsorsFn - OK","timestamp":"2015-03-02T20:29:19.654Z"}
{"level":"info","message":"getSponsorsDeAdministradorFn - OK","timestamp":"2015-03-02T20:29:19.655Z"}
{"level":"info","message":"getPautasMuletoAdministradorFn - OK","timestamp":"2015-03-02T20:29:19.655Z"}
{"level":"info","message":"getPautasMuleto - OK","timestamp":"2015-03-02T20:29:19.655Z"}
{"level":"info","message":"Pautas a descargar: 22","timestamp":"2015-03-02T20:29:19.657Z"}
{"level":"info","message":"Iniciando el modulo de pautas...","timestamp":"2015-03-02T20:30:19.409Z"}
{"level":"info","message":"Conectando a base dedatos...: ","timestamp":"2015-03-02T20:30:19.417Z"}
{"level":"info","message":"Esperando mensajes en: /home/juli/Zetti/zTurnosServerWorkspace/xml-endpoint/input/","timestamp":"2015-03-02T20:30:19.496Z"}
{"level":"info","message":"Escribiendo salida en: /home/juli/Zetti/zTurnosServerWorkspace/xml-endpoint/output/","timestamp":"2015-03-02T20:30:19.496Z"}
{"level":"info","message":"****************** INFO *****************","timestamp":"2015-03-02T20:30:19.599Z"}
{"level":"info","message":"NODO: 1962502","timestamp":"2015-03-02T20:30:19.599Z"}
{"level":"info","message":"idAdministrador: 2003840","timestamp":"2015-03-02T20:30:19.600Z"}
{"level":"info","message":"id sponsor oficial del administrador: 2003842","timestamp":"2015-03-02T20:30:19.600Z"}
{"level":"info","message":"Sponsors Oficiales Encontrados: 2","timestamp":"2015-03-02T20:30:19.600Z"}
{"level":"info","message":"Pautas: 0","timestamp":"2015-03-02T20:30:19.600Z"}
{"level":"info","message":"Muletos Administrador: 22","timestamp":"2015-03-02T20:30:19.600Z"}
{"level":"info","message":"Muletos por Main Sponsor: 0","timestamp":"2015-03-02T20:30:19.601Z"}
{"level":"info","message":"Muletos por Main Sponsor Propios: 1","timestamp":"2015-03-02T20:30:19.601Z"}
{"level":"info","message":"****************** FIN INFO *****************","timestamp":"2015-03-02T20:30:19.601Z"}
{"level":"info","message":"averiguarNodoFn - OK","timestamp":"2015-03-02T20:30:19.602Z"}
{"level":"info","message":"getTiemposSponsorFn - OK","timestamp":"2015-03-02T20:30:19.602Z"}
{"level":"info","message":"No se encontron pautas por grupo","timestamp":"2015-03-02T20:30:19.603Z"}
{"level":"info","message":"getAdministradorIdFn - OK","timestamp":"2015-03-02T20:30:19.603Z"}
{"level":"info","message":"getSponsorsDeMainSponsorsFn - OK","timestamp":"2015-03-02T20:30:19.603Z"}
{"level":"info","message":"getSponsorsDeAdministradorFn - OK","timestamp":"2015-03-02T20:30:19.604Z"}
{"level":"info","message":"getPautasMuletoAdministradorFn - OK","timestamp":"2015-03-02T20:30:19.604Z"}
{"level":"info","message":"getPautasMuleto - OK","timestamp":"2015-03-02T20:30:19.604Z"}
{"level":"info","message":"Pautas a descargar: 22","timestamp":"2015-03-02T20:30:19.606Z"}
{"level":"info","message":"Iniciando el modulo de pautas...","timestamp":"2015-03-02T20:33:56.692Z"}
{"level":"info","message":"Conectando a base dedatos...: ","timestamp":"2015-03-02T20:33:56.699Z"}
{"level":"info","message":"Esperando mensajes en: /home/juli/Zetti/zTurnosServerWorkspace/xml-endpoint/input/","timestamp":"2015-03-02T20:33:56.779Z"}
{"level":"info","message":"Escribiendo salida en: /home/juli/Zetti/zTurnosServerWorkspace/xml-endpoint/output/","timestamp":"2015-03-02T20:33:56.779Z"}
{"level":"info","message":"****************** INFO *****************","timestamp":"2015-03-02T20:33:56.955Z"}
{"level":"info","message":"NODO: 1962502","timestamp":"2015-03-02T20:33:56.956Z"}
{"level":"info","message":"idAdministrador: 2003840","timestamp":"2015-03-02T20:33:56.956Z"}
{"level":"info","message":"id sponsor oficial del administrador: 2003842","timestamp":"2015-03-02T20:33:56.957Z"}
{"level":"info","message":"Sponsors Oficiales Encontrados: 2","timestamp":"2015-03-02T20:33:56.957Z"}
{"level":"info","message":"Pautas: 0","timestamp":"2015-03-02T20:33:56.957Z"}
{"level":"info","message":"Muletos Administrador: 22","timestamp":"2015-03-02T20:33:56.957Z"}
{"level":"info","message":"Muletos por Main Sponsor: 0","timestamp":"2015-03-02T20:33:56.957Z"}
{"level":"info","message":"Muletos por Main Sponsor Propios: 1","timestamp":"2015-03-02T20:33:56.958Z"}
{"level":"info","message":"****************** FIN INFO *****************","timestamp":"2015-03-02T20:33:56.958Z"}
{"level":"info","message":"averiguarNodoFn - OK","timestamp":"2015-03-02T20:33:56.958Z"}
{"level":"info","message":"getTiemposSponsorFn - OK","timestamp":"2015-03-02T20:33:56.958Z"}
{"level":"info","message":"No se encontron pautas por grupo","timestamp":"2015-03-02T20:33:56.959Z"}
{"level":"info","message":"getAdministradorIdFn - OK","timestamp":"2015-03-02T20:33:56.959Z"}
{"level":"info","message":"getSponsorsDeMainSponsorsFn - OK","timestamp":"2015-03-02T20:33:56.959Z"}
{"level":"info","message":"getSponsorsDeAdministradorFn - OK","timestamp":"2015-03-02T20:33:56.959Z"}
{"level":"info","message":"getPautasMuletoAdministradorFn - OK","timestamp":"2015-03-02T20:33:56.960Z"}
{"level":"info","message":"getPautasMuleto - OK","timestamp":"2015-03-02T20:33:56.960Z"}
{"level":"info","message":"Pautas a descargar: 22","timestamp":"2015-03-02T20:33:56.961Z"}
{"level":"info","message":"Iniciando el modulo de pautas...","timestamp":"2015-03-02T20:34:32.687Z"}
{"level":"info","message":"Conectando a base dedatos...: ","timestamp":"2015-03-02T20:34:32.690Z"}
{"level":"info","message":"****************** INFO *****************","timestamp":"2015-03-02T20:34:32.893Z"}
{"level":"info","message":"NODO: 1962502","timestamp":"2015-03-02T20:34:32.895Z"}
{"level":"info","message":"idAdministrador: 2003840","timestamp":"2015-03-02T20:34:32.896Z"}
{"level":"info","message":"id sponsor oficial del administrador: 2003842","timestamp":"2015-03-02T20:34:32.896Z"}
{"level":"info","message":"Sponsors Oficiales Encontrados: 2","timestamp":"2015-03-02T20:34:32.896Z"}
{"level":"info","message":"Pautas: 0","timestamp":"2015-03-02T20:34:32.900Z"}
{"level":"info","message":"Muletos Administrador: 22","timestamp":"2015-03-02T20:34:32.901Z"}
{"level":"info","message":"Muletos por Main Sponsor: 0","timestamp":"2015-03-02T20:34:32.901Z"}
{"level":"info","message":"Muletos por Main Sponsor Propios: 1","timestamp":"2015-03-02T20:34:32.901Z"}
{"level":"info","message":"****************** FIN INFO *****************","timestamp":"2015-03-02T20:34:32.902Z"}
{"level":"info","message":"averiguarNodoFn - OK","timestamp":"2015-03-02T20:34:32.902Z"}
{"level":"info","message":"getTiemposSponsorFn - OK","timestamp":"2015-03-02T20:34:32.902Z"}
{"level":"info","message":"No se encontron pautas por grupo","timestamp":"2015-03-02T20:34:32.902Z"}
{"level":"info","message":"getAdministradorIdFn - OK","timestamp":"2015-03-02T20:34:32.903Z"}
{"level":"info","message":"getSponsorsDeMainSponsorsFn - OK","timestamp":"2015-03-02T20:34:32.903Z"}
{"level":"info","message":"getSponsorsDeAdministradorFn - OK","timestamp":"2015-03-02T20:34:32.903Z"}
{"level":"info","message":"getPautasMuletoAdministradorFn - OK","timestamp":"2015-03-02T20:34:32.903Z"}
{"level":"info","message":"getPautasMuleto - OK","timestamp":"2015-03-02T20:34:32.903Z"}
{"level":"info","message":"Armando lista de reproduccion...","timestamp":"2015-03-02T20:34:32.908Z"}
{"level":"info","message":"Iniciando el modulo de pautas...","timestamp":"2015-03-02T20:35:19.724Z"}
{"level":"info","message":"Conectando a base dedatos...: ","timestamp":"2015-03-02T20:35:19.739Z"}
{"level":"info","message":"Esperando mensajes en: /home/juli/Zetti/zTurnosServerWorkspace/xml-endpoint/input/","timestamp":"2015-03-02T20:35:20.358Z"}
{"level":"info","message":"Escribiendo salida en: /home/juli/Zetti/zTurnosServerWorkspace/xml-endpoint/output/","timestamp":"2015-03-02T20:35:20.358Z"}
{"level":"info","message":"****************** INFO *****************","timestamp":"2015-03-02T20:35:20.744Z"}
{"level":"info","message":"NODO: 1962502","timestamp":"2015-03-02T20:35:20.745Z"}
{"level":"info","message":"idAdministrador: 2003840","timestamp":"2015-03-02T20:35:20.746Z"}
{"level":"info","message":"Muletos por Main Sponsor: 0","timestamp":"2015-03-02T20:35:20.747Z"}
{"level":"info","message":"id sponsor oficial del administrador: 2003842","timestamp":"2015-03-02T20:35:20.746Z"}
{"level":"info","message":"Muletos por Main Sponsor Propios: 1","timestamp":"2015-03-02T20:35:20.747Z"}
{"level":"info","message":"Sponsors Oficiales Encontrados: 2","timestamp":"2015-03-02T20:35:20.746Z"}
{"level":"info","message":"****************** FIN INFO *****************","timestamp":"2015-03-02T20:35:20.747Z"}
{"level":"info","message":"Pautas: 0","timestamp":"2015-03-02T20:35:20.746Z"}
{"level":"info","message":"averiguarNodoFn - OK","timestamp":"2015-03-02T20:35:20.748Z"}
{"level":"info","message":"Muletos Administrador: 22","timestamp":"2015-03-02T20:35:20.747Z"}
{"level":"info","message":"getTiemposSponsorFn - OK","timestamp":"2015-03-02T20:35:20.748Z"}
{"level":"info","message":"No se encontron pautas por grupo","timestamp":"2015-03-02T20:35:20.748Z"}
{"level":"info","message":"getAdministradorIdFn - OK","timestamp":"2015-03-02T20:35:20.748Z"}
{"level":"info","message":"getSponsorsDeMainSponsorsFn - OK","timestamp":"2015-03-02T20:35:20.748Z"}
{"level":"info","message":"getSponsorsDeAdministradorFn - OK","timestamp":"2015-03-02T20:35:20.749Z"}
{"level":"info","message":"getPautasMuletoAdministradorFn - OK","timestamp":"2015-03-02T20:35:20.749Z"}
{"level":"info","message":"getPautasMuleto - OK","timestamp":"2015-03-02T20:35:20.749Z"}
{"level":"info","message":"Pautas a descargar: 22","timestamp":"2015-03-02T20:35:20.750Z"}
