{"level":"info","message":"Recibiendo 1448 bytes de v1-bh1.mp4","timestamp":"2015-03-02T21:03:16.912Z"}
{"level":"info","message":"Recibiendo 1448 bytes de v1-bh1.mp4","timestamp":"2015-03-02T21:03:16.913Z"}
{"level":"info","message":"Recibiendo 2896 bytes de v1-bh1.mp4","timestamp":"2015-03-02T21:03:16.924Z"}
{"level":"info","message":"Recibiendo 2896 bytes de v1-nutricia-vital-aire.mp4","timestamp":"2015-03-02T21:03:16.924Z"}
{"level":"info","message":"Recibiendo 2896 bytes de v1-nutricia-vital-aire.mp4","timestamp":"2015-03-02T21:03:16.925Z"}
{"level":"info","message":"Recibiendo 4344 bytes de v1-nutricia-vital-aire.mp4","timestamp":"2015-03-02T21:03:16.931Z"}
{"level":"info","message":"Recibiendo 1448 bytes de v1-nutricia-vital-aire.mp4","timestamp":"2015-03-02T21:03:16.931Z"}
{"level":"info","message":"Recibiendo 1448 bytes de v1-bh1.mp4","timestamp":"2015-03-02T21:03:16.944Z"}
{"level":"info","message":"Recibiendo 4344 bytes de v1-bh1.mp4","timestamp":"2015-03-02T21:03:16.945Z"}
{"level":"info","message":"Recibiendo 1448 bytes de v1-bh1.mp4","timestamp":"2015-03-02T21:03:16.959Z"}
{"level":"info","message":"Recibiendo 2896 bytes de v1-bh1.mp4","timestamp":"2015-03-02T21:03:16.959Z"}
{"level":"info","message":"Recibiendo 1448 bytes de v1-bh1.mp4","timestamp":"2015-03-02T21:03:16.967Z"}
{"level":"info","message":"Recibiendo 1448 bytes de v1-nutricia-vital-aire.mp4","timestamp":"2015-03-02T21:03:16.967Z"}
{"level":"info","message":"Recibiendo 1448 bytes de v1-nutricia-vital-aire.mp4","timestamp":"2015-03-02T21:03:16.968Z"}
{"level":"info","message":"Recibiendo 1448 bytes de v1-nutricia-vital-aire.mp4","timestamp":"2015-03-02T21:03:16.981Z"}
{"level":"info","message":"Recibiendo 1448 bytes de v1-nutricia-vital-aire.mp4","timestamp":"2015-03-02T21:03:16.988Z"}
{"level":"info","message":"Recibiendo 1448 bytes de v1-nutricia-vital-aire.mp4","timestamp":"2015-03-02T21:03:16.988Z"}
{"level":"info","message":"Recibiendo 1448 bytes de v1-nutricia-vital-aire.mp4","timestamp":"2015-03-02T21:03:16.988Z"}
{"level":"info","message":"Recibiendo 1448 bytes de v1-nutricia-vital-aire.mp4","timestamp":"2015-03-02T21:03:16.988Z"}
{"level":"info","message":"Recibiendo 1448 bytes de v1-nutricia-vital-aire.mp4","timestamp":"2015-03-02T21:03:16.989Z"}
{"level":"info","message":"Recibiendo 1448 bytes de v1-bh1.mp4","timestamp":"2015-03-02T21:03:16.991Z"}
{"level":"info","message":"Recibiendo 1448 bytes de v1-bh1.mp4","timestamp":"2015-03-02T21:03:16.993Z"}
{"level":"info","message":"Recibiendo 1448 bytes de v1-bh1.mp4","timestamp":"2015-03-02T21:03:16.993Z"}
{"level":"info","message":"Recibiendo 4344 bytes de v1-bh1.mp4","timestamp":"2015-03-02T21:03:16.994Z"}
{"level":"info","message":"Recibiendo 2896 bytes de v1-bh1.mp4","timestamp":"2015-03-02T21:03:16.995Z"}
{"level":"info","message":"Recibiendo 1448 bytes de v1-bh1.mp4","timestamp":"2015-03-02T21:03:16.996Z"}
{"level":"info","message":"Recibiendo 1448 bytes de v1-nutricia-vital-aire.mp4","timestamp":"2015-03-02T21:03:16.996Z"}
{"level":"info","message":"Recibiendo 2896 bytes de v1-nutricia-vital-aire.mp4","timestamp":"2015-03-02T21:03:17.001Z"}
{"level":"info","message":"Recibiendo 2896 bytes de v1-nutricia-vital-aire.mp4","timestamp":"2015-03-02T21:03:17.002Z"}
{"level":"info","message":"Recibiendo 1448 bytes de v1-nutricia-vital-aire.mp4","timestamp":"2015-03-02T21:03:17.002Z"}
{"level":"info","message":"Recibiendo 2896 bytes de v1-nutricia-vital-aire.mp4","timestamp":"2015-03-02T21:03:17.002Z"}
{"level":"info","message":"Recibiendo 1448 bytes de v1-bh1.mp4","timestamp":"2015-03-02T21:03:17.003Z"}
{"level":"info","message":"Recibiendo 1448 bytes de v1-bh1.mp4","timestamp":"2015-03-02T21:03:17.005Z"}
{"level":"info","message":"Recibiendo 2896 bytes de v1-bh1.mp4","timestamp":"2015-03-02T21:03:17.007Z"}
{"level":"info","message":"Recibiendo 1448 bytes de v1-bh1.mp4","timestamp":"2015-03-02T21:03:17.015Z"}
{"level":"info","message":"Recibiendo 4344 bytes de v1-bh1.mp4","timestamp":"2015-03-02T21:03:17.015Z"}
{"level":"info","message":"Recibiendo 1448 bytes de v1-nutricia-vital-aire.mp4","timestamp":"2015-03-02T21:03:17.028Z"}
{"level":"info","message":"Recibiendo 2896 bytes de v1-nutricia-vital-aire.mp4","timestamp":"2015-03-02T21:03:17.028Z"}
{"level":"info","message":"Recibiendo 8688 bytes de v1-nutricia-vital-aire.mp4","timestamp":"2015-03-02T21:03:17.036Z"}
{"level":"info","message":"Recibiendo 5792 bytes de v1-bh1.mp4","timestamp":"2015-03-02T21:03:17.037Z"}
{"level":"info","message":"Recibiendo 1448 bytes de v1-bh1.mp4","timestamp":"2015-03-02T21:03:17.063Z"}
{"level":"info","message":"Recibiendo 1448 bytes de v1-bh1.mp4","timestamp":"2015-03-02T21:03:17.063Z"}
{"level":"info","message":"Recibiendo 2896 bytes de v1-bh1.mp4","timestamp":"2015-03-02T21:03:17.064Z"}
{"level":"info","message":"Recibiendo 1448 bytes de v1-nutricia-vital-aire.mp4","timestamp":"2015-03-02T21:03:17.082Z"}
{"level":"info","message":"Recibiendo 1448 bytes de v1-nutricia-vital-aire.mp4","timestamp":"2015-03-02T21:03:17.082Z"}
{"level":"info","message":"Recibiendo 1448 bytes de v1-nutricia-vital-aire.mp4","timestamp":"2015-03-02T21:03:17.083Z"}
{"level":"info","message":"Recibiendo 1448 bytes de v1-nutricia-vital-aire.mp4","timestamp":"2015-03-02T21:03:17.083Z"}
{"level":"info","message":"Recibiendo 1448 bytes de v1-nutricia-vital-aire.mp4","timestamp":"2015-03-02T21:03:17.088Z"}
{"level":"info","message":"Recibiendo 1448 bytes de v1-nutricia-vital-aire.mp4","timestamp":"2015-03-02T21:03:17.088Z"}
{"level":"info","message":"Recibiendo 1448 bytes de v1-nutricia-vital-aire.mp4","timestamp":"2015-03-02T21:03:17.097Z"}
{"level":"info","message":"Recibiendo 2896 bytes de v1-nutricia-vital-aire.mp4","timestamp":"2015-03-02T21:03:17.097Z"}
{"level":"info","message":"Recibiendo 1448 bytes de v1-nutricia-vital-aire.mp4","timestamp":"2015-03-02T21:03:17.097Z"}
{"level":"info","message":"Recibiendo 1448 bytes de v1-bh1.mp4","timestamp":"2015-03-02T21:03:17.101Z"}
{"level":"info","message":"Recibiendo 2896 bytes de v1-bh1.mp4","timestamp":"2015-03-02T21:03:17.101Z"}
{"level":"info","message":"Recibiendo 1448 bytes de v1-nutricia-vital-aire.mp4","timestamp":"2015-03-02T21:03:17.116Z"}
{"level":"info","message":"Recibiendo 1448 bytes de v1-nutricia-vital-aire.mp4","timestamp":"2015-03-02T21:03:17.118Z"}
{"level":"info","message":"Recibiendo 1448 bytes de v1-nutricia-vital-aire.mp4","timestamp":"2015-03-02T21:03:17.119Z"}
{"level":"info","message":"Recibiendo 1448 bytes de v1-nutricia-vital-aire.mp4","timestamp":"2015-03-02T21:03:17.120Z"}
{"level":"info","message":"Recibiendo 1448 bytes de v1-nutricia-vital-aire.mp4","timestamp":"2015-03-02T21:03:17.120Z"}
{"level":"info","message":"Recibiendo 18824 bytes de v1-bh1.mp4","timestamp":"2015-03-02T21:03:17.152Z"}
{"level":"info","message":"Recibiendo 1448 bytes de v1-bh1.mp4","timestamp":"2015-03-02T21:03:17.157Z"}
{"level":"info","message":"Recibiendo 1448 bytes de v1-bh1.mp4","timestamp":"2015-03-02T21:03:17.170Z"}
{"level":"info","message":"Recibiendo 3544 bytes de v1-aerotina.mp4","timestamp":"2015-03-02T21:03:17.186Z"}
{"level":"info","message":"v1-aerotina.mp4 descargado en ./server/videos/","timestamp":"2015-03-02T21:03:17.187Z"}
{"level":"info","message":"Recibiendo 15928 bytes de v1-nutricia-vital-aire.mp4","timestamp":"2015-03-02T21:03:17.189Z"}
{"level":"info","message":"Recibiendo 1448 bytes de v1-nutricia-vital-aire.mp4","timestamp":"2015-03-02T21:03:17.193Z"}
{"level":"info","message":"Recibiendo 1448 bytes de v1-nutricia-vital-aire.mp4","timestamp":"2015-03-02T21:03:17.194Z"}
{"level":"info","message":"Recibiendo 1448 bytes de v1-nutricia-vital-aire.mp4","timestamp":"2015-03-02T21:03:17.197Z"}
{"level":"info","message":"Recibiendo 1448 bytes de v1-nutricia-vital-aire.mp4","timestamp":"2015-03-02T21:03:17.203Z"}
{"level":"info","message":"Recibiendo 1448 bytes de v1-nutricia-vital-aire.mp4","timestamp":"2015-03-02T21:03:17.203Z"}
{"level":"info","message":"Recibiendo 14480 bytes de v1-bh1.mp4","timestamp":"2015-03-02T21:03:17.212Z"}
{"level":"info","message":"Recibiendo 1448 bytes de v1-bh1.mp4","timestamp":"2015-03-02T21:03:17.216Z"}
{"level":"info","message":"Recibiendo 1448 bytes de v1-nutricia-vital-aire.mp4","timestamp":"2015-03-02T21:03:17.217Z"}
{"level":"info","message":"Recibiendo 1448 bytes de v1-nutricia-vital-aire.mp4","timestamp":"2015-03-02T21:03:17.218Z"}
{"level":"info","message":"Recibiendo 1448 bytes de v1-nutricia-vital-aire.mp4","timestamp":"2015-03-02T21:03:17.218Z"}
{"level":"info","message":"Recibiendo 1448 bytes de v1-nutricia-vital-aire.mp4","timestamp":"2015-03-02T21:03:17.219Z"}
{"level":"info","message":"Recibiendo 1448 bytes de v1-nutricia-vital-aire.mp4","timestamp":"2015-03-02T21:03:17.220Z"}
{"level":"info","message":"Recibiendo 1448 bytes de v1-nutricia-vital-aire.mp4","timestamp":"2015-03-02T21:03:17.233Z"}
{"level":"info","message":"Recibiendo 1448 bytes de v1-nutricia-vital-aire.mp4","timestamp":"2015-03-02T21:03:17.234Z"}
{"level":"info","message":"Recibiendo 1448 bytes de v1-bh1.mp4","timestamp":"2015-03-02T21:03:17.234Z"}
{"level":"info","message":"Recibiendo 2642 bytes de v1-pervinox.mp4","timestamp":"2015-03-02T21:03:17.234Z"}
{"level":"info","message":"Recibiendo 1448 bytes de v1-bh1.mp4","timestamp":"2015-03-02T21:03:17.235Z"}
{"level":"info","message":"Recibiendo 1448 bytes de v1-bh1.mp4","timestamp":"2015-03-02T21:03:17.238Z"}
{"level":"info","message":"Recibiendo 1448 bytes de v1-bh1.mp4","timestamp":"2015-03-02T21:03:17.239Z"}
{"level":"info","message":"Recibiendo 1448 bytes de v1-bh1.mp4","timestamp":"2015-03-02T21:03:17.239Z"}
{"level":"info","message":"Recibiendo 1448 bytes de v1-bh1.mp4","timestamp":"2015-03-02T21:03:17.240Z"}
{"level":"info","message":"Recibiendo 1448 bytes de v1-nutricia-vital-aire.mp4","timestamp":"2015-03-02T21:03:17.243Z"}
{"level":"info","message":"Recibiendo 2896 bytes de v1-nutricia-vital-aire.mp4","timestamp":"2015-03-02T21:03:17.244Z"}
{"level":"info","message":"Recibiendo 1448 bytes de v1-nutricia-vital-aire.mp4","timestamp":"2015-03-02T21:03:17.244Z"}
{"level":"info","message":"Recibiendo 1448 bytes de v1-nutricia-vital-aire.mp4","timestamp":"2015-03-02T21:03:17.246Z"}
{"level":"info","message":"Recibiendo 1448 bytes de v1-nutricia-vital-aire.mp4","timestamp":"2015-03-02T21:03:17.246Z"}
