{"level":"info","message":"Recibiendo 2896 bytes de v1-freestile-optium.mp4","timestamp":"2015-03-02T21:06:55.006Z"}
{"level":"info","message":"Recibiendo 1448 bytes de v1-freestile-optium.mp4","timestamp":"2015-03-02T21:06:55.007Z"}
{"level":"info","message":"Recibiendo 1448 bytes de v1-freestile-optium.mp4","timestamp":"2015-03-02T21:06:55.009Z"}
{"level":"info","message":"Recibiendo 1448 bytes de v1-eucerin.mp4","timestamp":"2015-03-02T21:06:55.010Z"}
{"level":"info","message":"Recibiendo 2896 bytes de v1-eucerin.mp4","timestamp":"2015-03-02T21:06:55.011Z"}
{"level":"info","message":"Recibiendo 1448 bytes de v1-eucerin.mp4","timestamp":"2015-03-02T21:06:55.011Z"}
{"level":"info","message":"Recibiendo 1448 bytes de v1-eucerin.mp4","timestamp":"2015-03-02T21:06:55.012Z"}
{"level":"info","message":"Recibiendo 1448 bytes de v1-eucerin.mp4","timestamp":"2015-03-02T21:06:55.012Z"}
{"level":"info","message":"Recibiendo 1448 bytes de v1-eucerin.mp4","timestamp":"2015-03-02T21:06:55.013Z"}
{"level":"info","message":"Recibiendo 1448 bytes de v1-eucerin.mp4","timestamp":"2015-03-02T21:06:55.013Z"}
{"level":"info","message":"Recibiendo 2896 bytes de v1-pharmaton.mp4","timestamp":"2015-03-02T21:06:55.017Z"}
{"level":"info","message":"Recibiendo 2896 bytes de v1-pharmaton.mp4","timestamp":"2015-03-02T21:06:55.018Z"}
{"level":"info","message":"Recibiendo 1448 bytes de v1-nutriacademia.mp4","timestamp":"2015-03-02T21:06:55.025Z"}
{"level":"info","message":"Recibiendo 1448 bytes de v1-nutriacademia.mp4","timestamp":"2015-03-02T21:06:55.025Z"}
{"level":"info","message":"Recibiendo 1448 bytes de v1-nutriacademia.mp4","timestamp":"2015-03-02T21:06:55.025Z"}
{"level":"info","message":"Recibiendo 1448 bytes de v1-nutriacademia.mp4","timestamp":"2015-03-02T21:06:55.026Z"}
{"level":"info","message":"Recibiendo 4344 bytes de v1-pharmaton.mp4","timestamp":"2015-03-02T21:06:55.103Z"}
{"level":"info","message":"Recibiendo 2896 bytes de v1-nutriacademia.mp4","timestamp":"2015-03-02T21:06:55.103Z"}
{"level":"info","message":"Recibiendo 1448 bytes de v1-nutriacademia.mp4","timestamp":"2015-03-02T21:06:55.103Z"}
{"level":"info","message":"Recibiendo 1448 bytes de v1-freestile-optium.mp4","timestamp":"2015-03-02T21:06:55.104Z"}
{"level":"info","message":"Recibiendo 1448 bytes de v1-freestile-optium.mp4","timestamp":"2015-03-02T21:06:55.104Z"}
{"level":"info","message":"Recibiendo 1448 bytes de v1-freestile-optium.mp4","timestamp":"2015-03-02T21:06:55.143Z"}
{"level":"info","message":"Recibiendo 1448 bytes de v1-freestile-optium.mp4","timestamp":"2015-03-02T21:06:55.144Z"}
{"level":"info","message":"Recibiendo 1448 bytes de v1-freestile-optium.mp4","timestamp":"2015-03-02T21:06:55.144Z"}
{"level":"info","message":"Recibiendo 1448 bytes de v1-freestile-optium.mp4","timestamp":"2015-03-02T21:06:55.144Z"}
{"level":"info","message":"Recibiendo 1448 bytes de v1-freestile-optium.mp4","timestamp":"2015-03-02T21:06:55.144Z"}
{"level":"info","message":"Recibiendo 1448 bytes de v1-eucerin.mp4","timestamp":"2015-03-02T21:06:55.145Z"}
{"level":"info","message":"Recibiendo 1448 bytes de v1-eucerin.mp4","timestamp":"2015-03-02T21:06:55.145Z"}
{"level":"info","message":"Recibiendo 1448 bytes de v1-eucerin.mp4","timestamp":"2015-03-02T21:06:55.145Z"}
{"level":"info","message":"Recibiendo 1448 bytes de v1-eucerin.mp4","timestamp":"2015-03-02T21:06:55.146Z"}
{"level":"info","message":"Recibiendo 1448 bytes de v1-eucerin.mp4","timestamp":"2015-03-02T21:06:55.148Z"}
{"level":"info","message":"Recibiendo 1448 bytes de v1-eucerin.mp4","timestamp":"2015-03-02T21:06:55.149Z"}
{"level":"info","message":"Recibiendo 1448 bytes de v1-eucerin.mp4","timestamp":"2015-03-02T21:06:55.149Z"}
{"level":"info","message":"Recibiendo 1448 bytes de v1-eucerin.mp4","timestamp":"2015-03-02T21:06:55.149Z"}
{"level":"info","message":"Recibiendo 1448 bytes de v1-pharmaton.mp4","timestamp":"2015-03-02T21:06:55.149Z"}
{"level":"info","message":"Recibiendo 1448 bytes de v1-pharmaton.mp4","timestamp":"2015-03-02T21:06:55.150Z"}
{"level":"info","message":"Recibiendo 1448 bytes de v1-pharmaton.mp4","timestamp":"2015-03-02T21:06:55.150Z"}
{"level":"info","message":"Recibiendo 1448 bytes de v1-pharmaton.mp4","timestamp":"2015-03-02T21:06:55.150Z"}
{"level":"info","message":"Recibiendo 1448 bytes de v1-nutriacademia.mp4","timestamp":"2015-03-02T21:06:55.151Z"}
{"level":"info","message":"Recibiendo 1448 bytes de v1-nutriacademia.mp4","timestamp":"2015-03-02T21:06:55.151Z"}
{"level":"info","message":"Recibiendo 1448 bytes de v1-nutriacademia.mp4","timestamp":"2015-03-02T21:06:55.151Z"}
{"level":"info","message":"Recibiendo 1448 bytes de v1-nutriacademia.mp4","timestamp":"2015-03-02T21:06:55.152Z"}
{"level":"info","message":"Recibiendo 1448 bytes de v1-nutriacademia.mp4","timestamp":"2015-03-02T21:06:55.152Z"}
{"level":"info","message":"Recibiendo 11584 bytes de v1-sedal.mp4","timestamp":"2015-03-02T21:06:55.152Z"}
{"level":"info","message":"Recibiendo 1448 bytes de v1-sedal.mp4","timestamp":"2015-03-02T21:06:55.153Z"}
{"level":"info","message":"Recibiendo 1448 bytes de v1-sedal.mp4","timestamp":"2015-03-02T21:06:55.157Z"}
{"level":"info","message":"Recibiendo 1448 bytes de v1-sedal.mp4","timestamp":"2015-03-02T21:06:55.175Z"}
{"level":"info","message":"Recibiendo 1448 bytes de v1-pharmaton.mp4","timestamp":"2015-03-02T21:06:55.238Z"}
{"level":"info","message":"Recibiendo 1448 bytes de v1-pharmaton.mp4","timestamp":"2015-03-02T21:06:55.239Z"}
{"level":"info","message":"Recibiendo 1448 bytes de v1-pharmaton.mp4","timestamp":"2015-03-02T21:06:55.244Z"}
{"level":"info","message":"Recibiendo 1448 bytes de v1-pharmaton.mp4","timestamp":"2015-03-02T21:06:55.249Z"}
{"level":"info","message":"Recibiendo 1448 bytes de v1-nutriacademia.mp4","timestamp":"2015-03-02T21:06:55.249Z"}
{"level":"info","message":"Recibiendo 2896 bytes de v1-nutriacademia.mp4","timestamp":"2015-03-02T21:06:55.250Z"}
{"level":"info","message":"Recibiendo 1448 bytes de v1-nutriacademia.mp4","timestamp":"2015-03-02T21:06:55.250Z"}
{"level":"info","message":"Recibiendo 1448 bytes de v1-freestile-optium.mp4","timestamp":"2015-03-02T21:06:55.250Z"}
{"level":"info","message":"Recibiendo 1448 bytes de v1-freestile-optium.mp4","timestamp":"2015-03-02T21:06:55.251Z"}
{"level":"info","message":"Recibiendo 1448 bytes de v1-freestile-optium.mp4","timestamp":"2015-03-02T21:06:55.251Z"}
{"level":"info","message":"Recibiendo 1448 bytes de v1-freestile-optium.mp4","timestamp":"2015-03-02T21:06:55.264Z"}
{"level":"info","message":"Recibiendo 1448 bytes de v1-freestile-optium.mp4","timestamp":"2015-03-02T21:06:55.307Z"}
{"level":"info","message":"Recibiendo 1448 bytes de v1-freestile-optium.mp4","timestamp":"2015-03-02T21:06:55.307Z"}
{"level":"info","message":"Recibiendo 1448 bytes de v1-freestile-optium.mp4","timestamp":"2015-03-02T21:06:55.308Z"}
{"level":"info","message":"Recibiendo 1448 bytes de v1-eucerin.mp4","timestamp":"2015-03-02T21:06:55.308Z"}
{"level":"info","message":"Recibiendo 1448 bytes de v1-eucerin.mp4","timestamp":"2015-03-02T21:06:55.308Z"}
{"level":"info","message":"Recibiendo 1448 bytes de v1-eucerin.mp4","timestamp":"2015-03-02T21:06:55.309Z"}
{"level":"info","message":"Recibiendo 1448 bytes de v1-eucerin.mp4","timestamp":"2015-03-02T21:06:55.309Z"}
{"level":"info","message":"Recibiendo 1448 bytes de v1-eucerin.mp4","timestamp":"2015-03-02T21:06:55.309Z"}
{"level":"info","message":"Recibiendo 1448 bytes de v1-eucerin.mp4","timestamp":"2015-03-02T21:06:55.310Z"}
{"level":"info","message":"Recibiendo 1448 bytes de v1-eucerin.mp4","timestamp":"2015-03-02T21:06:55.310Z"}
{"level":"info","message":"Recibiendo 1448 bytes de v1-eucerin.mp4","timestamp":"2015-03-02T21:06:55.310Z"}
{"level":"info","message":"Recibiendo 1448 bytes de v1-pharmaton.mp4","timestamp":"2015-03-02T21:06:55.310Z"}
{"level":"info","message":"Recibiendo 1448 bytes de v1-pharmaton.mp4","timestamp":"2015-03-02T21:06:55.311Z"}
{"level":"info","message":"Recibiendo 1448 bytes de v1-pharmaton.mp4","timestamp":"2015-03-02T21:06:55.311Z"}
{"level":"info","message":"Recibiendo 1448 bytes de v1-pharmaton.mp4","timestamp":"2015-03-02T21:06:55.311Z"}
{"level":"info","message":"Recibiendo 1448 bytes de v1-nutriacademia.mp4","timestamp":"2015-03-02T21:06:55.316Z"}
{"level":"info","message":"Recibiendo 2896 bytes de v1-nutriacademia.mp4","timestamp":"2015-03-02T21:06:55.316Z"}
{"level":"info","message":"Recibiendo 1448 bytes de v1-sedal.mp4","timestamp":"2015-03-02T21:06:55.321Z"}
{"level":"info","message":"Recibiendo 1448 bytes de v1-sedal.mp4","timestamp":"2015-03-02T21:06:55.353Z"}
{"level":"info","message":"Recibiendo 4344 bytes de v1-sedal.mp4","timestamp":"2015-03-02T21:06:55.353Z"}
{"level":"info","message":"Recibiendo 1448 bytes de v1-sedal.mp4","timestamp":"2015-03-02T21:06:55.354Z"}
{"level":"info","message":"Recibiendo 1448 bytes de v1-nutriacademia.mp4","timestamp":"2015-03-02T21:06:55.354Z"}
{"level":"info","message":"Recibiendo 1448 bytes de v1-nutriacademia.mp4","timestamp":"2015-03-02T21:06:55.354Z"}
{"level":"info","message":"Recibiendo 1448 bytes de v1-nutriacademia.mp4","timestamp":"2015-03-02T21:06:55.355Z"}
{"level":"info","message":"Recibiendo 1448 bytes de v1-pharmaton.mp4","timestamp":"2015-03-02T21:06:55.357Z"}
{"level":"info","message":"Recibiendo 2896 bytes de v1-pharmaton.mp4","timestamp":"2015-03-02T21:06:55.358Z"}
{"level":"info","message":"Recibiendo 1448 bytes de v1-pharmaton.mp4","timestamp":"2015-03-02T21:06:55.358Z"}
{"level":"info","message":"Recibiendo 1448 bytes de v1-nutriacademia.mp4","timestamp":"2015-03-02T21:06:55.358Z"}
{"level":"info","message":"Recibiendo 2896 bytes de v1-nutriacademia.mp4","timestamp":"2015-03-02T21:06:55.359Z"}
{"level":"info","message":"Recibiendo 1448 bytes de v1-nutriacademia.mp4","timestamp":"2015-03-02T21:06:55.365Z"}
{"level":"info","message":"Recibiendo 1448 bytes de v1-freestile-optium.mp4","timestamp":"2015-03-02T21:06:55.366Z"}
{"level":"info","message":"Recibiendo 1448 bytes de v1-freestile-optium.mp4","timestamp":"2015-03-02T21:06:55.366Z"}
{"level":"info","message":"Recibiendo 1448 bytes de v1-freestile-optium.mp4","timestamp":"2015-03-02T21:06:55.366Z"}
{"level":"info","message":"Recibiendo 1448 bytes de v1-freestile-optium.mp4","timestamp":"2015-03-02T21:06:55.367Z"}
