{"level":"info","message":"****************** INFO *****************","timestamp":"2015-03-02T21:02:48.434Z"}
{"level":"info","message":"NODO: 1962502","timestamp":"2015-03-02T21:02:48.435Z"}
{"level":"info","message":"idAdministrador: 2003840","timestamp":"2015-03-02T21:02:48.435Z"}
{"level":"info","message":"id sponsor oficial del administrador: 2003842","timestamp":"2015-03-02T21:02:48.435Z"}
{"level":"info","message":"Sponsors Oficiales Encontrados: 2","timestamp":"2015-03-02T21:02:48.435Z"}
{"level":"info","message":"Pautas: 0","timestamp":"2015-03-02T21:02:48.435Z"}
{"level":"info","message":"Muletos Administrador: 22","timestamp":"2015-03-02T21:02:48.435Z"}
{"level":"info","message":"Muletos por Main Sponsor: 0","timestamp":"2015-03-02T21:02:48.436Z"}
{"level":"info","message":"Muletos por Main Sponsor Propios: 1","timestamp":"2015-03-02T21:02:48.436Z"}
{"level":"info","message":"****************** FIN INFO *****************","timestamp":"2015-03-02T21:02:48.436Z"}
{"level":"info","message":"averiguarNodoFn - OK","timestamp":"2015-03-02T21:02:48.436Z"}
{"level":"info","message":"getTiemposSponsorFn - OK","timestamp":"2015-03-02T21:02:48.436Z"}
{"level":"info","message":"No se encontron pautas por grupo","timestamp":"2015-03-02T21:02:48.437Z"}
{"level":"info","message":"getAdministradorIdFn - OK","timestamp":"2015-03-02T21:02:48.437Z"}
{"level":"info","message":"getSponsorsDeMainSponsorsFn - OK","timestamp":"2015-03-02T21:02:48.437Z"}
{"level":"info","message":"getSponsorsDeAdministradorFn - OK","timestamp":"2015-03-02T21:02:48.437Z"}
{"level":"info","message":"getPautasMuletoAdministradorFn - OK","timestamp":"2015-03-02T21:02:48.437Z"}
{"level":"info","message":"getPautasMuleto - OK","timestamp":"2015-03-02T21:02:48.437Z"}
{"level":"info","message":"Pautas a descargar: 22","timestamp":"2015-03-02T21:02:48.439Z"}
{"level":"info","message":"Tamaño de archivo remoto: 9357878","timestamp":"2015-03-02T21:02:48.499Z"}
{"level":"info","message":"Tamaño de archivo local: 0","timestamp":"2015-03-02T21:02:48.500Z"}
{"level":"info","message":"Tamaño de archivo remoto: 2413219","timestamp":"2015-03-02T21:02:48.503Z"}
{"level":"info","message":"Tamaño de archivo local: 0","timestamp":"2015-03-02T21:02:48.503Z"}
{"level":"info","message":"Tamaño de archivo remoto: 10183541","timestamp":"2015-03-02T21:02:48.504Z"}
{"level":"info","message":"Tamaño de archivo local: 0","timestamp":"2015-03-02T21:02:48.504Z"}
{"level":"info","message":"Tamaño de archivo remoto: 11509054","timestamp":"2015-03-02T21:02:48.505Z"}
{"level":"info","message":"Tamaño de archivo local: 0","timestamp":"2015-03-02T21:02:48.506Z"}
{"level":"info","message":"Tamaño de archivo remoto: 4127196","timestamp":"2015-03-02T21:02:48.506Z"}
{"level":"info","message":"Tamaño de archivo local: 0","timestamp":"2015-03-02T21:02:48.506Z"}
{"level":"info","message":"Recibiendo 1448 bytes de v1-nutricia-vital-aire.mp4","timestamp":"2015-03-02T21:03:01.474Z"}
{"level":"info","message":"Recibiendo 2896 bytes de v1-nutricia-vital-aire.mp4","timestamp":"2015-03-02T21:03:01.476Z"}
{"level":"info","message":"Recibiendo 2896 bytes de v1-nutricia-vital-aire.mp4","timestamp":"2015-03-02T21:03:01.477Z"}
{"level":"info","message":"Recibiendo 5792 bytes de v1-aseptobron.mp4","timestamp":"2015-03-02T21:03:01.478Z"}
{"level":"info","message":"Recibiendo 2896 bytes de v1-aseptobron.mp4","timestamp":"2015-03-02T21:03:01.485Z"}
{"level":"info","message":"Recibiendo 2896 bytes de v1-aseptobron.mp4","timestamp":"2015-03-02T21:03:01.491Z"}
{"level":"info","message":"Recibiendo 1448 bytes de v1-aseptobron.mp4","timestamp":"2015-03-02T21:03:01.491Z"}
{"level":"info","message":"Recibiendo 1448 bytes de v1-aseptobron.mp4","timestamp":"2015-03-02T21:03:01.492Z"}
{"level":"info","message":"Recibiendo 1448 bytes de v1-aseptobron.mp4","timestamp":"2015-03-02T21:03:01.492Z"}
{"level":"info","message":"Recibiendo 1448 bytes de v1-aseptobron.mp4","timestamp":"2015-03-02T21:03:01.493Z"}
{"level":"info","message":"Recibiendo 1448 bytes de v1-nutricia-vital-aire.mp4","timestamp":"2015-03-02T21:03:01.495Z"}
{"level":"info","message":"Recibiendo 1448 bytes de v1-nutricia-vital-aire.mp4","timestamp":"2015-03-02T21:03:01.495Z"}
{"level":"info","message":"Recibiendo 5792 bytes de v1-nutricia-vital-aire.mp4","timestamp":"2015-03-02T21:03:01.497Z"}
{"level":"info","message":"Recibiendo 2896 bytes de v1-nutricia-vital-aire.mp4","timestamp":"2015-03-02T21:03:01.497Z"}
{"level":"info","message":"Recibiendo 2896 bytes de v1-nutricia-vital-aire.mp4","timestamp":"2015-03-02T21:03:01.499Z"}
{"level":"info","message":"Recibiendo 2896 bytes de v1-nutricia-vital-aire.mp4","timestamp":"2015-03-02T21:03:01.500Z"}
{"level":"info","message":"Recibiendo 5792 bytes de v1-nutricia-vital-aire.mp4","timestamp":"2015-03-02T21:03:01.502Z"}
{"level":"info","message":"Recibiendo 2896 bytes de v1-nutricia-vital-aire.mp4","timestamp":"2015-03-02T21:03:01.502Z"}
{"level":"info","message":"Recibiendo 2896 bytes de v1-nutricia-vital-aire.mp4","timestamp":"2015-03-02T21:03:01.503Z"}
{"level":"info","message":"Recibiendo 2896 bytes de v1-nutricia-vital-aire.mp4","timestamp":"2015-03-02T21:03:01.504Z"}
{"level":"info","message":"Recibiendo 1448 bytes de v1-aseptobron.mp4","timestamp":"2015-03-02T21:03:01.504Z"}
{"level":"info","message":"Recibiendo 1448 bytes de v1-aseptobron.mp4","timestamp":"2015-03-02T21:03:01.506Z"}
{"level":"info","message":"Recibiendo 1448 bytes de v1-aseptobron.mp4","timestamp":"2015-03-02T21:03:01.507Z"}
{"level":"info","message":"Recibiendo 1448 bytes de v1-aseptobron.mp4","timestamp":"2015-03-02T21:03:01.510Z"}
{"level":"info","message":"Recibiendo 1448 bytes de v1-aseptobron.mp4","timestamp":"2015-03-02T21:03:01.512Z"}
{"level":"info","message":"Recibiendo 1448 bytes de v1-aseptobron.mp4","timestamp":"2015-03-02T21:03:01.512Z"}
{"level":"info","message":"Recibiendo 2896 bytes de v1-aseptobron.mp4","timestamp":"2015-03-02T21:03:01.515Z"}
{"level":"info","message":"Recibiendo 1448 bytes de v1-aseptobron.mp4","timestamp":"2015-03-02T21:03:01.515Z"}
{"level":"info","message":"Recibiendo 2896 bytes de v1-aseptobron.mp4","timestamp":"2015-03-02T21:03:01.516Z"}
{"level":"info","message":"Recibiendo 2896 bytes de v1-aseptobron.mp4","timestamp":"2015-03-02T21:03:01.516Z"}
{"level":"info","message":"Recibiendo 1448 bytes de v1-aseptobron.mp4","timestamp":"2015-03-02T21:03:01.517Z"}
{"level":"info","message":"Recibiendo 1448 bytes de v1-aseptobron.mp4","timestamp":"2015-03-02T21:03:01.518Z"}
{"level":"info","message":"Recibiendo 2896 bytes de v1-nutricia-vital-aire.mp4","timestamp":"2015-03-02T21:03:01.524Z"}
{"level":"info","message":"Recibiendo 1448 bytes de v1-nutricia-vital-aire.mp4","timestamp":"2015-03-02T21:03:01.524Z"}
{"level":"info","message":"Recibiendo 1448 bytes de v1-nutricia-vital-aire.mp4","timestamp":"2015-03-02T21:03:01.525Z"}
{"level":"info","message":"Recibiendo 2896 bytes de v1-nutricia-vital-aire.mp4","timestamp":"2015-03-02T21:03:01.527Z"}
{"level":"info","message":"Recibiendo 1448 bytes de v1-nutricia-vital-aire.mp4","timestamp":"2015-03-02T21:03:01.528Z"}
{"level":"info","message":"Recibiendo 2896 bytes de v1-nutricia-vital-aire.mp4","timestamp":"2015-03-02T21:03:01.530Z"}
{"level":"info","message":"Recibiendo 2896 bytes de v1-nutricia-vital-aire.mp4","timestamp":"2015-03-02T21:03:01.531Z"}
{"level":"info","message":"Recibiendo 2896 bytes de v1-nutricia-vital-aire.mp4","timestamp":"2015-03-02T21:03:01.531Z"}
{"level":"info","message":"Recibiendo 1448 bytes de v1-nutricia-vital-aire.mp4","timestamp":"2015-03-02T21:03:01.532Z"}
{"level":"info","message":"Recibiendo 2896 bytes de v1-nutricia-vital-aire.mp4","timestamp":"2015-03-02T21:03:01.567Z"}
{"level":"info","message":"Recibiendo 2896 bytes de v1-nutricia-vital-aire.mp4","timestamp":"2015-03-02T21:03:01.568Z"}
{"level":"info","message":"Recibiendo 2896 bytes de v1-nutricia-vital-aire.mp4","timestamp":"2015-03-02T21:03:01.568Z"}
{"level":"info","message":"Recibiendo 2896 bytes de v1-nutricia-vital-aire.mp4","timestamp":"2015-03-02T21:03:01.569Z"}
{"level":"info","message":"Recibiendo 8688 bytes de v1-nutricia-vital-aire.mp4","timestamp":"2015-03-02T21:03:01.571Z"}
{"level":"info","message":"Recibiendo 1448 bytes de v1-nutricia-vital-aire.mp4","timestamp":"2015-03-02T21:03:01.578Z"}
{"level":"info","message":"Recibiendo 1448 bytes de v1-nutricia-vital-aire.mp4","timestamp":"2015-03-02T21:03:01.579Z"}
{"level":"info","message":"Recibiendo 2896 bytes de v1-nutricia-vital-aire.mp4","timestamp":"2015-03-02T21:03:01.586Z"}
{"level":"info","message":"Recibiendo 1448 bytes de v1-nutricia-vital-aire.mp4","timestamp":"2015-03-02T21:03:01.587Z"}
{"level":"info","message":"Recibiendo 2896 bytes de v1-nutricia-vital-aire.mp4","timestamp":"2015-03-02T21:03:01.587Z"}
{"level":"info","message":"Recibiendo 1448 bytes de v1-nutricia-vital-aire.mp4","timestamp":"2015-03-02T21:03:01.588Z"}
{"level":"info","message":"Recibiendo 2896 bytes de v1-nutricia-vital-aire.mp4","timestamp":"2015-03-02T21:03:01.588Z"}
{"level":"info","message":"Recibiendo 1448 bytes de v1-nutricia-vital-aire.mp4","timestamp":"2015-03-02T21:03:01.594Z"}
{"level":"info","message":"Recibiendo 4344 bytes de v1-nutricia-vital-aire.mp4","timestamp":"2015-03-02T21:03:01.594Z"}
{"level":"info","message":"Recibiendo 1448 bytes de v1-nutricia-vital-aire.mp4","timestamp":"2015-03-02T21:03:01.595Z"}
{"level":"info","message":"Recibiendo 1448 bytes de v1-nutricia-vital-aire.mp4","timestamp":"2015-03-02T21:03:01.595Z"}
{"level":"info","message":"Recibiendo 2896 bytes de v1-aseptobron.mp4","timestamp":"2015-03-02T21:03:01.596Z"}
{"level":"info","message":"Recibiendo 2896 bytes de v1-aseptobron.mp4","timestamp":"2015-03-02T21:03:01.605Z"}
{"level":"info","message":"Recibiendo 1448 bytes de v1-aseptobron.mp4","timestamp":"2015-03-02T21:03:01.615Z"}
{"level":"info","message":"Recibiendo 1448 bytes de v1-aseptobron.mp4","timestamp":"2015-03-02T21:03:01.622Z"}
{"level":"info","message":"Recibiendo 1448 bytes de v1-aseptobron.mp4","timestamp":"2015-03-02T21:03:01.622Z"}
{"level":"info","message":"Recibiendo 1448 bytes de v1-aseptobron.mp4","timestamp":"2015-03-02T21:03:01.624Z"}
{"level":"info","message":"Recibiendo 1448 bytes de v1-aseptobron.mp4","timestamp":"2015-03-02T21:03:01.624Z"}
