{"level":"info","message":"Recibiendo 2896 bytes de v1-donar.mp4","timestamp":"2015-03-02T21:06:02.440Z"}
{"level":"info","message":"Recibiendo 1448 bytes de v1-dentifix.mp4","timestamp":"2015-03-02T21:06:02.443Z"}
{"level":"info","message":"Recibiendo 1448 bytes de v1-dentifix.mp4","timestamp":"2015-03-02T21:06:02.443Z"}
{"level":"info","message":"Recibiendo 1448 bytes de v1-dentifix.mp4","timestamp":"2015-03-02T21:06:02.456Z"}
{"level":"info","message":"Recibiendo 7240 bytes de v1-donar.mp4","timestamp":"2015-03-02T21:06:02.457Z"}
{"level":"info","message":"Recibiendo 1448 bytes de v1-eucerin.mp4","timestamp":"2015-03-02T21:06:02.459Z"}
{"level":"info","message":"Recibiendo 1448 bytes de v1-eucerin.mp4","timestamp":"2015-03-02T21:06:02.459Z"}
{"level":"info","message":"Recibiendo 1448 bytes de v1-eucerin.mp4","timestamp":"2015-03-02T21:06:02.459Z"}
{"level":"info","message":"Recibiendo 1448 bytes de v1-dentifix.mp4","timestamp":"2015-03-02T21:06:02.462Z"}
{"level":"info","message":"Recibiendo 1448 bytes de v1-dentifix.mp4","timestamp":"2015-03-02T21:06:02.463Z"}
{"level":"info","message":"Recibiendo 1448 bytes de v1-dentifix.mp4","timestamp":"2015-03-02T21:06:02.464Z"}
{"level":"info","message":"Recibiendo 1448 bytes de v1-dentifix.mp4","timestamp":"2015-03-02T21:06:02.465Z"}
{"level":"info","message":"Recibiendo 1448 bytes de v1-dentifix.mp4","timestamp":"2015-03-02T21:06:02.465Z"}
{"level":"info","message":"Recibiendo 1448 bytes de v1-dentifix.mp4","timestamp":"2015-03-02T21:06:02.465Z"}
{"level":"info","message":"Recibiendo 1448 bytes de v1-dentifix.mp4","timestamp":"2015-03-02T21:06:02.479Z"}
{"level":"info","message":"Recibiendo 1448 bytes de v1-dentifix.mp4","timestamp":"2015-03-02T21:06:02.481Z"}
{"level":"info","message":"Recibiendo 1448 bytes de v1-centrum 2.mp4","timestamp":"2015-03-02T21:06:02.484Z"}
{"level":"info","message":"Recibiendo 1448 bytes de v1-centrum 2.mp4","timestamp":"2015-03-02T21:06:02.485Z"}
{"level":"info","message":"Recibiendo 1448 bytes de v1-centrum 2.mp4","timestamp":"2015-03-02T21:06:02.486Z"}
{"level":"info","message":"Recibiendo 1448 bytes de v1-centrum 2.mp4","timestamp":"2015-03-02T21:06:02.488Z"}
{"level":"info","message":"Recibiendo 1448 bytes de v1-centrum 2.mp4","timestamp":"2015-03-02T21:06:02.488Z"}
{"level":"info","message":"Recibiendo 1448 bytes de v1-centrum.mp4","timestamp":"2015-03-02T21:06:02.488Z"}
{"level":"info","message":"Recibiendo 1448 bytes de v1-centrum.mp4","timestamp":"2015-03-02T21:06:02.504Z"}
{"level":"info","message":"Recibiendo 2896 bytes de v1-centrum.mp4","timestamp":"2015-03-02T21:06:02.505Z"}
{"level":"info","message":"Recibiendo 1448 bytes de v1-centrum.mp4","timestamp":"2015-03-02T21:06:02.513Z"}
{"level":"info","message":"Recibiendo 2896 bytes de v1-eucerin.mp4","timestamp":"2015-03-02T21:06:02.513Z"}
{"level":"info","message":"Recibiendo 1448 bytes de v1-eucerin.mp4","timestamp":"2015-03-02T21:06:02.514Z"}
{"level":"info","message":"Recibiendo 1448 bytes de v1-donar.mp4","timestamp":"2015-03-02T21:06:02.517Z"}
{"level":"info","message":"Recibiendo 1448 bytes de v1-donar.mp4","timestamp":"2015-03-02T21:06:02.518Z"}
{"level":"info","message":"Recibiendo 1448 bytes de v1-donar.mp4","timestamp":"2015-03-02T21:06:02.518Z"}
{"level":"info","message":"Recibiendo 1448 bytes de v1-donar.mp4","timestamp":"2015-03-02T21:06:02.518Z"}
{"level":"info","message":"Recibiendo 1448 bytes de v1-donar.mp4","timestamp":"2015-03-02T21:06:02.519Z"}
{"level":"info","message":"Recibiendo 1448 bytes de v1-dentifix.mp4","timestamp":"2015-03-02T21:06:02.523Z"}
{"level":"info","message":"Recibiendo 1448 bytes de v1-dentifix.mp4","timestamp":"2015-03-02T21:06:02.524Z"}
{"level":"info","message":"Recibiendo 1448 bytes de v1-dentifix.mp4","timestamp":"2015-03-02T21:06:02.548Z"}
{"level":"info","message":"Recibiendo 1448 bytes de v1-donar.mp4","timestamp":"2015-03-02T21:06:02.673Z"}
{"level":"info","message":"Recibiendo 2896 bytes de v1-donar.mp4","timestamp":"2015-03-02T21:06:02.673Z"}
{"level":"info","message":"Recibiendo 1448 bytes de v1-donar.mp4","timestamp":"2015-03-02T21:06:02.680Z"}
{"level":"info","message":"Recibiendo 1448 bytes de v1-donar.mp4","timestamp":"2015-03-02T21:06:02.680Z"}
{"level":"info","message":"Recibiendo 1448 bytes de v1-donar.mp4","timestamp":"2015-03-02T21:06:02.681Z"}
{"level":"info","message":"Recibiendo 1448 bytes de v1-dentifix.mp4","timestamp":"2015-03-02T21:06:02.847Z"}
{"level":"info","message":"Recibiendo 1448 bytes de v1-dentifix.mp4","timestamp":"2015-03-02T21:06:02.847Z"}
{"level":"info","message":"Recibiendo 2896 bytes de v1-dentifix.mp4","timestamp":"2015-03-02T21:06:02.847Z"}
{"level":"info","message":"Recibiendo 2896 bytes de v1-dentifix.mp4","timestamp":"2015-03-02T21:06:02.983Z"}
{"level":"info","message":"Recibiendo 1448 bytes de v1-dentifix.mp4","timestamp":"2015-03-02T21:06:02.984Z"}
{"level":"info","message":"Recibiendo 2896 bytes de v1-dentifix.mp4","timestamp":"2015-03-02T21:06:02.986Z"}
{"level":"info","message":"Recibiendo 4344 bytes de v1-centrum 2.mp4","timestamp":"2015-03-02T21:06:02.987Z"}
{"level":"info","message":"Recibiendo 1448 bytes de v1-centrum.mp4","timestamp":"2015-03-02T21:06:03.020Z"}
{"level":"info","message":"Recibiendo 1448 bytes de v1-donar.mp4","timestamp":"2015-03-02T21:06:03.020Z"}
{"level":"info","message":"Recibiendo 1448 bytes de v1-donar.mp4","timestamp":"2015-03-02T21:06:03.020Z"}
{"level":"info","message":"Recibiendo 1448 bytes de v1-donar.mp4","timestamp":"2015-03-02T21:06:03.021Z"}
{"level":"info","message":"Recibiendo 2896 bytes de v1-centrum.mp4","timestamp":"2015-03-02T21:06:03.022Z"}
{"level":"info","message":"Recibiendo 1448 bytes de v1-centrum.mp4","timestamp":"2015-03-02T21:06:03.022Z"}
{"level":"info","message":"Recibiendo 1448 bytes de v1-donar.mp4","timestamp":"2015-03-02T21:06:03.212Z"}
{"level":"info","message":"Recibiendo 1448 bytes de v1-donar.mp4","timestamp":"2015-03-02T21:06:03.214Z"}
{"level":"info","message":"Recibiendo 1448 bytes de v1-donar.mp4","timestamp":"2015-03-02T21:06:03.214Z"}
{"level":"info","message":"Recibiendo 1448 bytes de v1-donar.mp4","timestamp":"2015-03-02T21:06:03.214Z"}
{"level":"info","message":"Recibiendo 1448 bytes de v1-dentifix.mp4","timestamp":"2015-03-02T21:06:03.215Z"}
{"level":"info","message":"Recibiendo 1448 bytes de v1-dentifix.mp4","timestamp":"2015-03-02T21:06:03.215Z"}
{"level":"info","message":"Recibiendo 1448 bytes de v1-dentifix.mp4","timestamp":"2015-03-02T21:06:03.220Z"}
{"level":"info","message":"Recibiendo 1448 bytes de v1-donar.mp4","timestamp":"2015-03-02T21:06:03.257Z"}
{"level":"info","message":"Recibiendo 1448 bytes de v1-donar.mp4","timestamp":"2015-03-02T21:06:03.263Z"}
{"level":"info","message":"Recibiendo 1448 bytes de v1-donar.mp4","timestamp":"2015-03-02T21:06:03.284Z"}
{"level":"info","message":"Recibiendo 1448 bytes de v1-donar.mp4","timestamp":"2015-03-02T21:06:03.292Z"}
{"level":"info","message":"Recibiendo 1448 bytes de v1-donar.mp4","timestamp":"2015-03-02T21:06:03.293Z"}
{"level":"info","message":"Recibiendo 2896 bytes de v1-donar.mp4","timestamp":"2015-03-02T21:06:03.293Z"}
{"level":"info","message":"Recibiendo 5792 bytes de v1-dentifix.mp4","timestamp":"2015-03-02T21:06:03.297Z"}
{"level":"info","message":"Recibiendo 1448 bytes de v1-dentifix.mp4","timestamp":"2015-03-02T21:06:03.298Z"}
{"level":"info","message":"Recibiendo 1448 bytes de v1-dentifix.mp4","timestamp":"2015-03-02T21:06:03.299Z"}
{"level":"info","message":"Recibiendo 1448 bytes de v1-dentifix.mp4","timestamp":"2015-03-02T21:06:03.309Z"}
{"level":"info","message":"Recibiendo 1448 bytes de v1-dentifix.mp4","timestamp":"2015-03-02T21:06:03.310Z"}
{"level":"info","message":"Recibiendo 1448 bytes de v1-donar.mp4","timestamp":"2015-03-02T21:06:03.415Z"}
{"level":"info","message":"Recibiendo 1448 bytes de v1-donar.mp4","timestamp":"2015-03-02T21:06:03.416Z"}
{"level":"info","message":"Recibiendo 1448 bytes de v1-donar.mp4","timestamp":"2015-03-02T21:06:03.416Z"}
{"level":"info","message":"Recibiendo 13032 bytes de v1-eucerin.mp4","timestamp":"2015-03-02T21:06:03.466Z"}
{"level":"info","message":"Recibiendo 1448 bytes de v1-eucerin.mp4","timestamp":"2015-03-02T21:06:03.477Z"}
{"level":"info","message":"Recibiendo 4344 bytes de v1-dentifix.mp4","timestamp":"2015-03-02T21:06:03.485Z"}
{"level":"info","message":"Recibiendo 1448 bytes de v1-donar.mp4","timestamp":"2015-03-02T21:06:03.490Z"}
{"level":"info","message":"Recibiendo 1448 bytes de v1-donar.mp4","timestamp":"2015-03-02T21:06:03.490Z"}
{"level":"info","message":"Recibiendo 1448 bytes de v1-donar.mp4","timestamp":"2015-03-02T21:06:03.493Z"}
{"level":"info","message":"Recibiendo 1448 bytes de v1-donar.mp4","timestamp":"2015-03-02T21:06:03.493Z"}
{"level":"info","message":"Recibiendo 2896 bytes de v1-donar.mp4","timestamp":"2015-03-02T21:06:03.494Z"}
{"level":"info","message":"Recibiendo 2896 bytes de v1-dentifix.mp4","timestamp":"2015-03-02T21:06:03.500Z"}
{"level":"info","message":"Recibiendo 4344 bytes de v1-dentifix.mp4","timestamp":"2015-03-02T21:06:03.501Z"}
{"level":"info","message":"Recibiendo 1448 bytes de v1-dentifix.mp4","timestamp":"2015-03-02T21:06:03.501Z"}
{"level":"info","message":"Recibiendo 2896 bytes de v1-dentifix.mp4","timestamp":"2015-03-02T21:06:03.502Z"}
{"level":"info","message":"Recibiendo 1448 bytes de v1-dentifix.mp4","timestamp":"2015-03-02T21:06:03.506Z"}
{"level":"info","message":"Recibiendo 11584 bytes de v1-centrum 2.mp4","timestamp":"2015-03-02T21:06:03.510Z"}
{"level":"info","message":"Recibiendo 1448 bytes de v1-donar.mp4","timestamp":"2015-03-02T21:06:03.512Z"}
{"level":"info","message":"Recibiendo 1448 bytes de v1-donar.mp4","timestamp":"2015-03-02T21:06:03.512Z"}
{"level":"info","message":"Recibiendo 1448 bytes de v1-donar.mp4","timestamp":"2015-03-02T21:06:03.513Z"}
{"level":"info","message":"Recibiendo 2896 bytes de v1-donar.mp4","timestamp":"2015-03-02T21:06:03.513Z"}
{"level":"info","message":"Recibiendo 1448 bytes de v1-centrum 2.mp4","timestamp":"2015-03-02T21:06:03.523Z"}
{"level":"info","message":"Recibiendo 1448 bytes de v1-centrum 2.mp4","timestamp":"2015-03-02T21:06:03.526Z"}
{"level":"info","message":"Recibiendo 10136 bytes de v1-centrum.mp4","timestamp":"2015-03-02T21:06:03.539Z"}
