{"level":"info","message":"Recibiendo 1448 bytes de v1-eucerin.mp4","timestamp":"2015-03-02T21:06:33.592Z"}
{"level":"info","message":"Recibiendo 1448 bytes de v1-eucerin.mp4","timestamp":"2015-03-02T21:06:33.607Z"}
{"level":"info","message":"Recibiendo 1448 bytes de v1-dentifix.mp4","timestamp":"2015-03-02T21:06:33.607Z"}
{"level":"info","message":"Recibiendo 2896 bytes de v1-dentifix.mp4","timestamp":"2015-03-02T21:06:33.607Z"}
{"level":"info","message":"Recibiendo 1448 bytes de v1-dentifix.mp4","timestamp":"2015-03-02T21:06:33.609Z"}
{"level":"info","message":"Recibiendo 1448 bytes de v1-lucerna.mp4","timestamp":"2015-03-02T21:06:33.616Z"}
{"level":"info","message":"Recibiendo 1448 bytes de v1-lucerna.mp4","timestamp":"2015-03-02T21:06:33.617Z"}
{"level":"info","message":"Recibiendo 1448 bytes de v1-lucerna.mp4","timestamp":"2015-03-02T21:06:33.617Z"}
{"level":"info","message":"Recibiendo 1448 bytes de v1-lucerna.mp4","timestamp":"2015-03-02T21:06:33.623Z"}
{"level":"info","message":"Recibiendo 1448 bytes de v1-lucerna.mp4","timestamp":"2015-03-02T21:06:33.623Z"}
{"level":"info","message":"Recibiendo 1448 bytes de v1-lucerna.mp4","timestamp":"2015-03-02T21:06:33.624Z"}
{"level":"info","message":"Recibiendo 1448 bytes de v1-lucerna.mp4","timestamp":"2015-03-02T21:06:33.624Z"}
{"level":"info","message":"Recibiendo 1448 bytes de v1-donar.mp4","timestamp":"2015-03-02T21:06:33.646Z"}
{"level":"info","message":"Recibiendo 1448 bytes de v1-donar.mp4","timestamp":"2015-03-02T21:06:33.646Z"}
{"level":"info","message":"Recibiendo 1448 bytes de v1-donar.mp4","timestamp":"2015-03-02T21:06:33.647Z"}
{"level":"info","message":"Recibiendo 1448 bytes de v1-donar.mp4","timestamp":"2015-03-02T21:06:33.647Z"}
{"level":"info","message":"Recibiendo 1448 bytes de v1-centrum 2.mp4","timestamp":"2015-03-02T21:06:33.647Z"}
{"level":"info","message":"Recibiendo 1448 bytes de v1-centrum 2.mp4","timestamp":"2015-03-02T21:06:33.648Z"}
{"level":"info","message":"Recibiendo 1448 bytes de v1-centrum 2.mp4","timestamp":"2015-03-02T21:06:33.648Z"}
{"level":"info","message":"Recibiendo 1448 bytes de v1-centrum 2.mp4","timestamp":"2015-03-02T21:06:33.649Z"}
{"level":"info","message":"Recibiendo 1448 bytes de v1-eucerin.mp4","timestamp":"2015-03-02T21:06:33.649Z"}
{"level":"info","message":"Recibiendo 1448 bytes de v1-eucerin.mp4","timestamp":"2015-03-02T21:06:33.653Z"}
{"level":"info","message":"Recibiendo 2896 bytes de v1-donar.mp4","timestamp":"2015-03-02T21:06:33.654Z"}
{"level":"info","message":"Recibiendo 1448 bytes de v1-donar.mp4","timestamp":"2015-03-02T21:06:33.672Z"}
{"level":"info","message":"Recibiendo 1448 bytes de v1-donar.mp4","timestamp":"2015-03-02T21:06:33.672Z"}
{"level":"info","message":"Recibiendo 1448 bytes de v1-eucerin.mp4","timestamp":"2015-03-02T21:06:33.679Z"}
{"level":"info","message":"Recibiendo 1448 bytes de v1-eucerin.mp4","timestamp":"2015-03-02T21:06:33.725Z"}
{"level":"info","message":"Recibiendo 2896 bytes de v1-eucerin.mp4","timestamp":"2015-03-02T21:06:33.725Z"}
{"level":"info","message":"Recibiendo 1448 bytes de v1-eucerin.mp4","timestamp":"2015-03-02T21:06:33.726Z"}
{"level":"info","message":"Recibiendo 1448 bytes de v1-dentifix.mp4","timestamp":"2015-03-02T21:06:33.726Z"}
{"level":"info","message":"Recibiendo 1448 bytes de v1-dentifix.mp4","timestamp":"2015-03-02T21:06:33.727Z"}
{"level":"info","message":"Recibiendo 1448 bytes de v1-dentifix.mp4","timestamp":"2015-03-02T21:06:33.727Z"}
{"level":"info","message":"Recibiendo 1448 bytes de v1-dentifix.mp4","timestamp":"2015-03-02T21:06:33.747Z"}
{"level":"info","message":"Recibiendo 2896 bytes de v1-lucerna.mp4","timestamp":"2015-03-02T21:06:33.748Z"}
{"level":"info","message":"Recibiendo 1448 bytes de v1-lucerna.mp4","timestamp":"2015-03-02T21:06:33.748Z"}
{"level":"info","message":"Recibiendo 1448 bytes de v1-lucerna.mp4","timestamp":"2015-03-02T21:06:33.749Z"}
{"level":"info","message":"Recibiendo 1448 bytes de v1-eucerin.mp4","timestamp":"2015-03-02T21:06:33.749Z"}
{"level":"info","message":"Recibiendo 1448 bytes de v1-eucerin.mp4","timestamp":"2015-03-02T21:06:33.749Z"}
{"level":"info","message":"Recibiendo 1448 bytes de v1-dentifix.mp4","timestamp":"2015-03-02T21:06:33.750Z"}
{"level":"info","message":"Recibiendo 1448 bytes de v1-dentifix.mp4","timestamp":"2015-03-02T21:06:33.750Z"}
{"level":"info","message":"Recibiendo 1448 bytes de v1-dentifix.mp4","timestamp":"2015-03-02T21:06:33.750Z"}
{"level":"info","message":"Recibiendo 1448 bytes de v1-donar.mp4","timestamp":"2015-03-02T21:06:33.751Z"}
{"level":"info","message":"Recibiendo 1448 bytes de v1-donar.mp4","timestamp":"2015-03-02T21:06:33.751Z"}
{"level":"info","message":"Recibiendo 1448 bytes de v1-donar.mp4","timestamp":"2015-03-02T21:06:33.751Z"}
{"level":"info","message":"Recibiendo 1448 bytes de v1-donar.mp4","timestamp":"2015-03-02T21:06:33.752Z"}
{"level":"info","message":"Recibiendo 1448 bytes de v1-centrum 2.mp4","timestamp":"2015-03-02T21:06:33.752Z"}
{"level":"info","message":"Recibiendo 1448 bytes de v1-centrum 2.mp4","timestamp":"2015-03-02T21:06:33.760Z"}
{"level":"info","message":"Recibiendo 1448 bytes de v1-centrum 2.mp4","timestamp":"2015-03-02T21:06:33.761Z"}
{"level":"info","message":"Recibiendo 1448 bytes de v1-centrum 2.mp4","timestamp":"2015-03-02T21:06:33.761Z"}
{"level":"info","message":"Recibiendo 2896 bytes de v1-lucerna.mp4","timestamp":"2015-03-02T21:06:33.806Z"}
{"level":"info","message":"Recibiendo 1448 bytes de v1-lucerna.mp4","timestamp":"2015-03-02T21:06:33.806Z"}
{"level":"info","message":"Recibiendo 1448 bytes de v1-eucerin.mp4","timestamp":"2015-03-02T21:06:33.849Z"}
{"level":"info","message":"Recibiendo 1448 bytes de v1-eucerin.mp4","timestamp":"2015-03-02T21:06:33.849Z"}
{"level":"info","message":"Recibiendo 1448 bytes de v1-eucerin.mp4","timestamp":"2015-03-02T21:06:33.849Z"}
{"level":"info","message":"Recibiendo 1448 bytes de v1-eucerin.mp4","timestamp":"2015-03-02T21:06:33.850Z"}
{"level":"info","message":"Recibiendo 1448 bytes de v1-dentifix.mp4","timestamp":"2015-03-02T21:06:33.850Z"}
{"level":"info","message":"Recibiendo 1448 bytes de v1-dentifix.mp4","timestamp":"2015-03-02T21:06:33.851Z"}
{"level":"info","message":"Recibiendo 1448 bytes de v1-dentifix.mp4","timestamp":"2015-03-02T21:06:33.851Z"}
{"level":"info","message":"Recibiendo 1448 bytes de v1-dentifix.mp4","timestamp":"2015-03-02T21:06:33.851Z"}
{"level":"info","message":"Recibiendo 1448 bytes de v1-lucerna.mp4","timestamp":"2015-03-02T21:06:33.853Z"}
{"level":"info","message":"Recibiendo 1448 bytes de v1-lucerna.mp4","timestamp":"2015-03-02T21:06:33.853Z"}
{"level":"info","message":"Recibiendo 1448 bytes de v1-lucerna.mp4","timestamp":"2015-03-02T21:06:33.854Z"}
{"level":"info","message":"Recibiendo 1448 bytes de v1-lucerna.mp4","timestamp":"2015-03-02T21:06:33.857Z"}
{"level":"info","message":"Recibiendo 5792 bytes de v1-eucerin.mp4","timestamp":"2015-03-02T21:06:33.857Z"}
{"level":"info","message":"Recibiendo 1448 bytes de v1-centrum 2.mp4","timestamp":"2015-03-02T21:06:33.867Z"}
{"level":"info","message":"Recibiendo 1448 bytes de v1-centrum 2.mp4","timestamp":"2015-03-02T21:06:33.867Z"}
{"level":"info","message":"Recibiendo 1448 bytes de v1-centrum 2.mp4","timestamp":"2015-03-02T21:06:33.868Z"}
{"level":"info","message":"Recibiendo 1448 bytes de v1-centrum 2.mp4","timestamp":"2015-03-02T21:06:33.868Z"}
{"level":"info","message":"Recibiendo 1448 bytes de v1-dentifix.mp4","timestamp":"2015-03-02T21:06:33.868Z"}
{"level":"info","message":"Recibiendo 1448 bytes de v1-dentifix.mp4","timestamp":"2015-03-02T21:06:33.869Z"}
{"level":"info","message":"Recibiendo 1448 bytes de v1-dentifix.mp4","timestamp":"2015-03-02T21:06:33.869Z"}
{"level":"info","message":"Recibiendo 1448 bytes de v1-lucerna.mp4","timestamp":"2015-03-02T21:06:33.878Z"}
{"level":"info","message":"Recibiendo 2896 bytes de v1-lucerna.mp4","timestamp":"2015-03-02T21:06:33.878Z"}
{"level":"info","message":"Recibiendo 14480 bytes de v1-donar.mp4","timestamp":"2015-03-02T21:06:33.879Z"}
{"level":"info","message":"Recibiendo 1448 bytes de v1-eucerin.mp4","timestamp":"2015-03-02T21:06:33.880Z"}
{"level":"info","message":"Recibiendo 1448 bytes de v1-eucerin.mp4","timestamp":"2015-03-02T21:06:33.883Z"}
{"level":"info","message":"Recibiendo 1448 bytes de v1-eucerin.mp4","timestamp":"2015-03-02T21:06:33.884Z"}
{"level":"info","message":"Recibiendo 1448 bytes de v1-dentifix.mp4","timestamp":"2015-03-02T21:06:33.884Z"}
{"level":"info","message":"Recibiendo 1448 bytes de v1-dentifix.mp4","timestamp":"2015-03-02T21:06:33.915Z"}
{"level":"info","message":"Recibiendo 1448 bytes de v1-dentifix.mp4","timestamp":"2015-03-02T21:06:33.921Z"}
{"level":"info","message":"Recibiendo 1448 bytes de v1-lucerna.mp4","timestamp":"2015-03-02T21:06:33.921Z"}
{"level":"info","message":"Recibiendo 1448 bytes de v1-lucerna.mp4","timestamp":"2015-03-02T21:06:33.921Z"}
{"level":"info","message":"Recibiendo 1448 bytes de v1-lucerna.mp4","timestamp":"2015-03-02T21:06:33.922Z"}
{"level":"info","message":"Recibiendo 1448 bytes de v1-lucerna.mp4","timestamp":"2015-03-02T21:06:33.922Z"}
{"level":"info","message":"Recibiendo 1448 bytes de v1-eucerin.mp4","timestamp":"2015-03-02T21:06:33.922Z"}
{"level":"info","message":"Recibiendo 4344 bytes de v1-eucerin.mp4","timestamp":"2015-03-02T21:06:33.925Z"}
{"level":"info","message":"Recibiendo 1448 bytes de v1-donar.mp4","timestamp":"2015-03-02T21:06:33.926Z"}
{"level":"info","message":"Recibiendo 1448 bytes de v1-donar.mp4","timestamp":"2015-03-02T21:06:33.926Z"}
{"level":"info","message":"Recibiendo 1448 bytes de v1-centrum 2.mp4","timestamp":"2015-03-02T21:06:33.926Z"}
{"level":"info","message":"Recibiendo 1448 bytes de v1-centrum 2.mp4","timestamp":"2015-03-02T21:06:33.927Z"}
{"level":"info","message":"Recibiendo 1448 bytes de v1-centrum 2.mp4","timestamp":"2015-03-02T21:06:33.927Z"}
{"level":"info","message":"Recibiendo 1448 bytes de v1-centrum 2.mp4","timestamp":"2015-03-02T21:06:33.927Z"}
{"level":"info","message":"Recibiendo 1448 bytes de v1-dentifix.mp4","timestamp":"2015-03-02T21:06:33.928Z"}
{"level":"info","message":"Recibiendo 1448 bytes de v1-dentifix.mp4","timestamp":"2015-03-02T21:06:33.928Z"}
{"level":"info","message":"Recibiendo 1448 bytes de v1-dentifix.mp4","timestamp":"2015-03-02T21:06:33.929Z"}
