{"level":"info","message":"Recibiendo 2896 bytes de v1-pharmaton.mp4","timestamp":"2015-03-02T21:08:30.199Z"}
{"level":"info","message":"Recibiendo 1448 bytes de v1-nutriacademia.mp4","timestamp":"2015-03-02T21:08:30.199Z"}
{"level":"info","message":"Recibiendo 2896 bytes de v1-nutriacademia.mp4","timestamp":"2015-03-02T21:08:30.200Z"}
{"level":"info","message":"Recibiendo 2896 bytes de v1-pharmaton.mp4","timestamp":"2015-03-02T21:08:30.216Z"}
{"level":"info","message":"Recibiendo 1448 bytes de v1-pharmaton.mp4","timestamp":"2015-03-02T21:08:30.216Z"}
{"level":"info","message":"Recibiendo 1448 bytes de v1-eucerin-hyaluron.mp4","timestamp":"2015-03-02T21:08:30.235Z"}
{"level":"info","message":"Recibiendo 1448 bytes de v1-eucerin-hyaluron.mp4","timestamp":"2015-03-02T21:08:30.236Z"}
{"level":"info","message":"Recibiendo 1448 bytes de v1-eucerin-hyaluron.mp4","timestamp":"2015-03-02T21:08:30.236Z"}
{"level":"info","message":"Recibiendo 1448 bytes de v1-eucerin-hyaluron.mp4","timestamp":"2015-03-02T21:08:30.236Z"}
{"level":"info","message":"Recibiendo 1448 bytes de v1-eucerin-hyaluron.mp4","timestamp":"2015-03-02T21:08:30.236Z"}
{"level":"info","message":"Recibiendo 1448 bytes de v1-eucerin-hyaluron.mp4","timestamp":"2015-03-02T21:08:30.237Z"}
{"level":"info","message":"Recibiendo 1448 bytes de v1-eucerin-hyaluron.mp4","timestamp":"2015-03-02T21:08:30.237Z"}
{"level":"info","message":"Recibiendo 1448 bytes de v1-eucerin-hyaluron.mp4","timestamp":"2015-03-02T21:08:30.237Z"}
{"level":"info","message":"Recibiendo 1448 bytes de v1-freestile-optium.mp4","timestamp":"2015-03-02T21:08:30.247Z"}
{"level":"info","message":"Recibiendo 1448 bytes de v1-freestile-optium.mp4","timestamp":"2015-03-02T21:08:30.248Z"}
{"level":"info","message":"Recibiendo 1448 bytes de v1-freestile-optium.mp4","timestamp":"2015-03-02T21:08:30.248Z"}
{"level":"info","message":"Recibiendo 1448 bytes de v1-nutriacademia.mp4","timestamp":"2015-03-02T21:08:30.248Z"}
{"level":"info","message":"Recibiendo 1448 bytes de v1-nutriacademia.mp4","timestamp":"2015-03-02T21:08:30.248Z"}
{"level":"info","message":"Recibiendo 1448 bytes de v1-nutriacademia.mp4","timestamp":"2015-03-02T21:08:30.249Z"}
{"level":"info","message":"Recibiendo 1448 bytes de v1-nutriacademia.mp4","timestamp":"2015-03-02T21:08:30.249Z"}
{"level":"info","message":"Recibiendo 2896 bytes de v1-freestile-optium.mp4","timestamp":"2015-03-02T21:08:30.264Z"}
{"level":"info","message":"Recibiendo 1448 bytes de v1-freestile-optium.mp4","timestamp":"2015-03-02T21:08:30.265Z"}
{"level":"info","message":"Recibiendo 1448 bytes de v1-freestile-optium.mp4","timestamp":"2015-03-02T21:08:30.265Z"}
{"level":"info","message":"Recibiendo 1448 bytes de v1-freestile-optium.mp4","timestamp":"2015-03-02T21:08:30.265Z"}
{"level":"info","message":"Recibiendo 1448 bytes de v1-freestile-optium.mp4","timestamp":"2015-03-02T21:08:30.265Z"}
{"level":"info","message":"Recibiendo 1448 bytes de v1-freestile-optium.mp4","timestamp":"2015-03-02T21:08:30.266Z"}
{"level":"info","message":"Recibiendo 1448 bytes de v1-freestile-optium.mp4","timestamp":"2015-03-02T21:08:30.266Z"}
{"level":"info","message":"Recibiendo 1448 bytes de v1-freestile-optium.mp4","timestamp":"2015-03-02T21:08:30.267Z"}
{"level":"info","message":"Recibiendo 1448 bytes de v1-freestile-optium.mp4","timestamp":"2015-03-02T21:08:30.267Z"}
{"level":"info","message":"Recibiendo 2896 bytes de v1-sedal.mp4","timestamp":"2015-03-02T21:08:30.279Z"}
{"level":"info","message":"Recibiendo 1448 bytes de v1-sedal.mp4","timestamp":"2015-03-02T21:08:30.279Z"}
{"level":"info","message":"Recibiendo 1448 bytes de v1-sedal.mp4","timestamp":"2015-03-02T21:08:30.279Z"}
{"level":"info","message":"Recibiendo 2896 bytes de v1-pharmaton.mp4","timestamp":"2015-03-02T21:08:30.292Z"}
{"level":"info","message":"Recibiendo 1448 bytes de v1-pharmaton.mp4","timestamp":"2015-03-02T21:08:30.292Z"}
{"level":"info","message":"Recibiendo 2896 bytes de v1-pharmaton.mp4","timestamp":"2015-03-02T21:08:30.309Z"}
{"level":"info","message":"Recibiendo 5792 bytes de v1-nutriacademia.mp4","timestamp":"2015-03-02T21:08:30.310Z"}
{"level":"info","message":"Recibiendo 2896 bytes de v1-pharmaton.mp4","timestamp":"2015-03-02T21:08:30.328Z"}
{"level":"info","message":"Recibiendo 1448 bytes de v1-eucerin-hyaluron.mp4","timestamp":"2015-03-02T21:08:30.335Z"}
{"level":"info","message":"Recibiendo 1448 bytes de v1-eucerin-hyaluron.mp4","timestamp":"2015-03-02T21:08:30.336Z"}
{"level":"info","message":"Recibiendo 1448 bytes de v1-eucerin-hyaluron.mp4","timestamp":"2015-03-02T21:08:30.336Z"}
{"level":"info","message":"Recibiendo 1448 bytes de v1-eucerin-hyaluron.mp4","timestamp":"2015-03-02T21:08:30.347Z"}
{"level":"info","message":"Recibiendo 2896 bytes de v1-eucerin-hyaluron.mp4","timestamp":"2015-03-02T21:08:30.347Z"}
{"level":"info","message":"Recibiendo 1448 bytes de v1-eucerin-hyaluron.mp4","timestamp":"2015-03-02T21:08:30.349Z"}
{"level":"info","message":"Recibiendo 2896 bytes de v1-freestile-optium.mp4","timestamp":"2015-03-02T21:08:30.355Z"}
{"level":"info","message":"Recibiendo 1448 bytes de v1-freestile-optium.mp4","timestamp":"2015-03-02T21:08:30.356Z"}
{"level":"info","message":"Recibiendo 1448 bytes de v1-nutriacademia.mp4","timestamp":"2015-03-02T21:08:30.360Z"}
{"level":"info","message":"Recibiendo 2896 bytes de v1-nutriacademia.mp4","timestamp":"2015-03-02T21:08:30.361Z"}
{"level":"info","message":"Recibiendo 2896 bytes de v1-nutriacademia.mp4","timestamp":"2015-03-02T21:08:30.368Z"}
{"level":"info","message":"Recibiendo 1448 bytes de v1-freestile-optium.mp4","timestamp":"2015-03-02T21:08:30.373Z"}
{"level":"info","message":"Recibiendo 1448 bytes de v1-freestile-optium.mp4","timestamp":"2015-03-02T21:08:30.374Z"}
{"level":"info","message":"Recibiendo 1448 bytes de v1-freestile-optium.mp4","timestamp":"2015-03-02T21:08:30.374Z"}
{"level":"info","message":"Recibiendo 4344 bytes de v1-freestile-optium.mp4","timestamp":"2015-03-02T21:08:30.376Z"}
{"level":"info","message":"Recibiendo 1448 bytes de v1-sedal.mp4","timestamp":"2015-03-02T21:08:30.377Z"}
{"level":"info","message":"Recibiendo 2896 bytes de v1-sedal.mp4","timestamp":"2015-03-02T21:08:30.377Z"}
{"level":"info","message":"Recibiendo 1448 bytes de v1-sedal.mp4","timestamp":"2015-03-02T21:08:30.380Z"}
{"level":"info","message":"Recibiendo 2896 bytes de v1-sedal.mp4","timestamp":"2015-03-02T21:08:30.381Z"}
{"level":"info","message":"Recibiendo 1448 bytes de v1-pharmaton.mp4","timestamp":"2015-03-02T21:08:30.382Z"}
{"level":"info","message":"Recibiendo 1448 bytes de v1-pharmaton.mp4","timestamp":"2015-03-02T21:08:30.383Z"}
{"level":"info","message":"Recibiendo 1448 bytes de v1-pharmaton.mp4","timestamp":"2015-03-02T21:08:30.383Z"}
{"level":"info","message":"Recibiendo 1448 bytes de v1-freestile-optium.mp4","timestamp":"2015-03-02T21:08:30.407Z"}
{"level":"info","message":"Recibiendo 1448 bytes de v1-freestile-optium.mp4","timestamp":"2015-03-02T21:08:30.407Z"}
{"level":"info","message":"Recibiendo 1448 bytes de v1-freestile-optium.mp4","timestamp":"2015-03-02T21:08:30.408Z"}
{"level":"info","message":"Recibiendo 1448 bytes de v1-freestile-optium.mp4","timestamp":"2015-03-02T21:08:30.408Z"}
{"level":"info","message":"Recibiendo 1448 bytes de v1-freestile-optium.mp4","timestamp":"2015-03-02T21:08:30.408Z"}
{"level":"info","message":"Recibiendo 1448 bytes de v1-freestile-optium.mp4","timestamp":"2015-03-02T21:08:30.424Z"}
{"level":"info","message":"Recibiendo 1448 bytes de v1-pharmaton.mp4","timestamp":"2015-03-02T21:08:30.435Z"}
{"level":"info","message":"Recibiendo 1448 bytes de v1-pharmaton.mp4","timestamp":"2015-03-02T21:08:30.435Z"}
{"level":"info","message":"Recibiendo 1448 bytes de v1-pharmaton.mp4","timestamp":"2015-03-02T21:08:30.436Z"}
{"level":"info","message":"Recibiendo 1448 bytes de v1-nutriacademia.mp4","timestamp":"2015-03-02T21:08:30.436Z"}
{"level":"info","message":"Recibiendo 1448 bytes de v1-nutriacademia.mp4","timestamp":"2015-03-02T21:08:30.437Z"}
{"level":"info","message":"Recibiendo 1448 bytes de v1-nutriacademia.mp4","timestamp":"2015-03-02T21:08:30.437Z"}
{"level":"info","message":"Recibiendo 1448 bytes de v1-nutriacademia.mp4","timestamp":"2015-03-02T21:08:30.437Z"}
{"level":"info","message":"Recibiendo 1448 bytes de v1-eucerin-hyaluron.mp4","timestamp":"2015-03-02T21:08:30.447Z"}
{"level":"info","message":"Recibiendo 1448 bytes de v1-eucerin-hyaluron.mp4","timestamp":"2015-03-02T21:08:30.447Z"}
{"level":"info","message":"Recibiendo 1448 bytes de v1-eucerin-hyaluron.mp4","timestamp":"2015-03-02T21:08:30.447Z"}
{"level":"info","message":"Recibiendo 1448 bytes de v1-eucerin-hyaluron.mp4","timestamp":"2015-03-02T21:08:30.448Z"}
{"level":"info","message":"Recibiendo 1448 bytes de v1-eucerin-hyaluron.mp4","timestamp":"2015-03-02T21:08:30.450Z"}
{"level":"info","message":"Recibiendo 1448 bytes de v1-eucerin-hyaluron.mp4","timestamp":"2015-03-02T21:08:30.451Z"}
{"level":"info","message":"Recibiendo 1448 bytes de v1-eucerin-hyaluron.mp4","timestamp":"2015-03-02T21:08:30.451Z"}
{"level":"info","message":"Recibiendo 1448 bytes de v1-eucerin-hyaluron.mp4","timestamp":"2015-03-02T21:08:30.451Z"}
{"level":"info","message":"Recibiendo 1448 bytes de v1-nutriacademia.mp4","timestamp":"2015-03-02T21:08:30.473Z"}
{"level":"info","message":"Recibiendo 1448 bytes de v1-nutriacademia.mp4","timestamp":"2015-03-02T21:08:30.474Z"}
{"level":"info","message":"Recibiendo 1448 bytes de v1-nutriacademia.mp4","timestamp":"2015-03-02T21:08:30.474Z"}
{"level":"info","message":"Recibiendo 1448 bytes de v1-nutriacademia.mp4","timestamp":"2015-03-02T21:08:30.474Z"}
{"level":"info","message":"Recibiendo 1448 bytes de v1-freestile-optium.mp4","timestamp":"2015-03-02T21:08:30.474Z"}
{"level":"info","message":"Recibiendo 1448 bytes de v1-freestile-optium.mp4","timestamp":"2015-03-02T21:08:30.475Z"}
{"level":"info","message":"Recibiendo 1448 bytes de v1-freestile-optium.mp4","timestamp":"2015-03-02T21:08:30.477Z"}
{"level":"info","message":"Recibiendo 1448 bytes de v1-freestile-optium.mp4","timestamp":"2015-03-02T21:08:30.477Z"}
{"level":"info","message":"Recibiendo 1448 bytes de v1-sedal.mp4","timestamp":"2015-03-02T21:08:30.477Z"}
{"level":"info","message":"Recibiendo 1448 bytes de v1-sedal.mp4","timestamp":"2015-03-02T21:08:30.478Z"}
