{"level":"info","message":"Recibiendo 1448 bytes de v1-cuidate.mp4","timestamp":"2015-03-02T21:05:10.525Z"}
{"level":"info","message":"Recibiendo 1448 bytes de v1-cuidate.mp4","timestamp":"2015-03-02T21:05:10.525Z"}
{"level":"info","message":"Recibiendo 1448 bytes de v1-centrum.mp4","timestamp":"2015-03-02T21:05:10.526Z"}
{"level":"info","message":"Recibiendo 1448 bytes de v1-centrum.mp4","timestamp":"2015-03-02T21:05:10.527Z"}
{"level":"info","message":"Recibiendo 1448 bytes de v1-centrum.mp4","timestamp":"2015-03-02T21:05:10.527Z"}
{"level":"info","message":"Recibiendo 1448 bytes de v1-centrum.mp4","timestamp":"2015-03-02T21:05:10.574Z"}
{"level":"info","message":"Recibiendo 1448 bytes de v1-bh3.mp4","timestamp":"2015-03-02T21:05:10.574Z"}
{"level":"info","message":"Recibiendo 1448 bytes de v1-bh3.mp4","timestamp":"2015-03-02T21:05:10.574Z"}
{"level":"info","message":"Recibiendo 1448 bytes de v1-bh3.mp4","timestamp":"2015-03-02T21:05:10.575Z"}
{"level":"info","message":"Recibiendo 1448 bytes de v1-bh3.mp4","timestamp":"2015-03-02T21:05:10.575Z"}
{"level":"info","message":"Recibiendo 1448 bytes de v1-bh3.mp4","timestamp":"2015-03-02T21:05:10.595Z"}
{"level":"info","message":"Recibiendo 2896 bytes de v1-bh3.mp4","timestamp":"2015-03-02T21:05:10.595Z"}
{"level":"info","message":"Recibiendo 1448 bytes de v1-bh3.mp4","timestamp":"2015-03-02T21:05:10.596Z"}
{"level":"info","message":"Recibiendo 1448 bytes de v1-centrum.mp4","timestamp":"2015-03-02T21:05:10.597Z"}
{"level":"info","message":"Recibiendo 1448 bytes de v1-centrum.mp4","timestamp":"2015-03-02T21:05:10.597Z"}
{"level":"info","message":"Recibiendo 1448 bytes de v1-centrum.mp4","timestamp":"2015-03-02T21:05:10.597Z"}
{"level":"info","message":"Recibiendo 1448 bytes de v1-centrum.mp4","timestamp":"2015-03-02T21:05:10.597Z"}
{"level":"info","message":"Recibiendo 1448 bytes de v1-centrum.mp4","timestamp":"2015-03-02T21:05:10.598Z"}
{"level":"info","message":"Recibiendo 1448 bytes de v1-centrum.mp4","timestamp":"2015-03-02T21:05:10.598Z"}
{"level":"info","message":"Recibiendo 1448 bytes de v1-cuidate.mp4","timestamp":"2015-03-02T21:05:10.598Z"}
{"level":"info","message":"Recibiendo 1448 bytes de v1-cuidate.mp4","timestamp":"2015-03-02T21:05:10.599Z"}
{"level":"info","message":"Recibiendo 1448 bytes de v1-cuidate.mp4","timestamp":"2015-03-02T21:05:10.599Z"}
{"level":"info","message":"Recibiendo 1448 bytes de v1-centrum 2.mp4","timestamp":"2015-03-02T21:05:10.599Z"}
{"level":"info","message":"Recibiendo 1448 bytes de v1-centrum 2.mp4","timestamp":"2015-03-02T21:05:10.600Z"}
{"level":"info","message":"Recibiendo 1448 bytes de v1-centrum 2.mp4","timestamp":"2015-03-02T21:05:10.600Z"}
{"level":"info","message":"Recibiendo 1448 bytes de v1-centrum 2.mp4","timestamp":"2015-03-02T21:05:10.600Z"}
{"level":"info","message":"Recibiendo 1448 bytes de v1-donar.mp4","timestamp":"2015-03-02T21:05:10.601Z"}
{"level":"info","message":"Recibiendo 1448 bytes de v1-donar.mp4","timestamp":"2015-03-02T21:05:10.602Z"}
{"level":"info","message":"Recibiendo 2896 bytes de v1-donar.mp4","timestamp":"2015-03-02T21:05:10.603Z"}
{"level":"info","message":"Recibiendo 1448 bytes de v1-cuidate.mp4","timestamp":"2015-03-02T21:05:10.658Z"}
{"level":"info","message":"Recibiendo 1448 bytes de v1-cuidate.mp4","timestamp":"2015-03-02T21:05:10.658Z"}
{"level":"info","message":"Recibiendo 1448 bytes de v1-centrum 2.mp4","timestamp":"2015-03-02T21:05:10.659Z"}
{"level":"info","message":"Recibiendo 1448 bytes de v1-centrum 2.mp4","timestamp":"2015-03-02T21:05:10.659Z"}
{"level":"info","message":"Recibiendo 1448 bytes de v1-centrum 2.mp4","timestamp":"2015-03-02T21:05:10.659Z"}
{"level":"info","message":"Recibiendo 1448 bytes de v1-donar.mp4","timestamp":"2015-03-02T21:05:10.665Z"}
{"level":"info","message":"Recibiendo 1448 bytes de v1-donar.mp4","timestamp":"2015-03-02T21:05:10.665Z"}
{"level":"info","message":"Recibiendo 1448 bytes de v1-donar.mp4","timestamp":"2015-03-02T21:05:10.666Z"}
{"level":"info","message":"Recibiendo 1448 bytes de v1-centrum.mp4","timestamp":"2015-03-02T21:05:10.666Z"}
{"level":"info","message":"Recibiendo 1448 bytes de v1-centrum.mp4","timestamp":"2015-03-02T21:05:10.666Z"}
{"level":"info","message":"Recibiendo 1448 bytes de v1-centrum.mp4","timestamp":"2015-03-02T21:05:10.667Z"}
{"level":"info","message":"Recibiendo 1448 bytes de v1-bh3.mp4","timestamp":"2015-03-02T21:05:10.667Z"}
{"level":"info","message":"Recibiendo 1448 bytes de v1-bh3.mp4","timestamp":"2015-03-02T21:05:10.670Z"}
{"level":"info","message":"Recibiendo 1448 bytes de v1-centrum.mp4","timestamp":"2015-03-02T21:05:10.700Z"}
{"level":"info","message":"Recibiendo 1448 bytes de v1-centrum.mp4","timestamp":"2015-03-02T21:05:10.700Z"}
{"level":"info","message":"Recibiendo 2896 bytes de v1-centrum.mp4","timestamp":"2015-03-02T21:05:10.701Z"}
{"level":"info","message":"Recibiendo 2896 bytes de v1-cuidate.mp4","timestamp":"2015-03-02T21:05:10.702Z"}
{"level":"info","message":"Recibiendo 1448 bytes de v1-cuidate.mp4","timestamp":"2015-03-02T21:05:10.702Z"}
{"level":"info","message":"Recibiendo 1448 bytes de v1-cuidate.mp4","timestamp":"2015-03-02T21:05:10.705Z"}
{"level":"info","message":"Recibiendo 1448 bytes de v1-centrum 2.mp4","timestamp":"2015-03-02T21:05:10.706Z"}
{"level":"info","message":"Recibiendo 4344 bytes de v1-centrum 2.mp4","timestamp":"2015-03-02T21:05:10.707Z"}
{"level":"info","message":"Recibiendo 4344 bytes de v1-donar.mp4","timestamp":"2015-03-02T21:05:10.707Z"}
{"level":"info","message":"Recibiendo 1448 bytes de v1-donar.mp4","timestamp":"2015-03-02T21:05:10.758Z"}
{"level":"info","message":"Recibiendo 1448 bytes de v1-centrum.mp4","timestamp":"2015-03-02T21:05:10.759Z"}
{"level":"info","message":"Recibiendo 2896 bytes de v1-centrum.mp4","timestamp":"2015-03-02T21:05:10.760Z"}
{"level":"info","message":"Recibiendo 2896 bytes de v1-cuidate.mp4","timestamp":"2015-03-02T21:05:10.760Z"}
{"level":"info","message":"Recibiendo 1448 bytes de v1-cuidate.mp4","timestamp":"2015-03-02T21:05:10.760Z"}
{"level":"info","message":"Recibiendo 1448 bytes de v1-centrum 2.mp4","timestamp":"2015-03-02T21:05:10.765Z"}
{"level":"info","message":"Recibiendo 2896 bytes de v1-centrum 2.mp4","timestamp":"2015-03-02T21:05:10.766Z"}
{"level":"info","message":"Recibiendo 17376 bytes de v1-bh3.mp4","timestamp":"2015-03-02T21:05:10.802Z"}
{"level":"info","message":"Recibiendo 5792 bytes de v1-centrum.mp4","timestamp":"2015-03-02T21:05:10.803Z"}
{"level":"info","message":"Recibiendo 2896 bytes de v1-centrum.mp4","timestamp":"2015-03-02T21:05:10.804Z"}
{"level":"info","message":"Recibiendo 4344 bytes de v1-cuidate.mp4","timestamp":"2015-03-02T21:05:10.826Z"}
{"level":"info","message":"Recibiendo 1448 bytes de v1-cuidate.mp4","timestamp":"2015-03-02T21:05:10.827Z"}
{"level":"info","message":"Recibiendo 4344 bytes de v1-donar.mp4","timestamp":"2015-03-02T21:05:10.828Z"}
{"level":"info","message":"Recibiendo 1448 bytes de v1-centrum 2.mp4","timestamp":"2015-03-02T21:05:10.829Z"}
{"level":"info","message":"Recibiendo 1448 bytes de v1-centrum 2.mp4","timestamp":"2015-03-02T21:05:10.848Z"}
{"level":"info","message":"Recibiendo 1448 bytes de v1-centrum 2.mp4","timestamp":"2015-03-02T21:05:10.877Z"}
{"level":"info","message":"Recibiendo 1448 bytes de v1-centrum 2.mp4","timestamp":"2015-03-02T21:05:10.877Z"}
{"level":"info","message":"Recibiendo 2896 bytes de v1-donar.mp4","timestamp":"2015-03-02T21:05:10.878Z"}
{"level":"info","message":"Recibiendo 1448 bytes de v1-donar.mp4","timestamp":"2015-03-02T21:05:10.878Z"}
{"level":"info","message":"Recibiendo 1448 bytes de v1-bh3.mp4","timestamp":"2015-03-02T21:05:10.880Z"}
{"level":"info","message":"Recibiendo 1448 bytes de v1-bh3.mp4","timestamp":"2015-03-02T21:05:10.880Z"}
{"level":"info","message":"Recibiendo 1448 bytes de v1-bh3.mp4","timestamp":"2015-03-02T21:05:10.881Z"}
{"level":"info","message":"Recibiendo 1448 bytes de v1-bh3.mp4","timestamp":"2015-03-02T21:05:10.881Z"}
{"level":"info","message":"Recibiendo 1448 bytes de v1-bh3.mp4","timestamp":"2015-03-02T21:05:10.881Z"}
{"level":"info","message":"Recibiendo 1448 bytes de v1-cuidate.mp4","timestamp":"2015-03-02T21:05:10.882Z"}
{"level":"info","message":"Recibiendo 4344 bytes de v1-cuidate.mp4","timestamp":"2015-03-02T21:05:10.882Z"}
{"level":"info","message":"Recibiendo 2896 bytes de v1-bh3.mp4","timestamp":"2015-03-02T21:05:10.883Z"}
{"level":"info","message":"Recibiendo 1448 bytes de v1-centrum.mp4","timestamp":"2015-03-02T21:05:10.883Z"}
{"level":"info","message":"Recibiendo 1448 bytes de v1-centrum.mp4","timestamp":"2015-03-02T21:05:10.884Z"}
{"level":"info","message":"Recibiendo 1448 bytes de v1-centrum.mp4","timestamp":"2015-03-02T21:05:10.884Z"}
{"level":"info","message":"Recibiendo 1448 bytes de v1-centrum.mp4","timestamp":"2015-03-02T21:05:10.884Z"}
{"level":"info","message":"Recibiendo 1448 bytes de v1-centrum.mp4","timestamp":"2015-03-02T21:05:10.885Z"}
{"level":"info","message":"Recibiendo 1448 bytes de v1-centrum.mp4","timestamp":"2015-03-02T21:05:10.885Z"}
{"level":"info","message":"Recibiendo 1448 bytes de v1-centrum.mp4","timestamp":"2015-03-02T21:05:10.886Z"}
{"level":"info","message":"Recibiendo 2896 bytes de v1-centrum.mp4","timestamp":"2015-03-02T21:05:10.898Z"}
{"level":"info","message":"Recibiendo 4344 bytes de v1-centrum 2.mp4","timestamp":"2015-03-02T21:05:10.899Z"}
{"level":"info","message":"Recibiendo 2896 bytes de v1-cuidate.mp4","timestamp":"2015-03-02T21:05:10.900Z"}
{"level":"info","message":"Recibiendo 1448 bytes de v1-cuidate.mp4","timestamp":"2015-03-02T21:05:10.900Z"}
{"level":"info","message":"Recibiendo 1448 bytes de v1-cuidate.mp4","timestamp":"2015-03-02T21:05:10.901Z"}
{"level":"info","message":"Recibiendo 1448 bytes de v1-donar.mp4","timestamp":"2015-03-02T21:05:10.901Z"}
{"level":"info","message":"Recibiendo 1448 bytes de v1-donar.mp4","timestamp":"2015-03-02T21:05:10.901Z"}
{"level":"info","message":"Recibiendo 1448 bytes de v1-donar.mp4","timestamp":"2015-03-02T21:05:10.902Z"}
{"level":"info","message":"Recibiendo 1448 bytes de v1-centrum 2.mp4","timestamp":"2015-03-02T21:05:10.902Z"}
{"level":"info","message":"Recibiendo 2896 bytes de v1-centrum 2.mp4","timestamp":"2015-03-02T21:05:10.903Z"}
{"level":"info","message":"Recibiendo 1448 bytes de v1-centrum 2.mp4","timestamp":"2015-03-02T21:05:10.903Z"}
