{"level":"info","message":"Recibiendo 1448 bytes de v1-centrum 2.mp4","timestamp":"2015-03-02T21:04:12.365Z"}
{"level":"info","message":"Recibiendo 1448 bytes de v1-centrum 2.mp4","timestamp":"2015-03-02T21:04:12.378Z"}
{"level":"info","message":"Recibiendo 1448 bytes de v1-centrum 2.mp4","timestamp":"2015-03-02T21:04:12.379Z"}
{"level":"info","message":"Recibiendo 1448 bytes de v1-centrum 2.mp4","timestamp":"2015-03-02T21:04:12.379Z"}
{"level":"info","message":"Recibiendo 1448 bytes de v1-centrum 2.mp4","timestamp":"2015-03-02T21:04:12.379Z"}
{"level":"info","message":"Recibiendo 1448 bytes de v1-bh3.mp4","timestamp":"2015-03-02T21:04:12.403Z"}
{"level":"info","message":"Recibiendo 1448 bytes de v1-bh3.mp4","timestamp":"2015-03-02T21:04:12.404Z"}
{"level":"info","message":"Recibiendo 1448 bytes de v1-bh3.mp4","timestamp":"2015-03-02T21:04:12.404Z"}
{"level":"info","message":"Recibiendo 1448 bytes de v1-bh3.mp4","timestamp":"2015-03-02T21:04:12.404Z"}
{"level":"info","message":"Recibiendo 1448 bytes de v1-bh3.mp4","timestamp":"2015-03-02T21:04:12.405Z"}
{"level":"info","message":"Recibiendo 1448 bytes de v1-bh3.mp4","timestamp":"2015-03-02T21:04:12.405Z"}
{"level":"info","message":"Recibiendo 1448 bytes de v1-bh3.mp4","timestamp":"2015-03-02T21:04:12.405Z"}
{"level":"info","message":"Recibiendo 1448 bytes de v1-bucaltac.mp4","timestamp":"2015-03-02T21:04:12.405Z"}
{"level":"info","message":"Recibiendo 2381 bytes de v1-bucaltac.mp4","timestamp":"2015-03-02T21:04:12.406Z"}
{"level":"info","message":"v1-bucaltac.mp4 descargado en ./server/videos/","timestamp":"2015-03-02T21:04:12.406Z"}
{"level":"info","message":"Recibiendo 2896 bytes de v1-centrum 2.mp4","timestamp":"2015-03-02T21:04:12.407Z"}
{"level":"info","message":"Recibiendo 1448 bytes de v1-centrum 2.mp4","timestamp":"2015-03-02T21:04:12.407Z"}
{"level":"info","message":"Recibiendo 1448 bytes de v1-centrum 2.mp4","timestamp":"2015-03-02T21:04:12.407Z"}
{"level":"info","message":"Recibiendo 1448 bytes de v1-celludestock.mp4","timestamp":"2015-03-02T21:04:12.408Z"}
{"level":"info","message":"Recibiendo 1448 bytes de v1-celludestock.mp4","timestamp":"2015-03-02T21:04:12.408Z"}
{"level":"info","message":"Recibiendo 1448 bytes de v1-celludestock.mp4","timestamp":"2015-03-02T21:04:12.418Z"}
{"level":"info","message":"Recibiendo 2896 bytes de v1-celludestock.mp4","timestamp":"2015-03-02T21:04:12.419Z"}
{"level":"info","message":"Recibiendo 1448 bytes de v1-celludestock.mp4","timestamp":"2015-03-02T21:04:12.431Z"}
{"level":"info","message":"Recibiendo 2896 bytes de v1-celludestock.mp4","timestamp":"2015-03-02T21:04:12.431Z"}
{"level":"info","message":"Recibiendo 1448 bytes de v1-bh2.mp4","timestamp":"2015-03-02T21:04:12.432Z"}
{"level":"info","message":"Recibiendo 1448 bytes de v1-bh2.mp4","timestamp":"2015-03-02T21:04:12.432Z"}
{"level":"info","message":"Recibiendo 1448 bytes de v1-bh2.mp4","timestamp":"2015-03-02T21:04:12.432Z"}
{"level":"info","message":"Recibiendo 1448 bytes de v1-bh2.mp4","timestamp":"2015-03-02T21:04:12.433Z"}
{"level":"info","message":"Recibiendo 1448 bytes de v1-bh2.mp4","timestamp":"2015-03-02T21:04:12.433Z"}
{"level":"info","message":"Recibiendo 1448 bytes de v1-bh3.mp4","timestamp":"2015-03-02T21:04:12.437Z"}
{"level":"info","message":"Recibiendo 1448 bytes de v1-bh3.mp4","timestamp":"2015-03-02T21:04:12.438Z"}
{"level":"info","message":"Recibiendo 1448 bytes de v1-bh3.mp4","timestamp":"2015-03-02T21:04:12.438Z"}
{"level":"info","message":"Recibiendo 1448 bytes de v1-bh2.mp4","timestamp":"2015-03-02T21:04:12.471Z"}
{"level":"info","message":"Recibiendo 1448 bytes de v1-bh2.mp4","timestamp":"2015-03-02T21:04:12.472Z"}
{"level":"info","message":"Recibiendo 1448 bytes de v1-bh2.mp4","timestamp":"2015-03-02T21:04:12.472Z"}
{"level":"info","message":"Recibiendo 1448 bytes de v1-celludestock.mp4","timestamp":"2015-03-02T21:04:12.472Z"}
{"level":"info","message":"Recibiendo 1448 bytes de v1-celludestock.mp4","timestamp":"2015-03-02T21:04:12.472Z"}
{"level":"info","message":"Recibiendo 1448 bytes de v1-celludestock.mp4","timestamp":"2015-03-02T21:04:12.476Z"}
{"level":"info","message":"Recibiendo 1448 bytes de v1-celludestock.mp4","timestamp":"2015-03-02T21:04:12.491Z"}
{"level":"info","message":"Recibiendo 1448 bytes de v1-bh3.mp4","timestamp":"2015-03-02T21:04:12.491Z"}
{"level":"info","message":"Recibiendo 1448 bytes de v1-bh3.mp4","timestamp":"2015-03-02T21:04:12.492Z"}
{"level":"info","message":"Recibiendo 1448 bytes de v1-centrum 2.mp4","timestamp":"2015-03-02T21:04:12.492Z"}
{"level":"info","message":"Recibiendo 1448 bytes de v1-centrum 2.mp4","timestamp":"2015-03-02T21:04:12.492Z"}
{"level":"info","message":"Recibiendo 1448 bytes de v1-centrum 2.mp4","timestamp":"2015-03-02T21:04:12.493Z"}
{"level":"info","message":"Recibiendo 1448 bytes de v1-centrum 2.mp4","timestamp":"2015-03-02T21:04:12.493Z"}
{"level":"info","message":"Recibiendo 1448 bytes de v1-bh3.mp4","timestamp":"2015-03-02T21:04:12.511Z"}
{"level":"info","message":"Recibiendo 2896 bytes de v1-bh3.mp4","timestamp":"2015-03-02T21:04:12.511Z"}
{"level":"info","message":"Recibiendo 1448 bytes de v1-bh3.mp4","timestamp":"2015-03-02T21:04:12.511Z"}
{"level":"info","message":"Recibiendo 1448 bytes de v1-bh3.mp4","timestamp":"2015-03-02T21:04:12.512Z"}
{"level":"info","message":"Recibiendo 1448 bytes de v1-bh3.mp4","timestamp":"2015-03-02T21:04:12.512Z"}
{"level":"info","message":"Recibiendo 1448 bytes de v1-centrum 2.mp4","timestamp":"2015-03-02T21:04:12.513Z"}
{"level":"info","message":"Recibiendo 1448 bytes de v1-centrum 2.mp4","timestamp":"2015-03-02T21:04:12.514Z"}
{"level":"info","message":"Recibiendo 1448 bytes de v1-centrum 2.mp4","timestamp":"2015-03-02T21:04:12.514Z"}
{"level":"info","message":"Recibiendo 1448 bytes de v1-centrum 2.mp4","timestamp":"2015-03-02T21:04:12.515Z"}
{"level":"info","message":"Recibiendo 1448 bytes de v1-centrum 2.mp4","timestamp":"2015-03-02T21:04:12.515Z"}
{"level":"info","message":"Recibiendo 1448 bytes de v1-celludestock.mp4","timestamp":"2015-03-02T21:04:12.516Z"}
{"level":"info","message":"Recibiendo 2896 bytes de v1-celludestock.mp4","timestamp":"2015-03-02T21:04:12.516Z"}
{"level":"info","message":"Recibiendo 1448 bytes de v1-celludestock.mp4","timestamp":"2015-03-02T21:04:12.516Z"}
{"level":"info","message":"Recibiendo 1448 bytes de v1-celludestock.mp4","timestamp":"2015-03-02T21:04:12.534Z"}
{"level":"info","message":"Recibiendo 1448 bytes de v1-celludestock.mp4","timestamp":"2015-03-02T21:04:12.544Z"}
{"level":"info","message":"Recibiendo 2896 bytes de v1-celludestock.mp4","timestamp":"2015-03-02T21:04:12.545Z"}
{"level":"info","message":"Recibiendo 1448 bytes de v1-bh2.mp4","timestamp":"2015-03-02T21:04:12.545Z"}
{"level":"info","message":"Recibiendo 1448 bytes de v1-bh2.mp4","timestamp":"2015-03-02T21:04:12.545Z"}
{"level":"info","message":"Recibiendo 1448 bytes de v1-bh2.mp4","timestamp":"2015-03-02T21:04:12.546Z"}
{"level":"info","message":"Recibiendo 1196 bytes de v1-centrum.mp4","timestamp":"2015-03-02T21:04:12.546Z"}
{"level":"info","message":"Recibiendo 1448 bytes de v1-centrum.mp4","timestamp":"2015-03-02T21:04:12.547Z"}
{"level":"info","message":"Recibiendo 1448 bytes de v1-centrum.mp4","timestamp":"2015-03-02T21:04:12.560Z"}
{"level":"info","message":"Recibiendo 3847 bytes de v1-centrum.mp4","timestamp":"2015-03-02T21:04:12.560Z"}
{"level":"info","message":"Recibiendo 1448 bytes de v1-centrum.mp4","timestamp":"2015-03-02T21:04:12.561Z"}
{"level":"info","message":"Recibiendo 1448 bytes de v1-centrum.mp4","timestamp":"2015-03-02T21:04:12.561Z"}
{"level":"info","message":"Recibiendo 1448 bytes de v1-centrum.mp4","timestamp":"2015-03-02T21:04:12.561Z"}
{"level":"info","message":"Recibiendo 1448 bytes de v1-centrum.mp4","timestamp":"2015-03-02T21:04:12.561Z"}
{"level":"info","message":"Recibiendo 1448 bytes de v1-centrum.mp4","timestamp":"2015-03-02T21:04:12.562Z"}
{"level":"info","message":"Recibiendo 1448 bytes de v1-centrum.mp4","timestamp":"2015-03-02T21:04:12.562Z"}
{"level":"info","message":"Recibiendo 1448 bytes de v1-centrum.mp4","timestamp":"2015-03-02T21:04:12.562Z"}
{"level":"info","message":"Recibiendo 1448 bytes de v1-centrum.mp4","timestamp":"2015-03-02T21:04:12.563Z"}
{"level":"info","message":"Recibiendo 1448 bytes de v1-centrum.mp4","timestamp":"2015-03-02T21:04:12.563Z"}
{"level":"info","message":"Recibiendo 1448 bytes de v1-centrum.mp4","timestamp":"2015-03-02T21:04:12.564Z"}
{"level":"info","message":"Recibiendo 1448 bytes de v1-centrum.mp4","timestamp":"2015-03-02T21:04:12.564Z"}
{"level":"info","message":"Recibiendo 1448 bytes de v1-centrum.mp4","timestamp":"2015-03-02T21:04:12.564Z"}
{"level":"info","message":"Recibiendo 1448 bytes de v1-centrum.mp4","timestamp":"2015-03-02T21:04:12.577Z"}
{"level":"info","message":"Recibiendo 2896 bytes de v1-bh3.mp4","timestamp":"2015-03-02T21:04:12.577Z"}
{"level":"info","message":"Recibiendo 2896 bytes de v1-bh3.mp4","timestamp":"2015-03-02T21:04:12.578Z"}
{"level":"info","message":"Recibiendo 1448 bytes de v1-bh3.mp4","timestamp":"2015-03-02T21:04:12.578Z"}
{"level":"info","message":"Recibiendo 1448 bytes de v1-bh3.mp4","timestamp":"2015-03-02T21:04:12.590Z"}
{"level":"info","message":"Recibiendo 1448 bytes de v1-bh2.mp4","timestamp":"2015-03-02T21:04:12.593Z"}
{"level":"info","message":"Recibiendo 1448 bytes de v1-bh2.mp4","timestamp":"2015-03-02T21:04:12.593Z"}
{"level":"info","message":"Recibiendo 1448 bytes de v1-bh2.mp4","timestamp":"2015-03-02T21:04:12.593Z"}
{"level":"info","message":"Recibiendo 1448 bytes de v1-celludestock.mp4","timestamp":"2015-03-02T21:04:12.594Z"}
{"level":"info","message":"Recibiendo 2896 bytes de v1-celludestock.mp4","timestamp":"2015-03-02T21:04:12.594Z"}
{"level":"info","message":"Recibiendo 1448 bytes de v1-celludestock.mp4","timestamp":"2015-03-02T21:04:12.595Z"}
{"level":"info","message":"Recibiendo 1448 bytes de v1-bh3.mp4","timestamp":"2015-03-02T21:04:12.595Z"}
{"level":"info","message":"Recibiendo 1448 bytes de v1-bh3.mp4","timestamp":"2015-03-02T21:04:12.596Z"}
{"level":"info","message":"Recibiendo 2896 bytes de v1-bh3.mp4","timestamp":"2015-03-02T21:04:12.596Z"}
{"level":"info","message":"Recibiendo 1448 bytes de v1-centrum 2.mp4","timestamp":"2015-03-02T21:04:12.597Z"}
