{"level":"info","message":"Recibiendo 1448 bytes de v1-pervinox.mp4","timestamp":"2015-03-02T21:03:34.670Z"}
{"level":"info","message":"Recibiendo 2896 bytes de v1-pervinox.mp4","timestamp":"2015-03-02T21:03:34.671Z"}
{"level":"info","message":"Recibiendo 2896 bytes de v1-pervinox.mp4","timestamp":"2015-03-02T21:03:34.671Z"}
{"level":"info","message":"Recibiendo 4344 bytes de v1-pervinox.mp4","timestamp":"2015-03-02T21:03:34.673Z"}
{"level":"info","message":"Recibiendo 2896 bytes de v1-bh2.mp4","timestamp":"2015-03-02T21:03:34.673Z"}
{"level":"info","message":"Recibiendo 1448 bytes de v1-bh2.mp4","timestamp":"2015-03-02T21:03:34.674Z"}
{"level":"info","message":"Recibiendo 1448 bytes de v1-bh2.mp4","timestamp":"2015-03-02T21:03:34.674Z"}
{"level":"info","message":"Recibiendo 1448 bytes de v1-bh2.mp4","timestamp":"2015-03-02T21:03:34.679Z"}
{"level":"info","message":"Recibiendo 2896 bytes de v1-bh2.mp4","timestamp":"2015-03-02T21:03:34.679Z"}
{"level":"info","message":"Recibiendo 1448 bytes de v1-bh2.mp4","timestamp":"2015-03-02T21:03:34.679Z"}
{"level":"info","message":"Recibiendo 1448 bytes de v1-bh2.mp4","timestamp":"2015-03-02T21:03:34.680Z"}
{"level":"info","message":"Recibiendo 1448 bytes de v1-bh1.mp4","timestamp":"2015-03-02T21:03:34.692Z"}
{"level":"info","message":"Recibiendo 1448 bytes de v1-bh1.mp4","timestamp":"2015-03-02T21:03:34.696Z"}
{"level":"info","message":"Recibiendo 1448 bytes de v1-bh1.mp4","timestamp":"2015-03-02T21:03:34.706Z"}
{"level":"info","message":"Recibiendo 1448 bytes de v1-bh1.mp4","timestamp":"2015-03-02T21:03:34.707Z"}
{"level":"info","message":"Recibiendo 1448 bytes de v1-bh1.mp4","timestamp":"2015-03-02T21:03:34.707Z"}
{"level":"info","message":"Recibiendo 1448 bytes de v1-bh1.mp4","timestamp":"2015-03-02T21:03:34.707Z"}
{"level":"info","message":"Recibiendo 1448 bytes de v1-bh1.mp4","timestamp":"2015-03-02T21:03:34.707Z"}
{"level":"info","message":"Recibiendo 2896 bytes de v1-bh1.mp4","timestamp":"2015-03-02T21:03:34.708Z"}
{"level":"info","message":"Recibiendo 1448 bytes de v1-pervinox.mp4","timestamp":"2015-03-02T21:03:34.709Z"}
{"level":"info","message":"Recibiendo 1448 bytes de v1-pervinox.mp4","timestamp":"2015-03-02T21:03:34.726Z"}
{"level":"info","message":"Recibiendo 1448 bytes de v1-pervinox.mp4","timestamp":"2015-03-02T21:03:34.744Z"}
{"level":"info","message":"Recibiendo 1448 bytes de v1-pervinox.mp4","timestamp":"2015-03-02T21:03:34.745Z"}
{"level":"info","message":"Recibiendo 1448 bytes de v1-pervinox.mp4","timestamp":"2015-03-02T21:03:34.745Z"}
{"level":"info","message":"Recibiendo 1448 bytes de v1-pervinox.mp4","timestamp":"2015-03-02T21:03:34.745Z"}
{"level":"info","message":"Recibiendo 1448 bytes de v1-pervinox.mp4","timestamp":"2015-03-02T21:03:34.746Z"}
{"level":"info","message":"Recibiendo 1448 bytes de v1-pervinox.mp4","timestamp":"2015-03-02T21:03:34.746Z"}
{"level":"info","message":"Recibiendo 1448 bytes de v1-pervinox.mp4","timestamp":"2015-03-02T21:03:34.746Z"}
{"level":"info","message":"Recibiendo 1448 bytes de v1-bh2.mp4","timestamp":"2015-03-02T21:03:34.747Z"}
{"level":"info","message":"Recibiendo 1448 bytes de v1-bh2.mp4","timestamp":"2015-03-02T21:03:34.749Z"}
{"level":"info","message":"Recibiendo 1448 bytes de v1-bh2.mp4","timestamp":"2015-03-02T21:03:34.750Z"}
{"level":"info","message":"Recibiendo 1448 bytes de v1-bh2.mp4","timestamp":"2015-03-02T21:03:34.750Z"}
{"level":"info","message":"Recibiendo 2896 bytes de v1-bh2.mp4","timestamp":"2015-03-02T21:03:34.751Z"}
{"level":"info","message":"Iniciando el modulo de pautas...","timestamp":"2015-03-02T21:03:34.622Z"}
{"level":"info","message":"Recibiendo 2896 bytes de v1-bh2.mp4","timestamp":"2015-03-02T21:03:34.752Z"}
{"level":"info","message":"Conectando a base dedatos...: ","timestamp":"2015-03-02T21:03:34.633Z"}
{"level":"info","message":"Esperando mensajes en: /home/juli/Zetti/zTurnosServerWorkspace/xml-endpoint/input/","timestamp":"2015-03-02T21:03:34.728Z"}
{"level":"info","message":"Escribiendo salida en: /home/juli/Zetti/zTurnosServerWorkspace/xml-endpoint/output/","timestamp":"2015-03-02T21:03:34.729Z"}
{"level":"info","message":"Recibiendo 1448 bytes de v1-bh2.mp4","timestamp":"2015-03-02T21:03:34.752Z"}
{"level":"info","message":"Recibiendo 1448 bytes de v1-bh2.mp4","timestamp":"2015-03-02T21:03:34.752Z"}
{"level":"info","message":"Recibiendo 1448 bytes de v1-bh2.mp4","timestamp":"2015-03-02T21:03:34.760Z"}
{"level":"info","message":"Recibiendo 1448 bytes de v1-pervinox.mp4","timestamp":"2015-03-02T21:03:34.782Z"}
{"level":"info","message":"Recibiendo 2896 bytes de v1-pervinox.mp4","timestamp":"2015-03-02T21:03:34.783Z"}
{"level":"info","message":"Recibiendo 1448 bytes de v1-pervinox.mp4","timestamp":"2015-03-02T21:03:34.783Z"}
{"level":"info","message":"Recibiendo 1448 bytes de v1-pervinox.mp4","timestamp":"2015-03-02T21:03:34.783Z"}
{"level":"info","message":"Recibiendo 1448 bytes de v1-pervinox.mp4","timestamp":"2015-03-02T21:03:34.784Z"}
{"level":"info","message":"Recibiendo 1448 bytes de v1-pervinox.mp4","timestamp":"2015-03-02T21:03:34.784Z"}
{"level":"info","message":"Recibiendo 1448 bytes de v1-pervinox.mp4","timestamp":"2015-03-02T21:03:34.790Z"}
{"level":"info","message":"Recibiendo 1448 bytes de v1-bh2.mp4","timestamp":"2015-03-02T21:03:34.790Z"}
{"level":"info","message":"Recibiendo 1448 bytes de v1-bh2.mp4","timestamp":"2015-03-02T21:03:34.791Z"}
{"level":"info","message":"Recibiendo 1448 bytes de v1-bh2.mp4","timestamp":"2015-03-02T21:03:34.791Z"}
{"level":"info","message":"Recibiendo 1448 bytes de v1-bh2.mp4","timestamp":"2015-03-02T21:03:34.792Z"}
{"level":"info","message":"Recibiendo 1448 bytes de v1-bh2.mp4","timestamp":"2015-03-02T21:03:34.792Z"}
{"level":"info","message":"Recibiendo 1448 bytes de v1-bh2.mp4","timestamp":"2015-03-02T21:03:34.792Z"}
{"level":"info","message":"Recibiendo 1448 bytes de v1-bh2.mp4","timestamp":"2015-03-02T21:03:34.804Z"}
{"level":"info","message":"Recibiendo 1448 bytes de v1-bh2.mp4","timestamp":"2015-03-02T21:03:34.804Z"}
{"level":"info","message":"Recibiendo 1448 bytes de v1-bh2.mp4","timestamp":"2015-03-02T21:03:34.804Z"}
{"level":"info","message":"Recibiendo 1448 bytes de v1-bh2.mp4","timestamp":"2015-03-02T21:03:34.805Z"}
{"level":"info","message":"Recibiendo 21720 bytes de v1-bh1.mp4","timestamp":"2015-03-02T21:03:34.814Z"}
{"level":"info","message":"Recibiendo 2896 bytes de v1-bh1.mp4","timestamp":"2015-03-02T21:03:34.821Z"}
{"level":"info","message":"Recibiendo 1448 bytes de v1-bh1.mp4","timestamp":"2015-03-02T21:03:34.827Z"}
{"level":"info","message":"Recibiendo 1448 bytes de v1-bh1.mp4","timestamp":"2015-03-02T21:03:34.830Z"}
{"level":"info","message":"Recibiendo 1448 bytes de v1-pervinox.mp4","timestamp":"2015-03-02T21:03:34.852Z"}
{"level":"info","message":"Recibiendo 1448 bytes de v1-pervinox.mp4","timestamp":"2015-03-02T21:03:34.853Z"}
{"level":"info","message":"Recibiendo 1448 bytes de v1-pervinox.mp4","timestamp":"2015-03-02T21:03:34.853Z"}
{"level":"info","message":"Recibiendo 1448 bytes de v1-pervinox.mp4","timestamp":"2015-03-02T21:03:34.854Z"}
{"level":"info","message":"Recibiendo 1448 bytes de v1-pervinox.mp4","timestamp":"2015-03-02T21:03:34.856Z"}
{"level":"info","message":"Recibiendo 1448 bytes de v1-pervinox.mp4","timestamp":"2015-03-02T21:03:34.856Z"}
{"level":"info","message":"Recibiendo 1448 bytes de v1-pervinox.mp4","timestamp":"2015-03-02T21:03:34.856Z"}
{"level":"info","message":"Recibiendo 1448 bytes de v1-pervinox.mp4","timestamp":"2015-03-02T21:03:34.857Z"}
{"level":"info","message":"Recibiendo 1448 bytes de v1-bh2.mp4","timestamp":"2015-03-02T21:03:34.857Z"}
{"level":"info","message":"Recibiendo 1448 bytes de v1-bh2.mp4","timestamp":"2015-03-02T21:03:34.857Z"}
{"level":"info","message":"Recibiendo 2896 bytes de v1-bh2.mp4","timestamp":"2015-03-02T21:03:34.863Z"}
{"level":"info","message":"Recibiendo 1448 bytes de v1-bh2.mp4","timestamp":"2015-03-02T21:03:34.866Z"}
{"level":"info","message":"Recibiendo 1448 bytes de v1-bh2.mp4","timestamp":"2015-03-02T21:03:34.867Z"}
{"level":"info","message":"Recibiendo 2896 bytes de v1-bh2.mp4","timestamp":"2015-03-02T21:03:34.867Z"}
{"level":"info","message":"Recibiendo 1448 bytes de v1-bh2.mp4","timestamp":"2015-03-02T21:03:34.868Z"}
{"level":"info","message":"Recibiendo 1448 bytes de v1-bh2.mp4","timestamp":"2015-03-02T21:03:34.874Z"}
{"level":"info","message":"Recibiendo 2896 bytes de v1-bh1.mp4","timestamp":"2015-03-02T21:03:34.877Z"}
{"level":"info","message":"Recibiendo 2896 bytes de v1-bh1.mp4","timestamp":"2015-03-02T21:03:34.884Z"}
{"level":"info","message":"Recibiendo 4344 bytes de v1-bh1.mp4","timestamp":"2015-03-02T21:03:34.904Z"}
{"level":"info","message":"Recibiendo 4344 bytes de v1-bh1.mp4","timestamp":"2015-03-02T21:03:34.908Z"}
{"level":"info","message":"Recibiendo 4344 bytes de v1-bh2.mp4","timestamp":"2015-03-02T21:03:34.908Z"}
{"level":"info","message":"Recibiendo 1448 bytes de v1-pervinox.mp4","timestamp":"2015-03-02T21:03:34.919Z"}
{"level":"info","message":"Recibiendo 2896 bytes de v1-pervinox.mp4","timestamp":"2015-03-02T21:03:34.919Z"}
{"level":"info","message":"Recibiendo 1448 bytes de v1-pervinox.mp4","timestamp":"2015-03-02T21:03:34.920Z"}
{"level":"info","message":"Recibiendo 1448 bytes de v1-pervinox.mp4","timestamp":"2015-03-02T21:03:34.924Z"}
{"level":"info","message":"Recibiendo 1448 bytes de v1-pervinox.mp4","timestamp":"2015-03-02T21:03:34.924Z"}
{"level":"info","message":"Recibiendo 1448 bytes de v1-pervinox.mp4","timestamp":"2015-03-02T21:03:34.924Z"}
{"level":"info","message":"Recibiendo 1448 bytes de v1-pervinox.mp4","timestamp":"2015-03-02T21:03:34.925Z"}
{"level":"info","message":"Recibiendo 2896 bytes de v1-bh2.mp4","timestamp":"2015-03-02T21:03:34.925Z"}
{"level":"info","message":"Recibiendo 8688 bytes de v1-bh2.mp4","timestamp":"2015-03-02T21:03:34.935Z"}
{"level":"info","message":"Recibiendo 2896 bytes de v1-bh1.mp4","timestamp":"2015-03-02T21:03:34.936Z"}
{"level":"info","message":"Recibiendo 1448 bytes de v1-bh1.mp4","timestamp":"2015-03-02T21:03:34.948Z"}
{"level":"info","message":"Recibiendo 1448 bytes de v1-bh1.mp4","timestamp":"2015-03-02T21:03:34.956Z"}
{"level":"info","message":"Recibiendo 4344 bytes de v1-bh1.mp4","timestamp":"2015-03-02T21:03:34.956Z"}
{"level":"info","message":"Recibiendo 1448 bytes de v1-bh2.mp4","timestamp":"2015-03-02T21:03:34.965Z"}
{"level":"info","message":"Recibiendo 2896 bytes de v1-bh2.mp4","timestamp":"2015-03-02T21:03:34.965Z"}
{"level":"info","message":"Recibiendo 1448 bytes de v1-bh2.mp4","timestamp":"2015-03-02T21:03:34.969Z"}
{"level":"info","message":"Recibiendo 4344 bytes de v1-pervinox.mp4","timestamp":"2015-03-02T21:03:34.970Z"}
{"level":"info","message":"Recibiendo 1448 bytes de v1-pervinox.mp4","timestamp":"2015-03-02T21:03:34.971Z"}
{"level":"info","message":"****************** INFO *****************","timestamp":"2015-03-02T21:03:35.711Z"}
{"level":"info","message":"NODO: 1962502","timestamp":"2015-03-02T21:03:35.712Z"}
{"level":"info","message":"idAdministrador: 2003840","timestamp":"2015-03-02T21:03:35.713Z"}
{"level":"info","message":"id sponsor oficial del administrador: 2003842","timestamp":"2015-03-02T21:03:35.714Z"}
{"level":"info","message":"Sponsors Oficiales Encontrados: 2","timestamp":"2015-03-02T21:03:35.715Z"}
{"level":"info","message":"Pautas: 0","timestamp":"2015-03-02T21:03:35.716Z"}
{"level":"info","message":"Muletos Administrador: 22","timestamp":"2015-03-02T21:03:35.716Z"}
{"level":"info","message":"Muletos por Main Sponsor: 0","timestamp":"2015-03-02T21:03:35.717Z"}
{"level":"info","message":"Muletos por Main Sponsor Propios: 1","timestamp":"2015-03-02T21:03:35.718Z"}
{"level":"info","message":"****************** FIN INFO *****************","timestamp":"2015-03-02T21:03:35.719Z"}
{"level":"info","message":"averiguarNodoFn - OK","timestamp":"2015-03-02T21:03:35.720Z"}
{"level":"info","message":"getTiemposSponsorFn - OK","timestamp":"2015-03-02T21:03:35.722Z"}
{"level":"info","message":"No se encontron pautas por grupo","timestamp":"2015-03-02T21:03:35.726Z"}
{"level":"info","message":"getAdministradorIdFn - OK","timestamp":"2015-03-02T21:03:35.728Z"}
{"level":"info","message":"getSponsorsDeMainSponsorsFn - OK","timestamp":"2015-03-02T21:03:35.730Z"}
{"level":"info","message":"getSponsorsDeAdministradorFn - OK","timestamp":"2015-03-02T21:03:35.730Z"}
{"level":"info","message":"getPautasMuletoAdministradorFn - OK","timestamp":"2015-03-02T21:03:35.731Z"}
{"level":"info","message":"getPautasMuleto - OK","timestamp":"2015-03-02T21:03:35.732Z"}
{"level":"info","message":"Pautas a descargar: 22","timestamp":"2015-03-02T21:03:35.734Z"}
{"level":"info","message":"Tamaño de archivo remoto: 2413219","timestamp":"2015-03-02T21:03:36.071Z"}
{"level":"info","message":"./server/videos/v1-aseptobron.mp4 ya existe.","timestamp":"2015-03-02T21:03:36.071Z"}
{"level":"info","message":"Tamaño de archivo remoto: 10183541","timestamp":"2015-03-02T21:03:36.073Z"}
{"level":"info","message":"Tamaño de archivo remoto: 4127196","timestamp":"2015-03-02T21:03:36.105Z"}
{"level":"info","message":"./server/videos/v1-aerotina.mp4 ya existe.","timestamp":"2015-03-02T21:03:36.106Z"}
{"level":"info","message":"Tamaño de archivo remoto: 11509054","timestamp":"2015-03-02T21:03:37.047Z"}
{"level":"info","message":"Tamaño de archivo remoto: 9357878","timestamp":"2015-03-02T21:03:40.995Z"}
{"level":"info","message":"./server/videos/v1-nutricia-vital-aire.mp4 ya existe.","timestamp":"2015-03-02T21:03:40.996Z"}
