{"level":"info","message":"Recibiendo 1448 bytes de v1-centrum.mp4","timestamp":"2015-03-02T21:04:25.331Z"}
{"level":"info","message":"Recibiendo 1448 bytes de v1-centrum.mp4","timestamp":"2015-03-02T21:04:25.331Z"}
{"level":"info","message":"Recibiendo 1448 bytes de v1-centrum.mp4","timestamp":"2015-03-02T21:04:25.332Z"}
{"level":"info","message":"Recibiendo 1448 bytes de v1-centrum.mp4","timestamp":"2015-03-02T21:04:25.333Z"}
{"level":"info","message":"Recibiendo 1448 bytes de v1-centrum.mp4","timestamp":"2015-03-02T21:04:25.333Z"}
{"level":"info","message":"Recibiendo 1448 bytes de v1-centrum.mp4","timestamp":"2015-03-02T21:04:25.333Z"}
{"level":"info","message":"Recibiendo 330 bytes de v1-celludestock.mp4","timestamp":"2015-03-02T21:04:25.334Z"}
{"level":"info","message":"v1-celludestock.mp4 descargado en ./server/videos/","timestamp":"2015-03-02T21:04:25.334Z"}
{"level":"info","message":"Recibiendo 1448 bytes de v1-bh2.mp4","timestamp":"2015-03-02T21:04:25.335Z"}
{"level":"info","message":"Recibiendo 1448 bytes de v1-bh2.mp4","timestamp":"2015-03-02T21:04:25.336Z"}
{"level":"info","message":"Recibiendo 1448 bytes de v1-bh2.mp4","timestamp":"2015-03-02T21:04:25.336Z"}
{"level":"info","message":"Recibiendo 1448 bytes de v1-bh2.mp4","timestamp":"2015-03-02T21:04:25.336Z"}
{"level":"info","message":"Recibiendo 1448 bytes de v1-bh2.mp4","timestamp":"2015-03-02T21:04:25.337Z"}
{"level":"info","message":"Recibiendo 1448 bytes de v1-bh2.mp4","timestamp":"2015-03-02T21:04:25.337Z"}
{"level":"info","message":"Recibiendo 1448 bytes de v1-bh2.mp4","timestamp":"2015-03-02T21:04:25.337Z"}
{"level":"info","message":"Recibiendo 1448 bytes de v1-bh2.mp4","timestamp":"2015-03-02T21:04:25.338Z"}
{"level":"info","message":"Recibiendo 2896 bytes de v1-bh2.mp4","timestamp":"2015-03-02T21:04:25.338Z"}
{"level":"info","message":"Recibiendo 1448 bytes de v1-bh2.mp4","timestamp":"2015-03-02T21:04:25.339Z"}
{"level":"info","message":"Recibiendo 1448 bytes de v1-bh2.mp4","timestamp":"2015-03-02T21:04:25.463Z"}
{"level":"info","message":"Recibiendo 1448 bytes de v1-bh2.mp4","timestamp":"2015-03-02T21:04:25.463Z"}
{"level":"info","message":"Recibiendo 1448 bytes de v1-bh2.mp4","timestamp":"2015-03-02T21:04:25.464Z"}
{"level":"info","message":"Recibiendo 1448 bytes de v1-bh2.mp4","timestamp":"2015-03-02T21:04:25.465Z"}
{"level":"info","message":"Recibiendo 1448 bytes de v1-bh3.mp4","timestamp":"2015-03-02T21:04:25.467Z"}
{"level":"info","message":"Recibiendo 1448 bytes de v1-bh3.mp4","timestamp":"2015-03-02T21:04:25.467Z"}
{"level":"info","message":"Recibiendo 1448 bytes de v1-bh3.mp4","timestamp":"2015-03-02T21:04:25.467Z"}
{"level":"info","message":"Recibiendo 1448 bytes de v1-bh3.mp4","timestamp":"2015-03-02T21:04:25.467Z"}
{"level":"info","message":"Recibiendo 1448 bytes de v1-bh3.mp4","timestamp":"2015-03-02T21:04:25.468Z"}
{"level":"info","message":"Recibiendo 1448 bytes de v1-bh3.mp4","timestamp":"2015-03-02T21:04:25.468Z"}
{"level":"info","message":"Recibiendo 1448 bytes de v1-bh3.mp4","timestamp":"2015-03-02T21:04:25.468Z"}
{"level":"info","message":"Recibiendo 1448 bytes de v1-bh3.mp4","timestamp":"2015-03-02T21:04:25.469Z"}
{"level":"info","message":"Recibiendo 1448 bytes de v1-bh2.mp4","timestamp":"2015-03-02T21:04:25.482Z"}
{"level":"info","message":"Recibiendo 1448 bytes de v1-bh2.mp4","timestamp":"2015-03-02T21:04:25.482Z"}
{"level":"info","message":"Recibiendo 1448 bytes de v1-bh2.mp4","timestamp":"2015-03-02T21:04:25.517Z"}
{"level":"info","message":"Recibiendo 1448 bytes de v1-bh2.mp4","timestamp":"2015-03-02T21:04:25.536Z"}
{"level":"info","message":"Recibiendo 1448 bytes de v1-bh2.mp4","timestamp":"2015-03-02T21:04:25.537Z"}
{"level":"info","message":"Recibiendo 1448 bytes de v1-bh2.mp4","timestamp":"2015-03-02T21:04:25.537Z"}
{"level":"info","message":"Recibiendo 1448 bytes de v1-bh2.mp4","timestamp":"2015-03-02T21:04:25.539Z"}
{"level":"info","message":"Recibiendo 1448 bytes de v1-bh2.mp4","timestamp":"2015-03-02T21:04:25.539Z"}
{"level":"info","message":"Recibiendo 1448 bytes de v1-bh2.mp4","timestamp":"2015-03-02T21:04:25.539Z"}
{"level":"info","message":"Recibiendo 1448 bytes de v1-bh2.mp4","timestamp":"2015-03-02T21:04:25.540Z"}
{"level":"info","message":"Recibiendo 1448 bytes de v1-bh2.mp4","timestamp":"2015-03-02T21:04:25.540Z"}
{"level":"info","message":"Recibiendo 1448 bytes de v1-bh2.mp4","timestamp":"2015-03-02T21:04:25.540Z"}
{"level":"info","message":"Recibiendo 1448 bytes de v1-centrum 2.mp4","timestamp":"2015-03-02T21:04:25.543Z"}
{"level":"info","message":"Recibiendo 65536 bytes de v1-centrum 2.mp4","timestamp":"2015-03-02T21:04:25.544Z"}
{"level":"info","message":"Recibiendo 18448 bytes de v1-centrum 2.mp4","timestamp":"2015-03-02T21:04:25.544Z"}
{"level":"info","message":"Recibiendo 1448 bytes de v1-centrum.mp4","timestamp":"2015-03-02T21:04:25.829Z"}
{"level":"info","message":"Recibiendo 2896 bytes de v1-centrum.mp4","timestamp":"2015-03-02T21:04:25.830Z"}
{"level":"info","message":"Recibiendo 1448 bytes de v1-centrum.mp4","timestamp":"2015-03-02T21:04:25.830Z"}
{"level":"info","message":"Recibiendo 1448 bytes de v1-centrum.mp4","timestamp":"2015-03-02T21:04:25.853Z"}
{"level":"info","message":"Recibiendo 2896 bytes de v1-centrum.mp4","timestamp":"2015-03-02T21:04:25.854Z"}
{"level":"info","message":"Recibiendo 1448 bytes de v1-centrum.mp4","timestamp":"2015-03-02T21:04:25.854Z"}
{"level":"info","message":"Recibiendo 1448 bytes de v1-centrum.mp4","timestamp":"2015-03-02T21:04:25.854Z"}
{"level":"info","message":"Recibiendo 4344 bytes de v1-centrum.mp4","timestamp":"2015-03-02T21:04:25.857Z"}
{"level":"info","message":"Recibiendo 1448 bytes de v1-centrum.mp4","timestamp":"2015-03-02T21:04:25.894Z"}
{"level":"info","message":"Recibiendo 2896 bytes de v1-bh3.mp4","timestamp":"2015-03-02T21:04:25.895Z"}
{"level":"info","message":"Recibiendo 1448 bytes de v1-bh3.mp4","timestamp":"2015-03-02T21:04:25.895Z"}
{"level":"info","message":"Recibiendo 1448 bytes de v1-bh3.mp4","timestamp":"2015-03-02T21:04:25.896Z"}
{"level":"info","message":"Recibiendo 1448 bytes de v1-bh3.mp4","timestamp":"2015-03-02T21:04:25.896Z"}
{"level":"info","message":"Recibiendo 1448 bytes de v1-bh3.mp4","timestamp":"2015-03-02T21:04:25.896Z"}
{"level":"info","message":"Recibiendo 1448 bytes de v1-bh3.mp4","timestamp":"2015-03-02T21:04:25.897Z"}
{"level":"info","message":"Recibiendo 1448 bytes de v1-bh3.mp4","timestamp":"2015-03-02T21:04:25.931Z"}
{"level":"info","message":"Recibiendo 1448 bytes de v1-bh3.mp4","timestamp":"2015-03-02T21:04:25.932Z"}
{"level":"info","message":"Recibiendo 1448 bytes de v1-bh3.mp4","timestamp":"2015-03-02T21:04:25.932Z"}
{"level":"info","message":"Recibiendo 1448 bytes de v1-bh3.mp4","timestamp":"2015-03-02T21:04:25.932Z"}
{"level":"info","message":"Recibiendo 1448 bytes de v1-centrum.mp4","timestamp":"2015-03-02T21:04:26.015Z"}
{"level":"info","message":"Recibiendo 2896 bytes de v1-centrum.mp4","timestamp":"2015-03-02T21:04:26.015Z"}
{"level":"info","message":"Recibiendo 1448 bytes de v1-centrum.mp4","timestamp":"2015-03-02T21:04:26.051Z"}
{"level":"info","message":"Recibiendo 1448 bytes de v1-centrum.mp4","timestamp":"2015-03-02T21:04:26.052Z"}
{"level":"info","message":"Recibiendo 2896 bytes de v1-centrum.mp4","timestamp":"2015-03-02T21:04:26.052Z"}
{"level":"info","message":"Recibiendo 2896 bytes de v1-centrum.mp4","timestamp":"2015-03-02T21:04:26.053Z"}
{"level":"info","message":"Recibiendo 1448 bytes de v1-centrum.mp4","timestamp":"2015-03-02T21:04:26.057Z"}
{"level":"info","message":"Recibiendo 2896 bytes de v1-centrum.mp4","timestamp":"2015-03-02T21:04:26.059Z"}
{"level":"info","message":"Recibiendo 1448 bytes de v1-centrum.mp4","timestamp":"2015-03-02T21:04:26.059Z"}
{"level":"info","message":"Recibiendo 1448 bytes de v1-centrum.mp4","timestamp":"2015-03-02T21:04:26.059Z"}
{"level":"info","message":"Recibiendo 1448 bytes de v1-centrum.mp4","timestamp":"2015-03-02T21:04:26.060Z"}
{"level":"info","message":"Recibiendo 1448 bytes de v1-centrum.mp4","timestamp":"2015-03-02T21:04:26.060Z"}
{"level":"info","message":"Recibiendo 1448 bytes de v1-centrum.mp4","timestamp":"2015-03-02T21:04:26.060Z"}
{"level":"info","message":"Recibiendo 1448 bytes de v1-centrum.mp4","timestamp":"2015-03-02T21:04:26.061Z"}
{"level":"info","message":"Recibiendo 1448 bytes de v1-bh2.mp4","timestamp":"2015-03-02T21:04:26.154Z"}
{"level":"info","message":"Recibiendo 1448 bytes de v1-bh2.mp4","timestamp":"2015-03-02T21:04:26.155Z"}
{"level":"info","message":"Recibiendo 1448 bytes de v1-bh2.mp4","timestamp":"2015-03-02T21:04:26.155Z"}
{"level":"info","message":"Recibiendo 1448 bytes de v1-bh2.mp4","timestamp":"2015-03-02T21:04:26.156Z"}
{"level":"info","message":"Recibiendo 2644 bytes de v1-cuidate.mp4","timestamp":"2015-03-02T21:04:26.156Z"}
{"level":"info","message":"Recibiendo 2896 bytes de v1-cuidate.mp4","timestamp":"2015-03-02T21:04:26.157Z"}
{"level":"info","message":"Recibiendo 2399 bytes de v1-cuidate.mp4","timestamp":"2015-03-02T21:04:26.160Z"}
{"level":"info","message":"Recibiendo 1448 bytes de v1-cuidate.mp4","timestamp":"2015-03-02T21:04:26.161Z"}
{"level":"info","message":"Recibiendo 1448 bytes de v1-cuidate.mp4","timestamp":"2015-03-02T21:04:26.161Z"}
{"level":"info","message":"Recibiendo 1448 bytes de v1-cuidate.mp4","timestamp":"2015-03-02T21:04:26.161Z"}
{"level":"info","message":"Recibiendo 1448 bytes de v1-cuidate.mp4","timestamp":"2015-03-02T21:04:26.162Z"}
{"level":"info","message":"Recibiendo 1448 bytes de v1-cuidate.mp4","timestamp":"2015-03-02T21:04:26.162Z"}
{"level":"info","message":"Recibiendo 1448 bytes de v1-cuidate.mp4","timestamp":"2015-03-02T21:04:26.163Z"}
{"level":"info","message":"Recibiendo 1448 bytes de v1-cuidate.mp4","timestamp":"2015-03-02T21:04:26.177Z"}
{"level":"info","message":"Recibiendo 1448 bytes de v1-cuidate.mp4","timestamp":"2015-03-02T21:04:26.208Z"}
{"level":"info","message":"Recibiendo 2896 bytes de v1-cuidate.mp4","timestamp":"2015-03-02T21:04:26.208Z"}
{"level":"info","message":"Recibiendo 1448 bytes de v1-cuidate.mp4","timestamp":"2015-03-02T21:04:26.239Z"}
{"level":"info","message":"Recibiendo 1448 bytes de v1-bh2.mp4","timestamp":"2015-03-02T21:04:26.257Z"}
{"level":"info","message":"Recibiendo 1448 bytes de v1-bh2.mp4","timestamp":"2015-03-02T21:04:26.258Z"}
