{"level":"info","message":"Recibiendo 1448 bytes de v1-donar.mp4","timestamp":"2015-03-02T21:04:39.919Z"}
{"level":"info","message":"Recibiendo 1448 bytes de v1-donar.mp4","timestamp":"2015-03-02T21:04:39.919Z"}
{"level":"info","message":"Recibiendo 1448 bytes de v1-centrum 2.mp4","timestamp":"2015-03-02T21:04:39.920Z"}
{"level":"info","message":"Recibiendo 1448 bytes de v1-centrum 2.mp4","timestamp":"2015-03-02T21:04:39.920Z"}
{"level":"info","message":"Recibiendo 2896 bytes de v1-centrum 2.mp4","timestamp":"2015-03-02T21:04:39.920Z"}
{"level":"info","message":"Recibiendo 1448 bytes de v1-centrum 2.mp4","timestamp":"2015-03-02T21:04:39.921Z"}
{"level":"info","message":"Recibiendo 1448 bytes de v1-donar.mp4","timestamp":"2015-03-02T21:04:39.921Z"}
{"level":"info","message":"Recibiendo 1448 bytes de v1-donar.mp4","timestamp":"2015-03-02T21:04:39.921Z"}
{"level":"info","message":"Recibiendo 1448 bytes de v1-donar.mp4","timestamp":"2015-03-02T21:04:39.922Z"}
{"level":"info","message":"Recibiendo 1448 bytes de v1-donar.mp4","timestamp":"2015-03-02T21:04:39.922Z"}
{"level":"info","message":"Recibiendo 1448 bytes de v1-donar.mp4","timestamp":"2015-03-02T21:04:39.924Z"}
{"level":"info","message":"Recibiendo 1448 bytes de v1-donar.mp4","timestamp":"2015-03-02T21:04:39.934Z"}
{"level":"info","message":"Recibiendo 2896 bytes de v1-donar.mp4","timestamp":"2015-03-02T21:04:39.935Z"}
{"level":"info","message":"Recibiendo 1448 bytes de v1-donar.mp4","timestamp":"2015-03-02T21:04:39.935Z"}
{"level":"info","message":"Recibiendo 1448 bytes de v1-donar.mp4","timestamp":"2015-03-02T21:04:39.936Z"}
{"level":"info","message":"Recibiendo 1448 bytes de v1-donar.mp4","timestamp":"2015-03-02T21:04:39.936Z"}
{"level":"info","message":"Recibiendo 1448 bytes de v1-donar.mp4","timestamp":"2015-03-02T21:04:39.936Z"}
{"level":"info","message":"Recibiendo 1448 bytes de v1-bh3.mp4","timestamp":"2015-03-02T21:04:39.937Z"}
{"level":"info","message":"Recibiendo 1448 bytes de v1-bh3.mp4","timestamp":"2015-03-02T21:04:39.938Z"}
{"level":"info","message":"Recibiendo 1448 bytes de v1-bh3.mp4","timestamp":"2015-03-02T21:04:39.938Z"}
{"level":"info","message":"Recibiendo 1448 bytes de v1-bh3.mp4","timestamp":"2015-03-02T21:04:39.938Z"}
{"level":"info","message":"Recibiendo 1448 bytes de v1-bh3.mp4","timestamp":"2015-03-02T21:04:39.939Z"}
{"level":"info","message":"Recibiendo 1448 bytes de v1-bh3.mp4","timestamp":"2015-03-02T21:04:39.939Z"}
{"level":"info","message":"Recibiendo 1448 bytes de v1-bh3.mp4","timestamp":"2015-03-02T21:04:39.939Z"}
{"level":"info","message":"Recibiendo 1448 bytes de v1-bh3.mp4","timestamp":"2015-03-02T21:04:39.940Z"}
{"level":"info","message":"Recibiendo 1448 bytes de v1-bh3.mp4","timestamp":"2015-03-02T21:04:39.952Z"}
{"level":"info","message":"Recibiendo 2896 bytes de v1-bh3.mp4","timestamp":"2015-03-02T21:04:39.952Z"}
{"level":"info","message":"Recibiendo 1448 bytes de v1-bh3.mp4","timestamp":"2015-03-02T21:04:39.953Z"}
{"level":"info","message":"Recibiendo 1448 bytes de v1-bh3.mp4","timestamp":"2015-03-02T21:04:39.953Z"}
{"level":"info","message":"Recibiendo 2896 bytes de v1-bh3.mp4","timestamp":"2015-03-02T21:04:39.953Z"}
{"level":"info","message":"Recibiendo 1448 bytes de v1-bh3.mp4","timestamp":"2015-03-02T21:04:39.954Z"}
{"level":"info","message":"Recibiendo 1448 bytes de v1-bh3.mp4","timestamp":"2015-03-02T21:04:39.954Z"}
{"level":"info","message":"Recibiendo 1448 bytes de v1-bh3.mp4","timestamp":"2015-03-02T21:04:39.955Z"}
{"level":"info","message":"Recibiendo 1448 bytes de v1-bh3.mp4","timestamp":"2015-03-02T21:04:39.955Z"}
{"level":"info","message":"Recibiendo 1448 bytes de v1-bh3.mp4","timestamp":"2015-03-02T21:04:39.955Z"}
{"level":"info","message":"Recibiendo 1448 bytes de v1-bh3.mp4","timestamp":"2015-03-02T21:04:39.956Z"}
{"level":"info","message":"Recibiendo 1448 bytes de v1-bh3.mp4","timestamp":"2015-03-02T21:04:39.956Z"}
{"level":"info","message":"Recibiendo 1448 bytes de v1-cuidate.mp4","timestamp":"2015-03-02T21:04:39.982Z"}
{"level":"info","message":"Recibiendo 1448 bytes de v1-cuidate.mp4","timestamp":"2015-03-02T21:04:39.982Z"}
{"level":"info","message":"Recibiendo 2896 bytes de v1-cuidate.mp4","timestamp":"2015-03-02T21:04:39.982Z"}
{"level":"info","message":"Recibiendo 1448 bytes de v1-cuidate.mp4","timestamp":"2015-03-02T21:04:39.983Z"}
{"level":"info","message":"Recibiendo 1448 bytes de v1-cuidate.mp4","timestamp":"2015-03-02T21:04:39.983Z"}
{"level":"info","message":"Recibiendo 1448 bytes de v1-cuidate.mp4","timestamp":"2015-03-02T21:04:39.983Z"}
{"level":"info","message":"Recibiendo 1448 bytes de v1-cuidate.mp4","timestamp":"2015-03-02T21:04:40.037Z"}
{"level":"info","message":"Recibiendo 1448 bytes de v1-cuidate.mp4","timestamp":"2015-03-02T21:04:40.037Z"}
{"level":"info","message":"Recibiendo 1448 bytes de v1-cuidate.mp4","timestamp":"2015-03-02T21:04:40.037Z"}
{"level":"info","message":"Recibiendo 1448 bytes de v1-cuidate.mp4","timestamp":"2015-03-02T21:04:40.038Z"}
{"level":"info","message":"Recibiendo 1448 bytes de v1-cuidate.mp4","timestamp":"2015-03-02T21:04:40.038Z"}
{"level":"info","message":"Recibiendo 1448 bytes de v1-bh3.mp4","timestamp":"2015-03-02T21:04:40.061Z"}
{"level":"info","message":"Recibiendo 2896 bytes de v1-centrum 2.mp4","timestamp":"2015-03-02T21:04:40.062Z"}
{"level":"info","message":"Recibiendo 1448 bytes de v1-centrum 2.mp4","timestamp":"2015-03-02T21:04:40.062Z"}
{"level":"info","message":"Recibiendo 1448 bytes de v1-centrum 2.mp4","timestamp":"2015-03-02T21:04:40.062Z"}
{"level":"info","message":"Recibiendo 1448 bytes de v1-centrum 2.mp4","timestamp":"2015-03-02T21:04:40.079Z"}
{"level":"info","message":"Recibiendo 1448 bytes de v1-centrum 2.mp4","timestamp":"2015-03-02T21:04:40.080Z"}
{"level":"info","message":"Recibiendo 1448 bytes de v1-centrum 2.mp4","timestamp":"2015-03-02T21:04:40.080Z"}
{"level":"info","message":"Recibiendo 2896 bytes de v1-centrum 2.mp4","timestamp":"2015-03-02T21:04:40.080Z"}
{"level":"info","message":"Recibiendo 1448 bytes de v1-centrum 2.mp4","timestamp":"2015-03-02T21:04:40.081Z"}
{"level":"info","message":"Recibiendo 1448 bytes de v1-centrum 2.mp4","timestamp":"2015-03-02T21:04:40.081Z"}
{"level":"info","message":"Recibiendo 1448 bytes de v1-centrum 2.mp4","timestamp":"2015-03-02T21:04:40.081Z"}
{"level":"info","message":"Recibiendo 1448 bytes de v1-cuidate.mp4","timestamp":"2015-03-02T21:04:40.086Z"}
{"level":"info","message":"Recibiendo 1448 bytes de v1-cuidate.mp4","timestamp":"2015-03-02T21:04:40.086Z"}
{"level":"info","message":"Recibiendo 1448 bytes de v1-cuidate.mp4","timestamp":"2015-03-02T21:04:40.087Z"}
{"level":"info","message":"Recibiendo 1448 bytes de v1-cuidate.mp4","timestamp":"2015-03-02T21:04:40.087Z"}
{"level":"info","message":"Recibiendo 4344 bytes de v1-centrum 2.mp4","timestamp":"2015-03-02T21:04:40.100Z"}
{"level":"info","message":"Recibiendo 1448 bytes de v1-donar.mp4","timestamp":"2015-03-02T21:04:40.112Z"}
{"level":"info","message":"Recibiendo 1448 bytes de v1-donar.mp4","timestamp":"2015-03-02T21:04:40.112Z"}
{"level":"info","message":"Recibiendo 1448 bytes de v1-donar.mp4","timestamp":"2015-03-02T21:04:40.112Z"}
{"level":"info","message":"Recibiendo 2896 bytes de v1-donar.mp4","timestamp":"2015-03-02T21:04:40.113Z"}
{"level":"info","message":"Recibiendo 1448 bytes de v1-donar.mp4","timestamp":"2015-03-02T21:04:40.113Z"}
{"level":"info","message":"Recibiendo 1448 bytes de v1-donar.mp4","timestamp":"2015-03-02T21:04:40.146Z"}
{"level":"info","message":"Recibiendo 1448 bytes de v1-donar.mp4","timestamp":"2015-03-02T21:04:40.146Z"}
{"level":"info","message":"Recibiendo 1448 bytes de v1-donar.mp4","timestamp":"2015-03-02T21:04:40.146Z"}
{"level":"info","message":"Recibiendo 1448 bytes de v1-donar.mp4","timestamp":"2015-03-02T21:04:40.147Z"}
{"level":"info","message":"Recibiendo 1448 bytes de v1-donar.mp4","timestamp":"2015-03-02T21:04:40.147Z"}
{"level":"info","message":"Recibiendo 1448 bytes de v1-donar.mp4","timestamp":"2015-03-02T21:04:40.147Z"}
{"level":"info","message":"Recibiendo 1448 bytes de v1-donar.mp4","timestamp":"2015-03-02T21:04:40.147Z"}
{"level":"info","message":"Recibiendo 1448 bytes de v1-donar.mp4","timestamp":"2015-03-02T21:04:40.148Z"}
{"level":"info","message":"Recibiendo 1448 bytes de v1-donar.mp4","timestamp":"2015-03-02T21:04:40.152Z"}
{"level":"info","message":"Recibiendo 1448 bytes de v1-donar.mp4","timestamp":"2015-03-02T21:04:40.152Z"}
{"level":"info","message":"Recibiendo 2896 bytes de v1-donar.mp4","timestamp":"2015-03-02T21:04:40.153Z"}
{"level":"info","message":"Recibiendo 4344 bytes de v1-bh3.mp4","timestamp":"2015-03-02T21:04:40.153Z"}
{"level":"info","message":"Recibiendo 1448 bytes de v1-bh3.mp4","timestamp":"2015-03-02T21:04:40.154Z"}
{"level":"info","message":"Recibiendo 1448 bytes de v1-bh3.mp4","timestamp":"2015-03-02T21:04:40.155Z"}
{"level":"info","message":"Recibiendo 1448 bytes de v1-bh3.mp4","timestamp":"2015-03-02T21:04:40.155Z"}
{"level":"info","message":"Recibiendo 1448 bytes de v1-bh3.mp4","timestamp":"2015-03-02T21:04:40.155Z"}
{"level":"info","message":"Recibiendo 2896 bytes de v1-bh3.mp4","timestamp":"2015-03-02T21:04:40.156Z"}
{"level":"info","message":"Recibiendo 1448 bytes de v1-bh3.mp4","timestamp":"2015-03-02T21:04:40.156Z"}
{"level":"info","message":"Recibiendo 2896 bytes de v1-bh3.mp4","timestamp":"2015-03-02T21:04:40.157Z"}
{"level":"info","message":"Recibiendo 1448 bytes de v1-bh3.mp4","timestamp":"2015-03-02T21:04:40.158Z"}
{"level":"info","message":"Recibiendo 1448 bytes de v1-bh3.mp4","timestamp":"2015-03-02T21:04:40.158Z"}
{"level":"info","message":"Recibiendo 1448 bytes de v1-bh3.mp4","timestamp":"2015-03-02T21:04:40.158Z"}
{"level":"info","message":"Recibiendo 1448 bytes de v1-bh3.mp4","timestamp":"2015-03-02T21:04:40.159Z"}
{"level":"info","message":"Recibiendo 1448 bytes de v1-centrum 2.mp4","timestamp":"2015-03-02T21:04:40.165Z"}
{"level":"info","message":"Recibiendo 1448 bytes de v1-centrum 2.mp4","timestamp":"2015-03-02T21:04:40.177Z"}
{"level":"info","message":"Recibiendo 2896 bytes de v1-centrum 2.mp4","timestamp":"2015-03-02T21:04:40.178Z"}
{"level":"info","message":"Recibiendo 1448 bytes de v1-centrum 2.mp4","timestamp":"2015-03-02T21:04:40.178Z"}
{"level":"info","message":"Recibiendo 26064 bytes de v1-centrum.mp4","timestamp":"2015-03-02T21:04:40.184Z"}
