{"level":"info","message":"Recibiendo 1448 bytes de v1-centrum 2.mp4","timestamp":"2015-03-02T21:06:22.533Z"}
{"level":"info","message":"Recibiendo 2896 bytes de v1-centrum 2.mp4","timestamp":"2015-03-02T21:06:22.534Z"}
{"level":"info","message":"Recibiendo 2896 bytes de v1-eucerin.mp4","timestamp":"2015-03-02T21:06:22.534Z"}
{"level":"info","message":"Recibiendo 2896 bytes de v1-eucerin.mp4","timestamp":"2015-03-02T21:06:22.535Z"}
{"level":"info","message":"Recibiendo 1448 bytes de v1-eucerin.mp4","timestamp":"2015-03-02T21:06:22.535Z"}
{"level":"info","message":"Recibiendo 2896 bytes de v1-eucerin.mp4","timestamp":"2015-03-02T21:06:22.554Z"}
{"level":"info","message":"Recibiendo 2896 bytes de v1-eucerin.mp4","timestamp":"2015-03-02T21:06:22.555Z"}
{"level":"info","message":"Recibiendo 2896 bytes de v1-dentifix.mp4","timestamp":"2015-03-02T21:06:22.555Z"}
{"level":"info","message":"Recibiendo 1448 bytes de v1-dentifix.mp4","timestamp":"2015-03-02T21:06:22.555Z"}
{"level":"info","message":"Recibiendo 1448 bytes de v1-donar.mp4","timestamp":"2015-03-02T21:06:22.582Z"}
{"level":"info","message":"Recibiendo 1448 bytes de v1-donar.mp4","timestamp":"2015-03-02T21:06:22.582Z"}
{"level":"info","message":"Recibiendo 1448 bytes de v1-donar.mp4","timestamp":"2015-03-02T21:06:22.583Z"}
{"level":"info","message":"Recibiendo 2896 bytes de v1-lucerna.mp4","timestamp":"2015-03-02T21:06:22.583Z"}
{"level":"info","message":"Recibiendo 1448 bytes de v1-lucerna.mp4","timestamp":"2015-03-02T21:06:22.584Z"}
{"level":"info","message":"Recibiendo 1448 bytes de v1-lucerna.mp4","timestamp":"2015-03-02T21:06:22.584Z"}
{"level":"info","message":"Recibiendo 1448 bytes de v1-donar.mp4","timestamp":"2015-03-02T21:06:22.584Z"}
{"level":"info","message":"Recibiendo 1448 bytes de v1-donar.mp4","timestamp":"2015-03-02T21:06:22.585Z"}
{"level":"info","message":"Recibiendo 1448 bytes de v1-donar.mp4","timestamp":"2015-03-02T21:06:22.585Z"}
{"level":"info","message":"Recibiendo 1448 bytes de v1-donar.mp4","timestamp":"2015-03-02T21:06:22.585Z"}
{"level":"info","message":"Recibiendo 1448 bytes de v1-lucerna.mp4","timestamp":"2015-03-02T21:06:22.586Z"}
{"level":"info","message":"Recibiendo 2896 bytes de v1-lucerna.mp4","timestamp":"2015-03-02T21:06:22.586Z"}
{"level":"info","message":"Recibiendo 1448 bytes de v1-lucerna.mp4","timestamp":"2015-03-02T21:06:22.587Z"}
{"level":"info","message":"Recibiendo 1448 bytes de v1-centrum 2.mp4","timestamp":"2015-03-02T21:06:22.589Z"}
{"level":"info","message":"Recibiendo 1448 bytes de v1-centrum 2.mp4","timestamp":"2015-03-02T21:06:22.589Z"}
{"level":"info","message":"Recibiendo 1448 bytes de v1-donar.mp4","timestamp":"2015-03-02T21:06:22.590Z"}
{"level":"info","message":"Recibiendo 1448 bytes de v1-donar.mp4","timestamp":"2015-03-02T21:06:22.611Z"}
{"level":"info","message":"Recibiendo 1448 bytes de v1-donar.mp4","timestamp":"2015-03-02T21:06:22.612Z"}
{"level":"info","message":"Recibiendo 1448 bytes de v1-centrum 2.mp4","timestamp":"2015-03-02T21:06:22.612Z"}
{"level":"info","message":"Recibiendo 2896 bytes de v1-centrum 2.mp4","timestamp":"2015-03-02T21:06:22.613Z"}
{"level":"info","message":"Recibiendo 1448 bytes de v1-eucerin.mp4","timestamp":"2015-03-02T21:06:22.613Z"}
{"level":"info","message":"Recibiendo 4344 bytes de v1-eucerin.mp4","timestamp":"2015-03-02T21:06:22.614Z"}
{"level":"info","message":"Recibiendo 1448 bytes de v1-eucerin.mp4","timestamp":"2015-03-02T21:06:22.616Z"}
{"level":"info","message":"Recibiendo 1448 bytes de v1-eucerin.mp4","timestamp":"2015-03-02T21:06:22.616Z"}
{"level":"info","message":"Recibiendo 1448 bytes de v1-eucerin.mp4","timestamp":"2015-03-02T21:06:22.617Z"}
{"level":"info","message":"Recibiendo 14480 bytes de v1-dentifix.mp4","timestamp":"2015-03-02T21:06:22.632Z"}
{"level":"info","message":"Recibiendo 4344 bytes de v1-lucerna.mp4","timestamp":"2015-03-02T21:06:22.633Z"}
{"level":"info","message":"Recibiendo 1448 bytes de v1-lucerna.mp4","timestamp":"2015-03-02T21:06:22.634Z"}
{"level":"info","message":"Recibiendo 1448 bytes de v1-donar.mp4","timestamp":"2015-03-02T21:06:22.664Z"}
{"level":"info","message":"Recibiendo 1448 bytes de v1-donar.mp4","timestamp":"2015-03-02T21:06:22.664Z"}
{"level":"info","message":"Recibiendo 1448 bytes de v1-lucerna.mp4","timestamp":"2015-03-02T21:06:22.672Z"}
{"level":"info","message":"Recibiendo 1448 bytes de v1-lucerna.mp4","timestamp":"2015-03-02T21:06:22.672Z"}
{"level":"info","message":"Recibiendo 1448 bytes de v1-lucerna.mp4","timestamp":"2015-03-02T21:06:22.673Z"}
{"level":"info","message":"Recibiendo 1448 bytes de v1-lucerna.mp4","timestamp":"2015-03-02T21:06:22.673Z"}
{"level":"info","message":"Recibiendo 1448 bytes de v1-centrum 2.mp4","timestamp":"2015-03-02T21:06:22.701Z"}
{"level":"info","message":"Recibiendo 2896 bytes de v1-centrum 2.mp4","timestamp":"2015-03-02T21:06:22.702Z"}
{"level":"info","message":"Recibiendo 1448 bytes de v1-centrum 2.mp4","timestamp":"2015-03-02T21:06:22.709Z"}
{"level":"info","message":"Recibiendo 1448 bytes de v1-dentifix.mp4","timestamp":"2015-03-02T21:06:22.891Z"}
{"level":"info","message":"Recibiendo 1448 bytes de v1-dentifix.mp4","timestamp":"2015-03-02T21:06:22.915Z"}
{"level":"info","message":"Recibiendo 1448 bytes de v1-dentifix.mp4","timestamp":"2015-03-02T21:06:22.925Z"}
{"level":"info","message":"Recibiendo 1448 bytes de v1-dentifix.mp4","timestamp":"2015-03-02T21:06:22.926Z"}
{"level":"info","message":"Recibiendo 1448 bytes de v1-dentifix.mp4","timestamp":"2015-03-02T21:06:22.926Z"}
{"level":"info","message":"Recibiendo 1448 bytes de v1-lucerna.mp4","timestamp":"2015-03-02T21:06:22.926Z"}
{"level":"info","message":"Recibiendo 1448 bytes de v1-lucerna.mp4","timestamp":"2015-03-02T21:06:22.927Z"}
{"level":"info","message":"Recibiendo 1448 bytes de v1-lucerna.mp4","timestamp":"2015-03-02T21:06:22.927Z"}
{"level":"info","message":"Recibiendo 1448 bytes de v1-lucerna.mp4","timestamp":"2015-03-02T21:06:22.927Z"}
{"level":"info","message":"Recibiendo 1448 bytes de v1-lucerna.mp4","timestamp":"2015-03-02T21:06:22.947Z"}
{"level":"info","message":"Recibiendo 2896 bytes de v1-lucerna.mp4","timestamp":"2015-03-02T21:06:22.947Z"}
{"level":"info","message":"Recibiendo 1448 bytes de v1-lucerna.mp4","timestamp":"2015-03-02T21:06:22.948Z"}
{"level":"info","message":"Recibiendo 2896 bytes de v1-donar.mp4","timestamp":"2015-03-02T21:06:22.949Z"}
{"level":"info","message":"Recibiendo 1448 bytes de v1-eucerin.mp4","timestamp":"2015-03-02T21:06:22.964Z"}
{"level":"info","message":"Recibiendo 17376 bytes de v1-eucerin.mp4","timestamp":"2015-03-02T21:06:22.965Z"}
{"level":"info","message":"Recibiendo 1448 bytes de v1-dentifix.mp4","timestamp":"2015-03-02T21:06:22.965Z"}
{"level":"info","message":"Recibiendo 1448 bytes de v1-dentifix.mp4","timestamp":"2015-03-02T21:06:22.972Z"}
{"level":"info","message":"Recibiendo 1448 bytes de v1-dentifix.mp4","timestamp":"2015-03-02T21:06:22.977Z"}
{"level":"info","message":"Recibiendo 2896 bytes de v1-dentifix.mp4","timestamp":"2015-03-02T21:06:22.995Z"}
{"level":"info","message":"Recibiendo 1448 bytes de v1-dentifix.mp4","timestamp":"2015-03-02T21:06:22.996Z"}
{"level":"info","message":"Recibiendo 2896 bytes de v1-lucerna.mp4","timestamp":"2015-03-02T21:06:22.996Z"}
{"level":"info","message":"Recibiendo 1448 bytes de v1-eucerin.mp4","timestamp":"2015-03-02T21:06:23.046Z"}
{"level":"info","message":"Recibiendo 1448 bytes de v1-eucerin.mp4","timestamp":"2015-03-02T21:06:23.046Z"}
{"level":"info","message":"Recibiendo 1448 bytes de v1-eucerin.mp4","timestamp":"2015-03-02T21:06:23.046Z"}
{"level":"info","message":"Recibiendo 4344 bytes de v1-donar.mp4","timestamp":"2015-03-02T21:06:23.047Z"}
{"level":"info","message":"Recibiendo 10136 bytes de v1-donar.mp4","timestamp":"2015-03-02T21:06:23.047Z"}
{"level":"info","message":"Recibiendo 1448 bytes de v1-donar.mp4","timestamp":"2015-03-02T21:06:23.048Z"}
{"level":"info","message":"Recibiendo 1448 bytes de v1-donar.mp4","timestamp":"2015-03-02T21:06:23.048Z"}
{"level":"info","message":"Recibiendo 13032 bytes de v1-centrum 2.mp4","timestamp":"2015-03-02T21:06:23.086Z"}
{"level":"info","message":"Recibiendo 1448 bytes de v1-donar.mp4","timestamp":"2015-03-02T21:06:23.086Z"}
{"level":"info","message":"Recibiendo 1448 bytes de v1-eucerin.mp4","timestamp":"2015-03-02T21:06:23.087Z"}
{"level":"info","message":"Recibiendo 1448 bytes de v1-centrum 2.mp4","timestamp":"2015-03-02T21:06:23.087Z"}
{"level":"info","message":"Recibiendo 1448 bytes de v1-centrum 2.mp4","timestamp":"2015-03-02T21:06:23.087Z"}
{"level":"info","message":"Recibiendo 1448 bytes de v1-eucerin.mp4","timestamp":"2015-03-02T21:06:23.088Z"}
{"level":"info","message":"Recibiendo 1448 bytes de v1-eucerin.mp4","timestamp":"2015-03-02T21:06:23.088Z"}
{"level":"info","message":"Recibiendo 1448 bytes de v1-eucerin.mp4","timestamp":"2015-03-02T21:06:23.102Z"}
{"level":"info","message":"Recibiendo 1448 bytes de v1-dentifix.mp4","timestamp":"2015-03-02T21:06:23.116Z"}
{"level":"info","message":"Recibiendo 1448 bytes de v1-eucerin.mp4","timestamp":"2015-03-02T21:06:23.174Z"}
{"level":"info","message":"Recibiendo 2896 bytes de v1-eucerin.mp4","timestamp":"2015-03-02T21:06:23.175Z"}
{"level":"info","message":"Recibiendo 1448 bytes de v1-eucerin.mp4","timestamp":"2015-03-02T21:06:23.176Z"}
{"level":"info","message":"Recibiendo 18824 bytes de v1-lucerna.mp4","timestamp":"2015-03-02T21:06:23.255Z"}
{"level":"info","message":"Recibiendo 1448 bytes de v1-lucerna.mp4","timestamp":"2015-03-02T21:06:23.255Z"}
{"level":"info","message":"Recibiendo 2896 bytes de v1-centrum 2.mp4","timestamp":"2015-03-02T21:06:23.256Z"}
{"level":"info","message":"Recibiendo 1448 bytes de v1-eucerin.mp4","timestamp":"2015-03-02T21:06:23.256Z"}
{"level":"info","message":"Recibiendo 1448 bytes de v1-centrum 2.mp4","timestamp":"2015-03-02T21:06:23.257Z"}
{"level":"info","message":"Recibiendo 2896 bytes de v1-centrum 2.mp4","timestamp":"2015-03-02T21:06:23.257Z"}
{"level":"info","message":"Recibiendo 1448 bytes de v1-dentifix.mp4","timestamp":"2015-03-02T21:06:23.374Z"}
{"level":"info","message":"Recibiendo 1448 bytes de v1-lucerna.mp4","timestamp":"2015-03-02T21:06:23.396Z"}
{"level":"info","message":"Recibiendo 1448 bytes de v1-lucerna.mp4","timestamp":"2015-03-02T21:06:23.406Z"}
