{"level":"info","message":"Recibiendo 1448 bytes de v1-bh3.mp4","timestamp":"2015-03-02T21:05:04.525Z"}
{"level":"info","message":"Recibiendo 2896 bytes de v1-bh3.mp4","timestamp":"2015-03-02T21:05:04.525Z"}
{"level":"info","message":"Recibiendo 1448 bytes de v1-centrum.mp4","timestamp":"2015-03-02T21:05:04.526Z"}
{"level":"info","message":"Recibiendo 1448 bytes de v1-centrum.mp4","timestamp":"2015-03-02T21:05:04.526Z"}
{"level":"info","message":"Recibiendo 1448 bytes de v1-centrum.mp4","timestamp":"2015-03-02T21:05:04.526Z"}
{"level":"info","message":"Recibiendo 1448 bytes de v1-donar.mp4","timestamp":"2015-03-02T21:05:04.528Z"}
{"level":"info","message":"Recibiendo 1448 bytes de v1-donar.mp4","timestamp":"2015-03-02T21:05:04.529Z"}
{"level":"info","message":"Recibiendo 1448 bytes de v1-donar.mp4","timestamp":"2015-03-02T21:05:04.529Z"}
{"level":"info","message":"Recibiendo 1448 bytes de v1-donar.mp4","timestamp":"2015-03-02T21:05:04.529Z"}
{"level":"info","message":"Recibiendo 1448 bytes de v1-cuidate.mp4","timestamp":"2015-03-02T21:05:04.529Z"}
{"level":"info","message":"Recibiendo 1448 bytes de v1-cuidate.mp4","timestamp":"2015-03-02T21:05:04.533Z"}
{"level":"info","message":"Recibiendo 1448 bytes de v1-cuidate.mp4","timestamp":"2015-03-02T21:05:04.533Z"}
{"level":"info","message":"Recibiendo 1448 bytes de v1-cuidate.mp4","timestamp":"2015-03-02T21:05:04.535Z"}
{"level":"info","message":"Recibiendo 1448 bytes de v1-cuidate.mp4","timestamp":"2015-03-02T21:05:04.535Z"}
{"level":"info","message":"Recibiendo 1448 bytes de v1-bh3.mp4","timestamp":"2015-03-02T21:05:04.535Z"}
{"level":"info","message":"Recibiendo 1448 bytes de v1-bh3.mp4","timestamp":"2015-03-02T21:05:04.536Z"}
{"level":"info","message":"Recibiendo 1448 bytes de v1-bh3.mp4","timestamp":"2015-03-02T21:05:04.536Z"}
{"level":"info","message":"Recibiendo 1448 bytes de v1-bh3.mp4","timestamp":"2015-03-02T21:05:04.536Z"}
{"level":"info","message":"Recibiendo 1448 bytes de v1-bh3.mp4","timestamp":"2015-03-02T21:05:04.536Z"}
{"level":"info","message":"Recibiendo 1448 bytes de v1-bh3.mp4","timestamp":"2015-03-02T21:05:04.537Z"}
{"level":"info","message":"Recibiendo 1448 bytes de v1-bh3.mp4","timestamp":"2015-03-02T21:05:04.541Z"}
{"level":"info","message":"Recibiendo 1448 bytes de v1-cuidate.mp4","timestamp":"2015-03-02T21:05:04.548Z"}
{"level":"info","message":"Recibiendo 1448 bytes de v1-cuidate.mp4","timestamp":"2015-03-02T21:05:04.549Z"}
{"level":"info","message":"Recibiendo 1448 bytes de v1-cuidate.mp4","timestamp":"2015-03-02T21:05:04.549Z"}
{"level":"info","message":"Recibiendo 7240 bytes de v1-donar.mp4","timestamp":"2015-03-02T21:05:04.557Z"}
{"level":"info","message":"Recibiendo 1448 bytes de v1-centrum 2.mp4","timestamp":"2015-03-02T21:05:04.583Z"}
{"level":"info","message":"Recibiendo 2896 bytes de v1-centrum 2.mp4","timestamp":"2015-03-02T21:05:04.584Z"}
{"level":"info","message":"Recibiendo 1448 bytes de v1-bh3.mp4","timestamp":"2015-03-02T21:05:04.599Z"}
{"level":"info","message":"Recibiendo 1448 bytes de v1-bh3.mp4","timestamp":"2015-03-02T21:05:04.599Z"}
{"level":"info","message":"Recibiendo 2896 bytes de v1-bh3.mp4","timestamp":"2015-03-02T21:05:04.599Z"}
{"level":"info","message":"Recibiendo 1448 bytes de v1-centrum.mp4","timestamp":"2015-03-02T21:05:04.625Z"}
{"level":"info","message":"Recibiendo 1448 bytes de v1-centrum.mp4","timestamp":"2015-03-02T21:05:04.625Z"}
{"level":"info","message":"Recibiendo 1448 bytes de v1-centrum.mp4","timestamp":"2015-03-02T21:05:04.625Z"}
{"level":"info","message":"Recibiendo 1448 bytes de v1-centrum.mp4","timestamp":"2015-03-02T21:05:04.625Z"}
{"level":"info","message":"Recibiendo 1448 bytes de v1-centrum.mp4","timestamp":"2015-03-02T21:05:04.626Z"}
{"level":"info","message":"Recibiendo 1448 bytes de v1-centrum 2.mp4","timestamp":"2015-03-02T21:05:04.629Z"}
{"level":"info","message":"Recibiendo 2896 bytes de v1-centrum 2.mp4","timestamp":"2015-03-02T21:05:04.630Z"}
{"level":"info","message":"Recibiendo 1448 bytes de v1-centrum 2.mp4","timestamp":"2015-03-02T21:05:04.635Z"}
{"level":"info","message":"Recibiendo 1448 bytes de v1-centrum 2.mp4","timestamp":"2015-03-02T21:05:04.636Z"}
{"level":"info","message":"Recibiendo 2896 bytes de v1-centrum 2.mp4","timestamp":"2015-03-02T21:05:04.637Z"}
{"level":"info","message":"Recibiendo 5792 bytes de v1-bh3.mp4","timestamp":"2015-03-02T21:05:04.637Z"}
{"level":"info","message":"Recibiendo 1448 bytes de v1-bh3.mp4","timestamp":"2015-03-02T21:05:04.638Z"}
{"level":"info","message":"Recibiendo 2896 bytes de v1-centrum.mp4","timestamp":"2015-03-02T21:05:04.654Z"}
{"level":"info","message":"Recibiendo 1448 bytes de v1-centrum.mp4","timestamp":"2015-03-02T21:05:04.654Z"}
{"level":"info","message":"Recibiendo 1448 bytes de v1-centrum.mp4","timestamp":"2015-03-02T21:05:04.654Z"}
{"level":"info","message":"Recibiendo 2896 bytes de v1-donar.mp4","timestamp":"2015-03-02T21:05:04.668Z"}
{"level":"info","message":"Recibiendo 1448 bytes de v1-donar.mp4","timestamp":"2015-03-02T21:05:04.668Z"}
{"level":"info","message":"Recibiendo 1448 bytes de v1-cuidate.mp4","timestamp":"2015-03-02T21:05:04.689Z"}
{"level":"info","message":"Recibiendo 1448 bytes de v1-cuidate.mp4","timestamp":"2015-03-02T21:05:04.690Z"}
{"level":"info","message":"Recibiendo 1448 bytes de v1-cuidate.mp4","timestamp":"2015-03-02T21:05:04.703Z"}
{"level":"info","message":"Recibiendo 1448 bytes de v1-cuidate.mp4","timestamp":"2015-03-02T21:05:04.704Z"}
{"level":"info","message":"Recibiendo 1448 bytes de v1-cuidate.mp4","timestamp":"2015-03-02T21:05:04.704Z"}
{"level":"info","message":"Recibiendo 1448 bytes de v1-bh3.mp4","timestamp":"2015-03-02T21:05:04.705Z"}
{"level":"info","message":"Recibiendo 1448 bytes de v1-bh3.mp4","timestamp":"2015-03-02T21:05:04.706Z"}
{"level":"info","message":"Recibiendo 1448 bytes de v1-bh3.mp4","timestamp":"2015-03-02T21:05:04.706Z"}
{"level":"info","message":"Recibiendo 1448 bytes de v1-bh3.mp4","timestamp":"2015-03-02T21:05:04.706Z"}
{"level":"info","message":"Recibiendo 1448 bytes de v1-bh3.mp4","timestamp":"2015-03-02T21:05:04.706Z"}
{"level":"info","message":"Recibiendo 1448 bytes de v1-bh3.mp4","timestamp":"2015-03-02T21:05:04.708Z"}
{"level":"info","message":"Recibiendo 1448 bytes de v1-bh3.mp4","timestamp":"2015-03-02T21:05:04.709Z"}
{"level":"info","message":"Recibiendo 1448 bytes de v1-bh3.mp4","timestamp":"2015-03-02T21:05:04.709Z"}
{"level":"info","message":"Recibiendo 1448 bytes de v1-bh3.mp4","timestamp":"2015-03-02T21:05:04.709Z"}
{"level":"info","message":"Recibiendo 1448 bytes de v1-cuidate.mp4","timestamp":"2015-03-02T21:05:04.710Z"}
{"level":"info","message":"Recibiendo 1448 bytes de v1-cuidate.mp4","timestamp":"2015-03-02T21:05:04.710Z"}
{"level":"info","message":"Recibiendo 1448 bytes de v1-donar.mp4","timestamp":"2015-03-02T21:05:04.737Z"}
{"level":"info","message":"Recibiendo 1448 bytes de v1-donar.mp4","timestamp":"2015-03-02T21:05:04.747Z"}
{"level":"info","message":"Recibiendo 1448 bytes de v1-donar.mp4","timestamp":"2015-03-02T21:05:04.748Z"}
{"level":"info","message":"Recibiendo 1448 bytes de v1-donar.mp4","timestamp":"2015-03-02T21:05:04.748Z"}
{"level":"info","message":"Recibiendo 1448 bytes de v1-centrum 2.mp4","timestamp":"2015-03-02T21:05:04.748Z"}
{"level":"info","message":"Recibiendo 1448 bytes de v1-centrum 2.mp4","timestamp":"2015-03-02T21:05:04.748Z"}
{"level":"info","message":"Recibiendo 1448 bytes de v1-centrum 2.mp4","timestamp":"2015-03-02T21:05:04.749Z"}
{"level":"info","message":"Recibiendo 1448 bytes de v1-centrum 2.mp4","timestamp":"2015-03-02T21:05:04.749Z"}
{"level":"info","message":"Recibiendo 2896 bytes de v1-donar.mp4","timestamp":"2015-03-02T21:05:04.766Z"}
{"level":"info","message":"Recibiendo 1448 bytes de v1-donar.mp4","timestamp":"2015-03-02T21:05:04.769Z"}
{"level":"info","message":"Recibiendo 1448 bytes de v1-donar.mp4","timestamp":"2015-03-02T21:05:04.784Z"}
{"level":"info","message":"Recibiendo 11584 bytes de v1-bh3.mp4","timestamp":"2015-03-02T21:05:04.788Z"}
{"level":"info","message":"Recibiendo 2896 bytes de v1-centrum.mp4","timestamp":"2015-03-02T21:05:04.790Z"}
{"level":"info","message":"Recibiendo 1448 bytes de v1-centrum.mp4","timestamp":"2015-03-02T21:05:04.790Z"}
{"level":"info","message":"Recibiendo 1448 bytes de v1-centrum.mp4","timestamp":"2015-03-02T21:05:04.792Z"}
{"level":"info","message":"Recibiendo 4344 bytes de v1-centrum 2.mp4","timestamp":"2015-03-02T21:05:04.792Z"}
{"level":"info","message":"Recibiendo 5792 bytes de v1-centrum 2.mp4","timestamp":"2015-03-02T21:05:04.818Z"}
{"level":"info","message":"Recibiendo 1448 bytes de v1-bh3.mp4","timestamp":"2015-03-02T21:05:04.818Z"}
{"level":"info","message":"Recibiendo 1448 bytes de v1-bh3.mp4","timestamp":"2015-03-02T21:05:04.819Z"}
{"level":"info","message":"Recibiendo 1448 bytes de v1-bh3.mp4","timestamp":"2015-03-02T21:05:04.819Z"}
{"level":"info","message":"Recibiendo 1448 bytes de v1-bh3.mp4","timestamp":"2015-03-02T21:05:04.820Z"}
{"level":"info","message":"Recibiendo 1448 bytes de v1-bh3.mp4","timestamp":"2015-03-02T21:05:04.820Z"}
{"level":"info","message":"Recibiendo 1448 bytes de v1-centrum.mp4","timestamp":"2015-03-02T21:05:04.820Z"}
{"level":"info","message":"Recibiendo 1448 bytes de v1-centrum.mp4","timestamp":"2015-03-02T21:05:04.821Z"}
{"level":"info","message":"Recibiendo 1448 bytes de v1-centrum.mp4","timestamp":"2015-03-02T21:05:04.821Z"}
{"level":"info","message":"Recibiendo 1448 bytes de v1-centrum.mp4","timestamp":"2015-03-02T21:05:04.821Z"}
{"level":"info","message":"Recibiendo 1448 bytes de v1-bh3.mp4","timestamp":"2015-03-02T21:05:04.823Z"}
{"level":"info","message":"Recibiendo 1448 bytes de v1-bh3.mp4","timestamp":"2015-03-02T21:05:04.824Z"}
{"level":"info","message":"Recibiendo 1448 bytes de v1-bh3.mp4","timestamp":"2015-03-02T21:05:04.827Z"}
{"level":"info","message":"Recibiendo 1448 bytes de v1-cuidate.mp4","timestamp":"2015-03-02T21:05:04.838Z"}
{"level":"info","message":"Recibiendo 2896 bytes de v1-cuidate.mp4","timestamp":"2015-03-02T21:05:04.839Z"}
{"level":"info","message":"Recibiendo 1448 bytes de v1-centrum.mp4","timestamp":"2015-03-02T21:05:04.839Z"}
{"level":"info","message":"Recibiendo 1448 bytes de v1-centrum.mp4","timestamp":"2015-03-02T21:05:04.839Z"}
{"level":"info","message":"Recibiendo 1448 bytes de v1-centrum.mp4","timestamp":"2015-03-02T21:05:04.840Z"}
