{"level":"info","message":"Recibiendo 1448 bytes de v1-eucerin.mp4","timestamp":"2015-03-02T21:06:57.035Z"}
{"level":"info","message":"Recibiendo 1448 bytes de v1-sedal.mp4","timestamp":"2015-03-02T21:06:57.036Z"}
{"level":"info","message":"Recibiendo 1448 bytes de v1-sedal.mp4","timestamp":"2015-03-02T21:06:57.049Z"}
{"level":"info","message":"Recibiendo 1448 bytes de v1-sedal.mp4","timestamp":"2015-03-02T21:06:57.063Z"}
{"level":"info","message":"Recibiendo 2896 bytes de v1-nutriacademia.mp4","timestamp":"2015-03-02T21:06:57.063Z"}
{"level":"info","message":"Recibiendo 1448 bytes de v1-sedal.mp4","timestamp":"2015-03-02T21:06:57.064Z"}
{"level":"info","message":"Recibiendo 1448 bytes de v1-sedal.mp4","timestamp":"2015-03-02T21:06:57.064Z"}
{"level":"info","message":"Recibiendo 1448 bytes de v1-sedal.mp4","timestamp":"2015-03-02T21:06:57.064Z"}
{"level":"info","message":"Recibiendo 17376 bytes de v1-pharmaton.mp4","timestamp":"2015-03-02T21:06:57.066Z"}
{"level":"info","message":"Recibiendo 2896 bytes de v1-freestile-optium.mp4","timestamp":"2015-03-02T21:06:57.155Z"}
{"level":"info","message":"Recibiendo 1448 bytes de v1-eucerin.mp4","timestamp":"2015-03-02T21:06:57.161Z"}
{"level":"info","message":"Recibiendo 4344 bytes de v1-eucerin.mp4","timestamp":"2015-03-02T21:06:57.162Z"}
{"level":"info","message":"Recibiendo 2896 bytes de v1-eucerin.mp4","timestamp":"2015-03-02T21:06:57.162Z"}
{"level":"info","message":"Recibiendo 2896 bytes de v1-eucerin.mp4","timestamp":"2015-03-02T21:06:57.169Z"}
{"level":"info","message":"Recibiendo 1448 bytes de v1-eucerin.mp4","timestamp":"2015-03-02T21:06:57.170Z"}
{"level":"info","message":"Recibiendo 2896 bytes de v1-eucerin.mp4","timestamp":"2015-03-02T21:06:57.170Z"}
{"level":"info","message":"Recibiendo 1448 bytes de v1-eucerin.mp4","timestamp":"2015-03-02T21:06:57.170Z"}
{"level":"info","message":"Recibiendo 1448 bytes de v1-eucerin.mp4","timestamp":"2015-03-02T21:06:57.171Z"}
{"level":"info","message":"Recibiendo 1448 bytes de v1-nutriacademia.mp4","timestamp":"2015-03-02T21:06:57.224Z"}
{"level":"info","message":"Recibiendo 1448 bytes de v1-nutriacademia.mp4","timestamp":"2015-03-02T21:06:57.224Z"}
{"level":"info","message":"Recibiendo 1448 bytes de v1-nutriacademia.mp4","timestamp":"2015-03-02T21:06:57.225Z"}
{"level":"info","message":"Recibiendo 4344 bytes de v1-nutriacademia.mp4","timestamp":"2015-03-02T21:06:57.243Z"}
{"level":"info","message":"Recibiendo 1448 bytes de v1-nutriacademia.mp4","timestamp":"2015-03-02T21:06:57.243Z"}
{"level":"info","message":"Recibiendo 1448 bytes de v1-sedal.mp4","timestamp":"2015-03-02T21:06:57.404Z"}
{"level":"info","message":"Recibiendo 1448 bytes de v1-sedal.mp4","timestamp":"2015-03-02T21:06:57.405Z"}
{"level":"info","message":"Recibiendo 1448 bytes de v1-sedal.mp4","timestamp":"2015-03-02T21:06:57.410Z"}
{"level":"info","message":"Recibiendo 1448 bytes de v1-sedal.mp4","timestamp":"2015-03-02T21:06:57.442Z"}
{"level":"info","message":"Recibiendo 1448 bytes de v1-sedal.mp4","timestamp":"2015-03-02T21:06:57.443Z"}
{"level":"info","message":"Recibiendo 1448 bytes de v1-sedal.mp4","timestamp":"2015-03-02T21:06:57.443Z"}
{"level":"info","message":"Recibiendo 1448 bytes de v1-eucerin.mp4","timestamp":"2015-03-02T21:06:57.466Z"}
{"level":"info","message":"Recibiendo 1448 bytes de v1-eucerin.mp4","timestamp":"2015-03-02T21:06:57.466Z"}
{"level":"info","message":"Recibiendo 1448 bytes de v1-eucerin.mp4","timestamp":"2015-03-02T21:06:57.467Z"}
{"level":"info","message":"Recibiendo 1448 bytes de v1-eucerin.mp4","timestamp":"2015-03-02T21:06:57.467Z"}
{"level":"info","message":"Recibiendo 1448 bytes de v1-eucerin.mp4","timestamp":"2015-03-02T21:06:57.467Z"}
{"level":"info","message":"Recibiendo 1448 bytes de v1-eucerin.mp4","timestamp":"2015-03-02T21:06:57.468Z"}
{"level":"info","message":"Recibiendo 1448 bytes de v1-eucerin.mp4","timestamp":"2015-03-02T21:06:57.472Z"}
{"level":"info","message":"Recibiendo 1448 bytes de v1-eucerin.mp4","timestamp":"2015-03-02T21:06:57.473Z"}
{"level":"info","message":"Recibiendo 1448 bytes de v1-eucerin.mp4","timestamp":"2015-03-02T21:06:57.474Z"}
{"level":"info","message":"Recibiendo 1448 bytes de v1-eucerin.mp4","timestamp":"2015-03-02T21:06:57.474Z"}
{"level":"info","message":"Recibiendo 1448 bytes de v1-eucerin.mp4","timestamp":"2015-03-02T21:06:57.474Z"}
{"level":"info","message":"Recibiendo 1448 bytes de v1-eucerin.mp4","timestamp":"2015-03-02T21:06:57.475Z"}
{"level":"info","message":"Recibiendo 1448 bytes de v1-eucerin.mp4","timestamp":"2015-03-02T21:06:57.475Z"}
{"level":"info","message":"Recibiendo 1448 bytes de v1-nutriacademia.mp4","timestamp":"2015-03-02T21:06:57.499Z"}
{"level":"info","message":"Recibiendo 1448 bytes de v1-nutriacademia.mp4","timestamp":"2015-03-02T21:06:57.500Z"}
{"level":"info","message":"Recibiendo 1448 bytes de v1-nutriacademia.mp4","timestamp":"2015-03-02T21:06:57.500Z"}
{"level":"info","message":"Recibiendo 1448 bytes de v1-nutriacademia.mp4","timestamp":"2015-03-02T21:06:57.500Z"}
{"level":"info","message":"Recibiendo 1448 bytes de v1-nutriacademia.mp4","timestamp":"2015-03-02T21:06:57.501Z"}
{"level":"info","message":"Recibiendo 14480 bytes de v1-freestile-optium.mp4","timestamp":"2015-03-02T21:06:57.518Z"}
{"level":"info","message":"Recibiendo 1448 bytes de v1-nutriacademia.mp4","timestamp":"2015-03-02T21:06:57.518Z"}
{"level":"info","message":"Recibiendo 1448 bytes de v1-nutriacademia.mp4","timestamp":"2015-03-02T21:06:57.529Z"}
{"level":"info","message":"Recibiendo 1448 bytes de v1-nutriacademia.mp4","timestamp":"2015-03-02T21:06:57.530Z"}
{"level":"info","message":"Recibiendo 1448 bytes de v1-nutriacademia.mp4","timestamp":"2015-03-02T21:06:57.530Z"}
{"level":"info","message":"Recibiendo 1448 bytes de v1-sedal.mp4","timestamp":"2015-03-02T21:06:57.530Z"}
{"level":"info","message":"Recibiendo 1448 bytes de v1-sedal.mp4","timestamp":"2015-03-02T21:06:57.531Z"}
{"level":"info","message":"Recibiendo 1448 bytes de v1-sedal.mp4","timestamp":"2015-03-02T21:06:57.534Z"}
{"level":"info","message":"Recibiendo 2896 bytes de v1-sedal.mp4","timestamp":"2015-03-02T21:06:57.534Z"}
{"level":"info","message":"Recibiendo 1448 bytes de v1-sedal.mp4","timestamp":"2015-03-02T21:06:57.534Z"}
{"level":"info","message":"Recibiendo 13032 bytes de v1-pharmaton.mp4","timestamp":"2015-03-02T21:06:57.560Z"}
{"level":"info","message":"Recibiendo 1448 bytes de v1-pharmaton.mp4","timestamp":"2015-03-02T21:06:57.561Z"}
{"level":"info","message":"Recibiendo 1448 bytes de v1-freestile-optium.mp4","timestamp":"2015-03-02T21:06:57.600Z"}
{"level":"info","message":"Recibiendo 33304 bytes de v1-eucerin.mp4","timestamp":"2015-03-02T21:06:57.608Z"}
{"level":"info","message":"Recibiendo 1448 bytes de v1-eucerin.mp4","timestamp":"2015-03-02T21:06:57.610Z"}
{"level":"info","message":"Recibiendo 1448 bytes de v1-eucerin.mp4","timestamp":"2015-03-02T21:06:57.629Z"}
{"level":"info","message":"Recibiendo 1448 bytes de v1-pharmaton.mp4","timestamp":"2015-03-02T21:06:57.629Z"}
{"level":"info","message":"Recibiendo 2896 bytes de v1-freestile-optium.mp4","timestamp":"2015-03-02T21:06:57.629Z"}
{"level":"info","message":"Recibiendo 1448 bytes de v1-nutriacademia.mp4","timestamp":"2015-03-02T21:06:57.630Z"}
{"level":"info","message":"Recibiendo 1448 bytes de v1-nutriacademia.mp4","timestamp":"2015-03-02T21:06:57.630Z"}
{"level":"info","message":"Recibiendo 1448 bytes de v1-nutriacademia.mp4","timestamp":"2015-03-02T21:06:57.630Z"}
{"level":"info","message":"Recibiendo 1448 bytes de v1-freestile-optium.mp4","timestamp":"2015-03-02T21:06:57.631Z"}
{"level":"info","message":"Recibiendo 1448 bytes de v1-nutriacademia.mp4","timestamp":"2015-03-02T21:06:57.654Z"}
{"level":"info","message":"Recibiendo 2896 bytes de v1-nutriacademia.mp4","timestamp":"2015-03-02T21:06:57.655Z"}
{"level":"info","message":"Recibiendo 1448 bytes de v1-nutriacademia.mp4","timestamp":"2015-03-02T21:06:57.655Z"}
{"level":"info","message":"Recibiendo 1448 bytes de v1-sedal.mp4","timestamp":"2015-03-02T21:06:57.663Z"}
{"level":"info","message":"Recibiendo 1448 bytes de v1-sedal.mp4","timestamp":"2015-03-02T21:06:57.664Z"}
{"level":"info","message":"Recibiendo 1448 bytes de v1-sedal.mp4","timestamp":"2015-03-02T21:06:57.664Z"}
{"level":"info","message":"Recibiendo 1448 bytes de v1-sedal.mp4","timestamp":"2015-03-02T21:06:57.669Z"}
{"level":"info","message":"Recibiendo 1448 bytes de v1-sedal.mp4","timestamp":"2015-03-02T21:06:57.669Z"}
{"level":"info","message":"Recibiendo 1448 bytes de v1-sedal.mp4","timestamp":"2015-03-02T21:06:57.671Z"}
{"level":"info","message":"Recibiendo 1448 bytes de v1-pharmaton.mp4","timestamp":"2015-03-02T21:06:57.671Z"}
{"level":"info","message":"Recibiendo 1448 bytes de v1-pharmaton.mp4","timestamp":"2015-03-02T21:06:57.671Z"}
{"level":"info","message":"Recibiendo 1448 bytes de v1-pharmaton.mp4","timestamp":"2015-03-02T21:06:57.672Z"}
{"level":"info","message":"Recibiendo 1448 bytes de v1-pharmaton.mp4","timestamp":"2015-03-02T21:06:57.672Z"}
{"level":"info","message":"Recibiendo 1448 bytes de v1-nutriacademia.mp4","timestamp":"2015-03-02T21:06:57.674Z"}
{"level":"info","message":"Recibiendo 2896 bytes de v1-nutriacademia.mp4","timestamp":"2015-03-02T21:06:57.675Z"}
{"level":"info","message":"Recibiendo 1448 bytes de v1-eucerin.mp4","timestamp":"2015-03-02T21:06:57.683Z"}
{"level":"info","message":"Recibiendo 1448 bytes de v1-eucerin.mp4","timestamp":"2015-03-02T21:06:57.683Z"}
{"level":"info","message":"Recibiendo 1448 bytes de v1-freestile-optium.mp4","timestamp":"2015-03-02T21:06:57.687Z"}
{"level":"info","message":"Recibiendo 1448 bytes de v1-freestile-optium.mp4","timestamp":"2015-03-02T21:06:57.687Z"}
{"level":"info","message":"Recibiendo 1448 bytes de v1-eucerin.mp4","timestamp":"2015-03-02T21:06:57.688Z"}
{"level":"info","message":"Recibiendo 1448 bytes de v1-eucerin.mp4","timestamp":"2015-03-02T21:06:57.703Z"}
{"level":"info","message":"Recibiendo 1448 bytes de v1-eucerin.mp4","timestamp":"2015-03-02T21:06:57.703Z"}
{"level":"info","message":"Recibiendo 1448 bytes de v1-eucerin.mp4","timestamp":"2015-03-02T21:06:57.703Z"}
{"level":"info","message":"Recibiendo 1448 bytes de v1-eucerin.mp4","timestamp":"2015-03-02T21:06:57.704Z"}
{"level":"info","message":"Recibiendo 4344 bytes de v1-eucerin.mp4","timestamp":"2015-03-02T21:06:57.709Z"}
