{"level":"info","message":"Recibiendo 1448 bytes de v1-aerotina.mp4","timestamp":"2015-03-02T21:03:11.326Z"}
{"level":"info","message":"Recibiendo 1448 bytes de v1-aerotina.mp4","timestamp":"2015-03-02T21:03:11.326Z"}
{"level":"info","message":"Recibiendo 1448 bytes de v1-aerotina.mp4","timestamp":"2015-03-02T21:03:11.327Z"}
{"level":"info","message":"Recibiendo 1448 bytes de v1-nutricia-vital-aire.mp4","timestamp":"2015-03-02T21:03:11.329Z"}
{"level":"info","message":"Recibiendo 1448 bytes de v1-nutricia-vital-aire.mp4","timestamp":"2015-03-02T21:03:11.330Z"}
{"level":"info","message":"Recibiendo 1448 bytes de v1-nutricia-vital-aire.mp4","timestamp":"2015-03-02T21:03:11.333Z"}
{"level":"info","message":"Recibiendo 1448 bytes de v1-nutricia-vital-aire.mp4","timestamp":"2015-03-02T21:03:11.333Z"}
{"level":"info","message":"Recibiendo 1448 bytes de v1-bh1.mp4","timestamp":"2015-03-02T21:03:11.333Z"}
{"level":"info","message":"Recibiendo 1448 bytes de v1-bh1.mp4","timestamp":"2015-03-02T21:03:11.336Z"}
{"level":"info","message":"Recibiendo 1448 bytes de v1-aerotina.mp4","timestamp":"2015-03-02T21:03:11.346Z"}
{"level":"info","message":"Recibiendo 1448 bytes de v1-aerotina.mp4","timestamp":"2015-03-02T21:03:11.347Z"}
{"level":"info","message":"Recibiendo 1448 bytes de v1-aerotina.mp4","timestamp":"2015-03-02T21:03:11.347Z"}
{"level":"info","message":"Recibiendo 1448 bytes de v1-aerotina.mp4","timestamp":"2015-03-02T21:03:11.348Z"}
{"level":"info","message":"Recibiendo 1448 bytes de v1-aerotina.mp4","timestamp":"2015-03-02T21:03:11.352Z"}
{"level":"info","message":"Recibiendo 1448 bytes de v1-aerotina.mp4","timestamp":"2015-03-02T21:03:11.352Z"}
{"level":"info","message":"Recibiendo 1448 bytes de v1-aerotina.mp4","timestamp":"2015-03-02T21:03:11.352Z"}
{"level":"info","message":"Recibiendo 1448 bytes de v1-aerotina.mp4","timestamp":"2015-03-02T21:03:11.353Z"}
{"level":"info","message":"Recibiendo 1448 bytes de v1-nutricia-vital-aire.mp4","timestamp":"2015-03-02T21:03:11.354Z"}
{"level":"info","message":"Recibiendo 1448 bytes de v1-nutricia-vital-aire.mp4","timestamp":"2015-03-02T21:03:11.355Z"}
{"level":"info","message":"Recibiendo 2896 bytes de v1-nutricia-vital-aire.mp4","timestamp":"2015-03-02T21:03:11.359Z"}
{"level":"info","message":"Recibiendo 1448 bytes de v1-nutricia-vital-aire.mp4","timestamp":"2015-03-02T21:03:11.359Z"}
{"level":"info","message":"Recibiendo 13032 bytes de v1-bh1.mp4","timestamp":"2015-03-02T21:03:11.364Z"}
{"level":"info","message":"Recibiendo 1448 bytes de v1-aerotina.mp4","timestamp":"2015-03-02T21:03:11.369Z"}
{"level":"info","message":"Recibiendo 2896 bytes de v1-aerotina.mp4","timestamp":"2015-03-02T21:03:11.372Z"}
{"level":"info","message":"Recibiendo 1448 bytes de v1-aerotina.mp4","timestamp":"2015-03-02T21:03:11.373Z"}
{"level":"info","message":"Recibiendo 2896 bytes de v1-aerotina.mp4","timestamp":"2015-03-02T21:03:11.373Z"}
{"level":"info","message":"Recibiendo 1448 bytes de v1-aerotina.mp4","timestamp":"2015-03-02T21:03:11.374Z"}
{"level":"info","message":"Recibiendo 1448 bytes de v1-aerotina.mp4","timestamp":"2015-03-02T21:03:11.374Z"}
{"level":"info","message":"Recibiendo 1448 bytes de v1-aerotina.mp4","timestamp":"2015-03-02T21:03:11.374Z"}
{"level":"info","message":"Recibiendo 1448 bytes de v1-aerotina.mp4","timestamp":"2015-03-02T21:03:11.375Z"}
{"level":"info","message":"Recibiendo 1448 bytes de v1-aerotina.mp4","timestamp":"2015-03-02T21:03:11.376Z"}
{"level":"info","message":"Recibiendo 1448 bytes de v1-nutricia-vital-aire.mp4","timestamp":"2015-03-02T21:03:11.376Z"}
{"level":"info","message":"Recibiendo 1448 bytes de v1-nutricia-vital-aire.mp4","timestamp":"2015-03-02T21:03:11.377Z"}
{"level":"info","message":"Recibiendo 1448 bytes de v1-nutricia-vital-aire.mp4","timestamp":"2015-03-02T21:03:11.381Z"}
{"level":"info","message":"Recibiendo 2896 bytes de v1-nutricia-vital-aire.mp4","timestamp":"2015-03-02T21:03:11.382Z"}
{"level":"info","message":"Recibiendo 1448 bytes de v1-nutricia-vital-aire.mp4","timestamp":"2015-03-02T21:03:11.382Z"}
{"level":"info","message":"Recibiendo 1448 bytes de v1-bh1.mp4","timestamp":"2015-03-02T21:03:11.384Z"}
{"level":"info","message":"Recibiendo 1448 bytes de v1-bh1.mp4","timestamp":"2015-03-02T21:03:11.388Z"}
{"level":"info","message":"Recibiendo 1448 bytes de v1-bh1.mp4","timestamp":"2015-03-02T21:03:11.389Z"}
{"level":"info","message":"Recibiendo 1448 bytes de v1-bh1.mp4","timestamp":"2015-03-02T21:03:11.389Z"}
{"level":"info","message":"Recibiendo 1448 bytes de v1-aerotina.mp4","timestamp":"2015-03-02T21:03:11.389Z"}
{"level":"info","message":"Recibiendo 2896 bytes de v1-aerotina.mp4","timestamp":"2015-03-02T21:03:11.390Z"}
{"level":"info","message":"Recibiendo 1448 bytes de v1-aerotina.mp4","timestamp":"2015-03-02T21:03:11.395Z"}
{"level":"info","message":"Recibiendo 2896 bytes de v1-aerotina.mp4","timestamp":"2015-03-02T21:03:11.396Z"}
{"level":"info","message":"Recibiendo 2896 bytes de v1-aerotina.mp4","timestamp":"2015-03-02T21:03:11.401Z"}
{"level":"info","message":"Recibiendo 1448 bytes de v1-nutricia-vital-aire.mp4","timestamp":"2015-03-02T21:03:11.406Z"}
{"level":"info","message":"Recibiendo 2896 bytes de v1-nutricia-vital-aire.mp4","timestamp":"2015-03-02T21:03:11.407Z"}
{"level":"info","message":"Recibiendo 2896 bytes de v1-nutricia-vital-aire.mp4","timestamp":"2015-03-02T21:03:11.409Z"}
{"level":"info","message":"Recibiendo 1448 bytes de v1-nutricia-vital-aire.mp4","timestamp":"2015-03-02T21:03:11.409Z"}
{"level":"info","message":"Recibiendo 2896 bytes de v1-bh1.mp4","timestamp":"2015-03-02T21:03:11.410Z"}
{"level":"info","message":"Recibiendo 1448 bytes de v1-bh1.mp4","timestamp":"2015-03-02T21:03:11.410Z"}
{"level":"info","message":"Recibiendo 1448 bytes de v1-bh1.mp4","timestamp":"2015-03-02T21:03:11.429Z"}
{"level":"info","message":"Recibiendo 1448 bytes de v1-bh1.mp4","timestamp":"2015-03-02T21:03:11.430Z"}
{"level":"info","message":"Recibiendo 1448 bytes de v1-bh1.mp4","timestamp":"2015-03-02T21:03:11.430Z"}
{"level":"info","message":"Recibiendo 2896 bytes de v1-aerotina.mp4","timestamp":"2015-03-02T21:03:11.430Z"}
{"level":"info","message":"Recibiendo 1448 bytes de v1-aerotina.mp4","timestamp":"2015-03-02T21:03:11.431Z"}
{"level":"info","message":"Recibiendo 1448 bytes de v1-aerotina.mp4","timestamp":"2015-03-02T21:03:11.431Z"}
{"level":"info","message":"Recibiendo 2896 bytes de v1-aerotina.mp4","timestamp":"2015-03-02T21:03:11.446Z"}
{"level":"info","message":"Recibiendo 2896 bytes de v1-aerotina.mp4","timestamp":"2015-03-02T21:03:11.446Z"}
{"level":"info","message":"Recibiendo 1448 bytes de v1-nutricia-vital-aire.mp4","timestamp":"2015-03-02T21:03:11.448Z"}
{"level":"info","message":"Recibiendo 1448 bytes de v1-nutricia-vital-aire.mp4","timestamp":"2015-03-02T21:03:11.449Z"}
{"level":"info","message":"Recibiendo 1448 bytes de v1-nutricia-vital-aire.mp4","timestamp":"2015-03-02T21:03:11.449Z"}
{"level":"info","message":"Recibiendo 2896 bytes de v1-nutricia-vital-aire.mp4","timestamp":"2015-03-02T21:03:11.450Z"}
{"level":"info","message":"Recibiendo 1448 bytes de v1-nutricia-vital-aire.mp4","timestamp":"2015-03-02T21:03:11.450Z"}
{"level":"info","message":"Recibiendo 2896 bytes de v1-bh1.mp4","timestamp":"2015-03-02T21:03:11.453Z"}
{"level":"info","message":"Recibiendo 1448 bytes de v1-bh1.mp4","timestamp":"2015-03-02T21:03:11.455Z"}
{"level":"info","message":"Recibiendo 1448 bytes de v1-bh1.mp4","timestamp":"2015-03-02T21:03:11.457Z"}
{"level":"info","message":"Recibiendo 2896 bytes de v1-bh1.mp4","timestamp":"2015-03-02T21:03:11.457Z"}
{"level":"info","message":"Recibiendo 1448 bytes de v1-aerotina.mp4","timestamp":"2015-03-02T21:03:11.458Z"}
{"level":"info","message":"Recibiendo 1448 bytes de v1-aerotina.mp4","timestamp":"2015-03-02T21:03:11.459Z"}
{"level":"info","message":"Recibiendo 1448 bytes de v1-aerotina.mp4","timestamp":"2015-03-02T21:03:11.459Z"}
{"level":"info","message":"Recibiendo 1448 bytes de v1-aerotina.mp4","timestamp":"2015-03-02T21:03:11.460Z"}
{"level":"info","message":"Recibiendo 1448 bytes de v1-aerotina.mp4","timestamp":"2015-03-02T21:03:11.463Z"}
{"level":"info","message":"Recibiendo 2896 bytes de v1-aerotina.mp4","timestamp":"2015-03-02T21:03:11.463Z"}
{"level":"info","message":"Recibiendo 1448 bytes de v1-aerotina.mp4","timestamp":"2015-03-02T21:03:11.464Z"}
{"level":"info","message":"Recibiendo 1448 bytes de v1-nutricia-vital-aire.mp4","timestamp":"2015-03-02T21:03:11.464Z"}
{"level":"info","message":"Recibiendo 2896 bytes de v1-nutricia-vital-aire.mp4","timestamp":"2015-03-02T21:03:11.465Z"}
{"level":"info","message":"Recibiendo 1448 bytes de v1-nutricia-vital-aire.mp4","timestamp":"2015-03-02T21:03:11.465Z"}
{"level":"info","message":"Recibiendo 1448 bytes de v1-nutricia-vital-aire.mp4","timestamp":"2015-03-02T21:03:11.470Z"}
{"level":"info","message":"Recibiendo 1448 bytes de v1-nutricia-vital-aire.mp4","timestamp":"2015-03-02T21:03:11.470Z"}
{"level":"info","message":"Recibiendo 1448 bytes de v1-bh1.mp4","timestamp":"2015-03-02T21:03:11.472Z"}
{"level":"info","message":"Recibiendo 1448 bytes de v1-bh1.mp4","timestamp":"2015-03-02T21:03:11.473Z"}
{"level":"info","message":"Recibiendo 2896 bytes de v1-bh1.mp4","timestamp":"2015-03-02T21:03:11.473Z"}
{"level":"info","message":"Recibiendo 1448 bytes de v1-bh1.mp4","timestamp":"2015-03-02T21:03:11.474Z"}
{"level":"info","message":"Recibiendo 1448 bytes de v1-bh1.mp4","timestamp":"2015-03-02T21:03:11.475Z"}
{"level":"info","message":"Recibiendo 1448 bytes de v1-aerotina.mp4","timestamp":"2015-03-02T21:03:11.476Z"}
{"level":"info","message":"Recibiendo 1448 bytes de v1-aerotina.mp4","timestamp":"2015-03-02T21:03:11.477Z"}
{"level":"info","message":"Recibiendo 2896 bytes de v1-aerotina.mp4","timestamp":"2015-03-02T21:03:11.477Z"}
{"level":"info","message":"Recibiendo 1448 bytes de v1-nutricia-vital-aire.mp4","timestamp":"2015-03-02T21:03:11.487Z"}
{"level":"info","message":"Recibiendo 1448 bytes de v1-nutricia-vital-aire.mp4","timestamp":"2015-03-02T21:03:11.487Z"}
{"level":"info","message":"Recibiendo 1448 bytes de v1-nutricia-vital-aire.mp4","timestamp":"2015-03-02T21:03:11.493Z"}
{"level":"info","message":"Iniciando el modulo de pautas...","timestamp":"2015-03-02T21:03:11.341Z"}
{"level":"info","message":"Conectando a base dedatos...: ","timestamp":"2015-03-02T21:03:11.354Z"}
{"level":"info","message":"Esperando mensajes en: /home/juli/Zetti/zTurnosServerWorkspace/xml-endpoint/input/","timestamp":"2015-03-02T21:03:11.484Z"}
{"level":"info","message":"Escribiendo salida en: /home/juli/Zetti/zTurnosServerWorkspace/xml-endpoint/output/","timestamp":"2015-03-02T21:03:11.485Z"}
{"level":"info","message":"Recibiendo 1448 bytes de v1-nutricia-vital-aire.mp4","timestamp":"2015-03-02T21:03:11.504Z"}
