{"level":"info","message":"Recibiendo 2896 bytes de v1-sedal.mp4","timestamp":"2015-03-02T21:07:27.961Z"}
{"level":"info","message":"Recibiendo 1448 bytes de v1-sedal.mp4","timestamp":"2015-03-02T21:07:27.962Z"}
{"level":"info","message":"Recibiendo 2896 bytes de v1-eucerin.mp4","timestamp":"2015-03-02T21:07:27.963Z"}
{"level":"info","message":"Recibiendo 1448 bytes de v1-eucerin.mp4","timestamp":"2015-03-02T21:07:27.964Z"}
{"level":"info","message":"Recibiendo 1448 bytes de v1-eucerin.mp4","timestamp":"2015-03-02T21:07:27.965Z"}
{"level":"info","message":"Recibiendo 1448 bytes de v1-eucerin.mp4","timestamp":"2015-03-02T21:07:27.965Z"}
{"level":"info","message":"Recibiendo 1448 bytes de v1-eucerin.mp4","timestamp":"2015-03-02T21:07:27.965Z"}
{"level":"info","message":"Recibiendo 1448 bytes de v1-eucerin.mp4","timestamp":"2015-03-02T21:07:27.966Z"}
{"level":"info","message":"Recibiendo 11584 bytes de v1-nutriacademia.mp4","timestamp":"2015-03-02T21:07:27.971Z"}
{"level":"info","message":"Recibiendo 1448 bytes de v1-sedal.mp4","timestamp":"2015-03-02T21:07:27.975Z"}
{"level":"info","message":"Recibiendo 1448 bytes de v1-sedal.mp4","timestamp":"2015-03-02T21:07:27.978Z"}
{"level":"info","message":"Recibiendo 1448 bytes de v1-sedal.mp4","timestamp":"2015-03-02T21:07:27.978Z"}
{"level":"info","message":"Recibiendo 1448 bytes de v1-sedal.mp4","timestamp":"2015-03-02T21:07:27.979Z"}
{"level":"info","message":"Recibiendo 2896 bytes de v1-pharmaton.mp4","timestamp":"2015-03-02T21:07:27.979Z"}
{"level":"info","message":"Recibiendo 2896 bytes de v1-pharmaton.mp4","timestamp":"2015-03-02T21:07:28.004Z"}
{"level":"info","message":"Recibiendo 1448 bytes de v1-pharmaton.mp4","timestamp":"2015-03-02T21:07:28.014Z"}
{"level":"info","message":"Recibiendo 1448 bytes de v1-pharmaton.mp4","timestamp":"2015-03-02T21:07:28.023Z"}
{"level":"info","message":"Recibiendo 11584 bytes de v1-freestile-optium.mp4","timestamp":"2015-03-02T21:07:28.030Z"}
{"level":"info","message":"Recibiendo 1448 bytes de v1-nutriacademia.mp4","timestamp":"2015-03-02T21:07:28.036Z"}
{"level":"info","message":"Recibiendo 1448 bytes de v1-freestile-optium.mp4","timestamp":"2015-03-02T21:07:28.037Z"}
{"level":"info","message":"Recibiendo 2896 bytes de v1-sedal.mp4","timestamp":"2015-03-02T21:07:28.043Z"}
{"level":"info","message":"Recibiendo 1448 bytes de v1-nutriacademia.mp4","timestamp":"2015-03-02T21:07:28.185Z"}
{"level":"info","message":"Recibiendo 1448 bytes de v1-nutriacademia.mp4","timestamp":"2015-03-02T21:07:28.185Z"}
{"level":"info","message":"Recibiendo 1448 bytes de v1-freestile-optium.mp4","timestamp":"2015-03-02T21:07:28.212Z"}
{"level":"info","message":"Recibiendo 2896 bytes de v1-sedal.mp4","timestamp":"2015-03-02T21:07:28.212Z"}
{"level":"info","message":"Recibiendo 1448 bytes de v1-sedal.mp4","timestamp":"2015-03-02T21:07:28.213Z"}
{"level":"info","message":"Recibiendo 1448 bytes de v1-sedal.mp4","timestamp":"2015-03-02T21:07:28.213Z"}
{"level":"info","message":"Recibiendo 1448 bytes de v1-pharmaton.mp4","timestamp":"2015-03-02T21:07:28.221Z"}
{"level":"info","message":"Recibiendo 1448 bytes de v1-pharmaton.mp4","timestamp":"2015-03-02T21:07:28.222Z"}
{"level":"info","message":"Recibiendo 1448 bytes de v1-pharmaton.mp4","timestamp":"2015-03-02T21:07:28.223Z"}
{"level":"info","message":"Recibiendo 1448 bytes de v1-pharmaton.mp4","timestamp":"2015-03-02T21:07:28.224Z"}
{"level":"info","message":"Recibiendo 1448 bytes de v1-pharmaton.mp4","timestamp":"2015-03-02T21:07:28.225Z"}
{"level":"info","message":"Recibiendo 1448 bytes de v1-pharmaton.mp4","timestamp":"2015-03-02T21:07:28.225Z"}
{"level":"info","message":"Recibiendo 1448 bytes de v1-pharmaton.mp4","timestamp":"2015-03-02T21:07:28.225Z"}
{"level":"info","message":"Recibiendo 1448 bytes de v1-freestile-optium.mp4","timestamp":"2015-03-02T21:07:28.227Z"}
{"level":"info","message":"Recibiendo 1448 bytes de v1-freestile-optium.mp4","timestamp":"2015-03-02T21:07:28.229Z"}
{"level":"info","message":"Recibiendo 1448 bytes de v1-freestile-optium.mp4","timestamp":"2015-03-02T21:07:28.230Z"}
{"level":"info","message":"Recibiendo 1448 bytes de v1-freestile-optium.mp4","timestamp":"2015-03-02T21:07:28.231Z"}
{"level":"info","message":"Recibiendo 1448 bytes de v1-sedal.mp4","timestamp":"2015-03-02T21:07:28.238Z"}
{"level":"info","message":"Recibiendo 1448 bytes de v1-sedal.mp4","timestamp":"2015-03-02T21:07:28.238Z"}
{"level":"info","message":"Recibiendo 1448 bytes de v1-sedal.mp4","timestamp":"2015-03-02T21:07:28.241Z"}
{"level":"info","message":"Recibiendo 1448 bytes de v1-sedal.mp4","timestamp":"2015-03-02T21:07:28.243Z"}
{"level":"info","message":"Recibiendo 15928 bytes de v1-eucerin.mp4","timestamp":"2015-03-02T21:07:28.249Z"}
{"level":"info","message":"Recibiendo 1448 bytes de v1-eucerin.mp4","timestamp":"2015-03-02T21:07:28.249Z"}
{"level":"info","message":"Recibiendo 1448 bytes de v1-freestile-optium.mp4","timestamp":"2015-03-02T21:07:28.268Z"}
{"level":"info","message":"Recibiendo 4344 bytes de v1-sedal.mp4","timestamp":"2015-03-02T21:07:28.268Z"}
{"level":"info","message":"Recibiendo 1448 bytes de v1-eucerin.mp4","timestamp":"2015-03-02T21:07:28.272Z"}
{"level":"info","message":"Recibiendo 1448 bytes de v1-eucerin.mp4","timestamp":"2015-03-02T21:07:28.273Z"}
{"level":"info","message":"Recibiendo 1448 bytes de v1-freestile-optium.mp4","timestamp":"2015-03-02T21:07:28.298Z"}
{"level":"info","message":"Recibiendo 1448 bytes de v1-freestile-optium.mp4","timestamp":"2015-03-02T21:07:28.299Z"}
{"level":"info","message":"Recibiendo 1448 bytes de v1-freestile-optium.mp4","timestamp":"2015-03-02T21:07:28.316Z"}
{"level":"info","message":"Recibiendo 1448 bytes de v1-freestile-optium.mp4","timestamp":"2015-03-02T21:07:28.317Z"}
{"level":"info","message":"Recibiendo 1448 bytes de v1-sedal.mp4","timestamp":"2015-03-02T21:07:28.325Z"}
{"level":"info","message":"Recibiendo 1448 bytes de v1-sedal.mp4","timestamp":"2015-03-02T21:07:28.325Z"}
{"level":"info","message":"Recibiendo 1448 bytes de v1-sedal.mp4","timestamp":"2015-03-02T21:07:28.325Z"}
{"level":"info","message":"Recibiendo 1448 bytes de v1-sedal.mp4","timestamp":"2015-03-02T21:07:28.326Z"}
{"level":"info","message":"Recibiendo 1448 bytes de v1-eucerin.mp4","timestamp":"2015-03-02T21:07:28.329Z"}
{"level":"info","message":"Recibiendo 1448 bytes de v1-eucerin.mp4","timestamp":"2015-03-02T21:07:28.330Z"}
{"level":"info","message":"Recibiendo 1448 bytes de v1-eucerin.mp4","timestamp":"2015-03-02T21:07:28.434Z"}
{"level":"info","message":"Recibiendo 10136 bytes de v1-nutriacademia.mp4","timestamp":"2015-03-02T21:07:28.467Z"}
{"level":"info","message":"Recibiendo 1448 bytes de v1-freestile-optium.mp4","timestamp":"2015-03-02T21:07:28.476Z"}
{"level":"info","message":"Recibiendo 1448 bytes de v1-freestile-optium.mp4","timestamp":"2015-03-02T21:07:28.480Z"}
{"level":"info","message":"Recibiendo 1448 bytes de v1-sedal.mp4","timestamp":"2015-03-02T21:07:28.480Z"}
{"level":"info","message":"Recibiendo 1448 bytes de v1-sedal.mp4","timestamp":"2015-03-02T21:07:28.480Z"}
{"level":"info","message":"Recibiendo 1448 bytes de v1-sedal.mp4","timestamp":"2015-03-02T21:07:28.481Z"}
{"level":"info","message":"Recibiendo 1448 bytes de v1-sedal.mp4","timestamp":"2015-03-02T21:07:28.481Z"}
{"level":"info","message":"Recibiendo 13032 bytes de v1-pharmaton.mp4","timestamp":"2015-03-02T21:07:28.488Z"}
{"level":"info","message":"Recibiendo 1448 bytes de v1-freestile-optium.mp4","timestamp":"2015-03-02T21:07:28.493Z"}
{"level":"info","message":"Recibiendo 1448 bytes de v1-freestile-optium.mp4","timestamp":"2015-03-02T21:07:28.494Z"}
{"level":"info","message":"Recibiendo 1448 bytes de v1-nutriacademia.mp4","timestamp":"2015-03-02T21:07:28.498Z"}
{"level":"info","message":"Recibiendo 1448 bytes de v1-nutriacademia.mp4","timestamp":"2015-03-02T21:07:28.505Z"}
{"level":"info","message":"Recibiendo 1448 bytes de v1-freestile-optium.mp4","timestamp":"2015-03-02T21:07:28.510Z"}
{"level":"info","message":"Recibiendo 1448 bytes de v1-freestile-optium.mp4","timestamp":"2015-03-02T21:07:28.511Z"}
{"level":"info","message":"Recibiendo 1448 bytes de v1-sedal.mp4","timestamp":"2015-03-02T21:07:28.511Z"}
{"level":"info","message":"Recibiendo 1448 bytes de v1-sedal.mp4","timestamp":"2015-03-02T21:07:28.512Z"}
{"level":"info","message":"Recibiendo 1448 bytes de v1-sedal.mp4","timestamp":"2015-03-02T21:07:28.516Z"}
{"level":"info","message":"Recibiendo 1448 bytes de v1-nutriacademia.mp4","timestamp":"2015-03-02T21:07:28.551Z"}
{"level":"info","message":"Recibiendo 1448 bytes de v1-pharmaton.mp4","timestamp":"2015-03-02T21:07:28.561Z"}
{"level":"info","message":"Recibiendo 2896 bytes de v1-freestile-optium.mp4","timestamp":"2015-03-02T21:07:28.570Z"}
{"level":"info","message":"Recibiendo 1448 bytes de v1-sedal.mp4","timestamp":"2015-03-02T21:07:28.571Z"}
{"level":"info","message":"Recibiendo 1448 bytes de v1-sedal.mp4","timestamp":"2015-03-02T21:07:28.572Z"}
{"level":"info","message":"Recibiendo 1448 bytes de v1-sedal.mp4","timestamp":"2015-03-02T21:07:28.598Z"}
{"level":"info","message":"Recibiendo 1448 bytes de v1-sedal.mp4","timestamp":"2015-03-02T21:07:28.599Z"}
{"level":"info","message":"Recibiendo 14480 bytes de v1-eucerin.mp4","timestamp":"2015-03-02T21:07:28.600Z"}
{"level":"info","message":"Recibiendo 2896 bytes de v1-pharmaton.mp4","timestamp":"2015-03-02T21:07:28.600Z"}
{"level":"info","message":"Recibiendo 1448 bytes de v1-pharmaton.mp4","timestamp":"2015-03-02T21:07:28.628Z"}
{"level":"info","message":"Recibiendo 2896 bytes de v1-nutriacademia.mp4","timestamp":"2015-03-02T21:07:28.638Z"}
{"level":"info","message":"Recibiendo 1448 bytes de v1-nutriacademia.mp4","timestamp":"2015-03-02T21:07:28.638Z"}
{"level":"info","message":"Recibiendo 2896 bytes de v1-freestile-optium.mp4","timestamp":"2015-03-02T21:07:28.639Z"}
{"level":"info","message":"Recibiendo 1448 bytes de v1-freestile-optium.mp4","timestamp":"2015-03-02T21:07:28.639Z"}
{"level":"info","message":"Recibiendo 1448 bytes de v1-sedal.mp4","timestamp":"2015-03-02T21:07:28.640Z"}
{"level":"info","message":"Recibiendo 1448 bytes de v1-sedal.mp4","timestamp":"2015-03-02T21:07:28.640Z"}
{"level":"info","message":"Recibiendo 2896 bytes de v1-eucerin.mp4","timestamp":"2015-03-02T21:07:28.661Z"}
